<?xml version="1.0" encoding="UTF-8"?>
<testsuite xmlns:xsi="http://www.w3.org/2001/XMLSchema-instance" xsi:noNamespaceSchemaLocation="https://maven.apache.org/surefire/maven-surefire-plugin/xsd/surefire-test-report-3.0.xsd" version="3.0" name="TestSuite" time="122.167" tests="3" errors="0" skipped="0" failures="0">
  <properties>
    <property name="sun.desktop" value="windows"/>
    <property name="awt.toolkit" value="sun.awt.windows.WToolkit"/>
    <property name="file.encoding.pkg" value="sun.io"/>
    <property name="java.specification.version" value="1.8"/>
    <property name="sun.cpu.isalist" value="amd64"/>
    <property name="sun.jnu.encoding" value="Cp1252"/>
    <property name="java.class.path" value="C:\Users\graeme_churchman\eclipse-workspace\AppiumFramework\target\test-classes;C:\Users\graeme_churchman\eclipse-workspace\AppiumFramework\target\classes;C:\Users\graeme_churchman\.m2\repository\junit\junit\3.8.1\junit-3.8.1.jar;C:\Users\graeme_churchman\.m2\repository\org\seleniumhq\selenium\selenium-java\3.141.59\selenium-java-3.141.59.jar;C:\Users\graeme_churchman\.m2\repository\org\seleniumhq\selenium\selenium-api\3.141.59\selenium-api-3.141.59.jar;C:\Users\graeme_churchman\.m2\repository\org\seleniumhq\selenium\selenium-chrome-driver\3.141.59\selenium-chrome-driver-3.141.59.jar;C:\Users\graeme_churchman\.m2\repository\org\seleniumhq\selenium\selenium-edge-driver\3.141.59\selenium-edge-driver-3.141.59.jar;C:\Users\graeme_churchman\.m2\repository\org\seleniumhq\selenium\selenium-firefox-driver\3.141.59\selenium-firefox-driver-3.141.59.jar;C:\Users\graeme_churchman\.m2\repository\org\seleniumhq\selenium\selenium-ie-driver\3.141.59\selenium-ie-driver-3.141.59.jar;C:\Users\graeme_churchman\.m2\repository\org\seleniumhq\selenium\selenium-opera-driver\3.141.59\selenium-opera-driver-3.141.59.jar;C:\Users\graeme_churchman\.m2\repository\org\seleniumhq\selenium\selenium-remote-driver\3.141.59\selenium-remote-driver-3.141.59.jar;C:\Users\graeme_churchman\.m2\repository\org\seleniumhq\selenium\selenium-safari-driver\3.141.59\selenium-safari-driver-3.141.59.jar;C:\Users\graeme_churchman\.m2\repository\org\seleniumhq\selenium\selenium-support\3.141.59\selenium-support-3.141.59.jar;C:\Users\graeme_churchman\.m2\repository\net\bytebuddy\byte-buddy\1.8.15\byte-buddy-1.8.15.jar;C:\Users\graeme_churchman\.m2\repository\org\apache\commons\commons-exec\1.3\commons-exec-1.3.jar;C:\Users\graeme_churchman\.m2\repository\com\google\guava\guava\25.0-jre\guava-25.0-jre.jar;C:\Users\graeme_churchman\.m2\repository\com\google\code\findbugs\jsr305\1.3.9\jsr305-1.3.9.jar;C:\Users\graeme_churchman\.m2\repository\org\checkerframework\checker-compat-qual\2.0.0\checker-compat-qual-2.0.0.jar;C:\Users\graeme_churchman\.m2\repository\com\google\errorprone\error_prone_annotations\2.1.3\error_prone_annotations-2.1.3.jar;C:\Users\graeme_churchman\.m2\repository\com\google\j2objc\j2objc-annotations\1.1\j2objc-annotations-1.1.jar;C:\Users\graeme_churchman\.m2\repository\org\codehaus\mojo\animal-sniffer-annotations\1.14\animal-sniffer-annotations-1.14.jar;C:\Users\graeme_churchman\.m2\repository\com\squareup\okhttp3\okhttp\3.11.0\okhttp-3.11.0.jar;C:\Users\graeme_churchman\.m2\repository\com\squareup\okio\okio\1.14.0\okio-1.14.0.jar;C:\Users\graeme_churchman\.m2\repository\io\appium\java-client\7.4.1\java-client-7.4.1.jar;C:\Users\graeme_churchman\.m2\repository\com\google\code\gson\gson\2.8.6\gson-2.8.6.jar;C:\Users\graeme_churchman\.m2\repository\org\apache\httpcomponents\httpclient\4.5.13\httpclient-4.5.13.jar;C:\Users\graeme_churchman\.m2\repository\org\apache\httpcomponents\httpcore\4.4.13\httpcore-4.4.13.jar;C:\Users\graeme_churchman\.m2\repository\commons-codec\commons-codec\1.11\commons-codec-1.11.jar;C:\Users\graeme_churchman\.m2\repository\cglib\cglib\3.3.0\cglib-3.3.0.jar;C:\Users\graeme_churchman\.m2\repository\org\ow2\asm\asm\7.1\asm-7.1.jar;C:\Users\graeme_churchman\.m2\repository\org\springframework\spring-context\5.3.1\spring-context-5.3.1.jar;C:\Users\graeme_churchman\.m2\repository\org\springframework\spring-aop\5.3.1\spring-aop-5.3.1.jar;C:\Users\graeme_churchman\.m2\repository\org\springframework\spring-beans\5.3.1\spring-beans-5.3.1.jar;C:\Users\graeme_churchman\.m2\repository\org\springframework\spring-core\5.3.1\spring-core-5.3.1.jar;C:\Users\graeme_churchman\.m2\repository\org\springframework\spring-jcl\5.3.1\spring-jcl-5.3.1.jar;C:\Users\graeme_churchman\.m2\repository\org\springframework\spring-expression\5.3.1\spring-expression-5.3.1.jar;C:\Users\graeme_churchman\.m2\repository\org\aspectj\aspectjweaver\1.9.6\aspectjweaver-1.9.6.jar;C:\Users\graeme_churchman\.m2\repository\com\aventstack\extentreports\4.0.0\extentreports-4.0.0.jar;C:\Users\graeme_churchman\.m2\repository\org\freemarker\freemarker\2.3.23\freemarker-2.3.23.jar;C:\Users\graeme_churchman\.m2\repository\org\mongodb\mongodb-driver\3.3.0\mongodb-driver-3.3.0.jar;C:\Users\graeme_churchman\.m2\repository\org\mongodb\mongodb-driver-core\3.3.0\mongodb-driver-core-3.3.0.jar;C:\Users\graeme_churchman\.m2\repository\org\mongodb\bson\3.3.0\bson-3.3.0.jar;C:\Users\graeme_churchman\.m2\repository\org\apache\httpcomponents\httpmime\4.5.2\httpmime-4.5.2.jar;C:\Users\graeme_churchman\.m2\repository\org\slf4j\slf4j-simple\1.7.30\slf4j-simple-1.7.30.jar;C:\Users\graeme_churchman\.m2\repository\org\slf4j\slf4j-api\1.7.30\slf4j-api-1.7.30.jar;C:\Users\graeme_churchman\.m2\repository\org\apache\commons\commons-lang3\3.11\commons-lang3-3.11.jar;C:\Users\graeme_churchman\.m2\repository\commons-io\commons-io\2.8.0\commons-io-2.8.0.jar;C:\Users\graeme_churchman\.m2\repository\commons-validator\commons-validator\1.7\commons-validator-1.7.jar;C:\Users\graeme_churchman\.m2\repository\commons-beanutils\commons-beanutils\1.9.4\commons-beanutils-1.9.4.jar;C:\Users\graeme_churchman\.m2\repository\commons-digester\commons-digester\2.1\commons-digester-2.1.jar;C:\Users\graeme_churchman\.m2\repository\commons-logging\commons-logging\1.2\commons-logging-1.2.jar;C:\Users\graeme_churchman\.m2\repository\commons-collections\commons-collections\3.2.2\commons-collections-3.2.2.jar;C:\Users\graeme_churchman\.m2\repository\org\testng\testng\7.3.0\testng-7.3.0.jar;C:\Users\graeme_churchman\.m2\repository\com\beust\jcommander\1.78\jcommander-1.78.jar;C:\Users\graeme_churchman\.m2\repository\org\apache\ant\ant\1.10.3\ant-1.10.3.jar;C:\Users\graeme_churchman\.m2\repository\org\apache\ant\ant-launcher\1.10.3\ant-launcher-1.10.3.jar;C:\Users\graeme_churchman\.m2\repository\com\google\inject\guice\4.2.2\guice-4.2.2-no_aop.jar;C:\Users\graeme_churchman\.m2\repository\javax\inject\javax.inject\1\javax.inject-1.jar;C:\Users\graeme_churchman\.m2\repository\aopalliance\aopalliance\1.0\aopalliance-1.0.jar;C:\Users\graeme_churchman\.m2\repository\org\yaml\snakeyaml\1.21\snakeyaml-1.21.jar;"/>
    <property name="java.vm.vendor" value="Oracle Corporation"/>
    <property name="deviceName" value="GraemeEmulator"/>
    <property name="sun.arch.data.model" value="64"/>
    <property name="user.variant" value=""/>
    <property name="java.vendor.url" value="http://java.oracle.com/"/>
    <property name="user.timezone" value="Europe/London"/>
    <property name="java.vm.specification.version" value="1.8"/>
    <property name="os.name" value="Windows 10"/>
    <property name="user.country" value="GB"/>
    <property name="sun.java.launcher" value="SUN_STANDARD"/>
    <property name="sun.boot.library.path" value="C:\Program Files\Java\jdk1.8.0_191\jre\bin"/>
    <property name="sun.java.command" value="C:\Users\graeme_churchman\AppData\Local\Temp\surefire4682280087646056227\surefirebooter6837209833259864793.jar C:\Users\graeme_churchman\AppData\Local\Temp\surefire4682280087646056227 2021-01-14T16-44-04_507-jvmRun1 surefire3081502490996371638tmp surefire_07037596396436553412tmp"/>
    <property name="surefire.test.class.path" value="C:\Users\graeme_churchman\eclipse-workspace\AppiumFramework\target\test-classes;C:\Users\graeme_churchman\eclipse-workspace\AppiumFramework\target\classes;C:\Users\graeme_churchman\.m2\repository\junit\junit\3.8.1\junit-3.8.1.jar;C:\Users\graeme_churchman\.m2\repository\org\seleniumhq\selenium\selenium-java\3.141.59\selenium-java-3.141.59.jar;C:\Users\graeme_churchman\.m2\repository\org\seleniumhq\selenium\selenium-api\3.141.59\selenium-api-3.141.59.jar;C:\Users\graeme_churchman\.m2\repository\org\seleniumhq\selenium\selenium-chrome-driver\3.141.59\selenium-chrome-driver-3.141.59.jar;C:\Users\graeme_churchman\.m2\repository\org\seleniumhq\selenium\selenium-edge-driver\3.141.59\selenium-edge-driver-3.141.59.jar;C:\Users\graeme_churchman\.m2\repository\org\seleniumhq\selenium\selenium-firefox-driver\3.141.59\selenium-firefox-driver-3.141.59.jar;C:\Users\graeme_churchman\.m2\repository\org\seleniumhq\selenium\selenium-ie-driver\3.141.59\selenium-ie-driver-3.141.59.jar;C:\Users\graeme_churchman\.m2\repository\org\seleniumhq\selenium\selenium-opera-driver\3.141.59\selenium-opera-driver-3.141.59.jar;C:\Users\graeme_churchman\.m2\repository\org\seleniumhq\selenium\selenium-remote-driver\3.141.59\selenium-remote-driver-3.141.59.jar;C:\Users\graeme_churchman\.m2\repository\org\seleniumhq\selenium\selenium-safari-driver\3.141.59\selenium-safari-driver-3.141.59.jar;C:\Users\graeme_churchman\.m2\repository\org\seleniumhq\selenium\selenium-support\3.141.59\selenium-support-3.141.59.jar;C:\Users\graeme_churchman\.m2\repository\net\bytebuddy\byte-buddy\1.8.15\byte-buddy-1.8.15.jar;C:\Users\graeme_churchman\.m2\repository\org\apache\commons\commons-exec\1.3\commons-exec-1.3.jar;C:\Users\graeme_churchman\.m2\repository\com\google\guava\guava\25.0-jre\guava-25.0-jre.jar;C:\Users\graeme_churchman\.m2\repository\com\google\code\findbugs\jsr305\1.3.9\jsr305-1.3.9.jar;C:\Users\graeme_churchman\.m2\repository\org\checkerframework\checker-compat-qual\2.0.0\checker-compat-qual-2.0.0.jar;C:\Users\graeme_churchman\.m2\repository\com\google\errorprone\error_prone_annotations\2.1.3\error_prone_annotations-2.1.3.jar;C:\Users\graeme_churchman\.m2\repository\com\google\j2objc\j2objc-annotations\1.1\j2objc-annotations-1.1.jar;C:\Users\graeme_churchman\.m2\repository\org\codehaus\mojo\animal-sniffer-annotations\1.14\animal-sniffer-annotations-1.14.jar;C:\Users\graeme_churchman\.m2\repository\com\squareup\okhttp3\okhttp\3.11.0\okhttp-3.11.0.jar;C:\Users\graeme_churchman\.m2\repository\com\squareup\okio\okio\1.14.0\okio-1.14.0.jar;C:\Users\graeme_churchman\.m2\repository\io\appium\java-client\7.4.1\java-client-7.4.1.jar;C:\Users\graeme_churchman\.m2\repository\com\google\code\gson\gson\2.8.6\gson-2.8.6.jar;C:\Users\graeme_churchman\.m2\repository\org\apache\httpcomponents\httpclient\4.5.13\httpclient-4.5.13.jar;C:\Users\graeme_churchman\.m2\repository\org\apache\httpcomponents\httpcore\4.4.13\httpcore-4.4.13.jar;C:\Users\graeme_churchman\.m2\repository\commons-codec\commons-codec\1.11\commons-codec-1.11.jar;C:\Users\graeme_churchman\.m2\repository\cglib\cglib\3.3.0\cglib-3.3.0.jar;C:\Users\graeme_churchman\.m2\repository\org\ow2\asm\asm\7.1\asm-7.1.jar;C:\Users\graeme_churchman\.m2\repository\org\springframework\spring-context\5.3.1\spring-context-5.3.1.jar;C:\Users\graeme_churchman\.m2\repository\org\springframework\spring-aop\5.3.1\spring-aop-5.3.1.jar;C:\Users\graeme_churchman\.m2\repository\org\springframework\spring-beans\5.3.1\spring-beans-5.3.1.jar;C:\Users\graeme_churchman\.m2\repository\org\springframework\spring-core\5.3.1\spring-core-5.3.1.jar;C:\Users\graeme_churchman\.m2\repository\org\springframework\spring-jcl\5.3.1\spring-jcl-5.3.1.jar;C:\Users\graeme_churchman\.m2\repository\org\springframework\spring-expression\5.3.1\spring-expression-5.3.1.jar;C:\Users\graeme_churchman\.m2\repository\org\aspectj\aspectjweaver\1.9.6\aspectjweaver-1.9.6.jar;C:\Users\graeme_churchman\.m2\repository\com\aventstack\extentreports\4.0.0\extentreports-4.0.0.jar;C:\Users\graeme_churchman\.m2\repository\org\freemarker\freemarker\2.3.23\freemarker-2.3.23.jar;C:\Users\graeme_churchman\.m2\repository\org\mongodb\mongodb-driver\3.3.0\mongodb-driver-3.3.0.jar;C:\Users\graeme_churchman\.m2\repository\org\mongodb\mongodb-driver-core\3.3.0\mongodb-driver-core-3.3.0.jar;C:\Users\graeme_churchman\.m2\repository\org\mongodb\bson\3.3.0\bson-3.3.0.jar;C:\Users\graeme_churchman\.m2\repository\org\apache\httpcomponents\httpmime\4.5.2\httpmime-4.5.2.jar;C:\Users\graeme_churchman\.m2\repository\org\slf4j\slf4j-simple\1.7.30\slf4j-simple-1.7.30.jar;C:\Users\graeme_churchman\.m2\repository\org\slf4j\slf4j-api\1.7.30\slf4j-api-1.7.30.jar;C:\Users\graeme_churchman\.m2\repository\org\apache\commons\commons-lang3\3.11\commons-lang3-3.11.jar;C:\Users\graeme_churchman\.m2\repository\commons-io\commons-io\2.8.0\commons-io-2.8.0.jar;C:\Users\graeme_churchman\.m2\repository\commons-validator\commons-validator\1.7\commons-validator-1.7.jar;C:\Users\graeme_churchman\.m2\repository\commons-beanutils\commons-beanutils\1.9.4\commons-beanutils-1.9.4.jar;C:\Users\graeme_churchman\.m2\repository\commons-digester\commons-digester\2.1\commons-digester-2.1.jar;C:\Users\graeme_churchman\.m2\repository\commons-logging\commons-logging\1.2\commons-logging-1.2.jar;C:\Users\graeme_churchman\.m2\repository\commons-collections\commons-collections\3.2.2\commons-collections-3.2.2.jar;C:\Users\graeme_churchman\.m2\repository\org\testng\testng\7.3.0\testng-7.3.0.jar;C:\Users\graeme_churchman\.m2\repository\com\beust\jcommander\1.78\jcommander-1.78.jar;C:\Users\graeme_churchman\.m2\repository\org\apache\ant\ant\1.10.3\ant-1.10.3.jar;C:\Users\graeme_churchman\.m2\repository\org\apache\ant\ant-launcher\1.10.3\ant-launcher-1.10.3.jar;C:\Users\graeme_churchman\.m2\repository\com\google\inject\guice\4.2.2\guice-4.2.2-no_aop.jar;C:\Users\graeme_churchman\.m2\repository\javax\inject\javax.inject\1\javax.inject-1.jar;C:\Users\graeme_churchman\.m2\repository\aopalliance\aopalliance\1.0\aopalliance-1.0.jar;C:\Users\graeme_churchman\.m2\repository\org\yaml\snakeyaml\1.21\snakeyaml-1.21.jar;"/>
    <property name="sun.cpu.endian" value="little"/>
    <property name="user.home" value="C:\Users\graeme_churchman"/>
    <property name="user.language" value="en"/>
    <property name="java.specification.vendor" value="Oracle Corporation"/>
    <property name="java.home" value="C:\Program Files\Java\jdk1.8.0_191\jre"/>
    <property name="basedir" value="C:\Users\graeme_churchman\eclipse-workspace\AppiumFramework"/>
    <property name="file.separator" value="\"/>
    <property name="line.separator" value="&#10;"/>
    <property name="java.vm.specification.vendor" value="Oracle Corporation"/>
    <property name="java.specification.name" value="Java Platform API Specification"/>
    <property name="java.awt.graphicsenv" value="sun.awt.Win32GraphicsEnvironment"/>
    <property name="surefire.real.class.path" value="C:\Users\graeme_churchman\AppData\Local\Temp\surefire4682280087646056227\surefirebooter6837209833259864793.jar"/>
    <property name="sun.boot.class.path" value="C:\Program Files\Java\jdk1.8.0_191\jre\lib\resources.jar;C:\Program Files\Java\jdk1.8.0_191\jre\lib\rt.jar;C:\Program Files\Java\jdk1.8.0_191\jre\lib\sunrsasign.jar;C:\Program Files\Java\jdk1.8.0_191\jre\lib\jsse.jar;C:\Program Files\Java\jdk1.8.0_191\jre\lib\jce.jar;C:\Program Files\Java\jdk1.8.0_191\jre\lib\charsets.jar;C:\Program Files\Java\jdk1.8.0_191\jre\lib\jfr.jar;C:\Program Files\Java\jdk1.8.0_191\jre\classes"/>
    <property name="user.script" value=""/>
    <property name="sun.management.compiler" value="HotSpot 64-Bit Tiered Compilers"/>
    <property name="java.runtime.version" value="1.8.0_191-b12"/>
    <property name="user.name" value="graeme_churchman"/>
    <property name="path.separator" value=";"/>
    <property name="os.version" value="10.0"/>
    <property name="java.endorsed.dirs" value="C:\Program Files\Java\jdk1.8.0_191\jre\lib\endorsed"/>
    <property name="java.runtime.name" value="Java(TM) SE Runtime Environment"/>
    <property name="file.encoding" value="Cp1252"/>
    <property name="java.vm.name" value="Java HotSpot(TM) 64-Bit Server VM"/>
    <property name="localRepository" value="C:\Users\graeme_churchman\.m2\repository"/>
    <property name="java.vendor.url.bug" value="http://bugreport.sun.com/bugreport/"/>
    <property name="java.io.tmpdir" value="C:\Users\GRAEME~1\AppData\Local\Temp\"/>
    <property name="java.version" value="1.8.0_191"/>
    <property name="user.dir" value="C:\Users\graeme_churchman\eclipse-workspace\AppiumFramework"/>
    <property name="os.arch" value="amd64"/>
    <property name="java.vm.specification.name" value="Java Virtual Machine Specification"/>
    <property name="java.awt.printerjob" value="sun.awt.windows.WPrinterJob"/>
    <property name="sun.os.patch.level" value=""/>
    <property name="java.library.path" value="C:\Program Files\Java\jdk1.8.0_191\jre\bin;C:\WINDOWS\Sun\Java\bin;C:\WINDOWS\system32;C:\WINDOWS;C:\Maven\apache-maven-3.6.3/bin;C:\Program Files\Java\jdk1.8.0_191/bin;C:\Program Files\Java\jdk1.8.0_191/bin;C:\Python39\Scripts\;C:\Python39\;C:\Program Files (x86)\Common Files\Oracle\Java\javapath;C:\Ruby22-x64\bin;C:\Program Files\Intel\iCLS Client\;C:\WINDOWS\system32;C:\WINDOWS;C:\WINDOWS\System32\Wbem;C:\WINDOWS\System32\WindowsPowerShell\v1.0\;C:\Program Files\Perforce;C:\Users\graeme_churchman\AppData\Local\Programs\Python\Python36;C:\Users\graeme_churchman\AppData\Local\Programs\Python\Python36\Scripts;C:\Program Files\Intel\WiFi\bin\;C:\Program Files\Common Files\Intel\WirelessCommon\;C:\WINDOWS\System32\OpenSSH\;C:\Program Files (x86)\PuTTY\;C:\Program Files\Java\jdk1.8.0_191\bin;C:\Program Files (x86)\Intel\Intel(R) Management Engine Components\DAL;C:\Program Files\Intel\Intel(R) Management Engine Components\DAL;C:\Program Files\nodejs\;C:\ProgramData\chocolatey\bin;C:\Users\graeme_churchman\AppData\Local\Microsoft\WindowsApps;C:\Python364;C:\Python364\Scripts;C:\Applications\Atlassian\atlassian-plugin-sdk-8.0.16\bin;C:\Program Files\JetBrains\IntelliJ IDEA Community Edition 2020.2.1\bin;;C:\Program Files\Java\jdk1.8.0_191\bin;C:\Users\graeme_churchman\AppData\Local\Android\Sdk\tools;C:\Users\graeme_churchman\AppData\Local\Android\Sdk\tools\bin;C:\Users\graeme_churchman\AppData\Local\Android\Sdk\platform-tools;C:\Users\graeme_churchman\AppData\Roaming\npm;C:\Maven\apache-maven-3.6.3\bin;;."/>
    <property name="java.vm.info" value="mixed mode"/>
    <property name="java.vendor" value="Oracle Corporation"/>
    <property name="java.vm.version" value="25.191-b12"/>
    <property name="java.ext.dirs" value="C:\Program Files\Java\jdk1.8.0_191\jre\lib\ext;C:\WINDOWS\Sun\Java\lib\ext"/>
    <property name="sun.io.unicode.encoding" value="UnicodeLittle"/>
    <property name="java.class.version" value="52.0"/>
  </properties>
  <testcase name="totalValidation" classname="practice.AppiumFramework.Ecommerce_tc_4" time="49.269">
    <system-out><![CDATA[&amp#27;[35m[Appium]&amp#27;[39m Welcome to Appium v1.19.1
&amp#27;[35m[Appium]&amp#27;[39m Appium REST http interface listener started on 0.0.0.0:4723
&amp#27;[35m[HTTP]&amp#27;[39m &amp#27;[37m-->&amp#27;[39m &amp#27;[37mGET&amp#27;[39m &amp#27;[37m/wd/hub/status&amp#27;[39m
&amp#27;[35m[HTTP]&amp#27;[39m &amp#27;[90m{}&amp#27;[39m
[debug] &amp#27;[35m[GENERIC]&amp#27;[39m Calling AppiumDriver.getStatus() with args: []
[debug] &amp#27;[35m[GENERIC]&amp#27;[39m Responding to client with driver.getStatus() result: {"build":{"version":"1.19.1"}}
&amp#27;[35m[HTTP]&amp#27;[39m &amp#27;[37m<-- GET /wd/hub/status &amp#27;[39m&amp#27;[32m200&amp#27;[39m &amp#27;[90m10 ms - 68&amp#27;[39m
&amp#27;[35m[HTTP]&amp#27;[39m &amp#27;[90m&amp#27;[39m
[debug] &amp#27;[35m[HTTP]&amp#27;[39m Request idempotency key: 41708a92-e413-472c-b2ce-54f5a296fece
&amp#27;[35m[HTTP]&amp#27;[39m &amp#27;[37m-->&amp#27;[39m &amp#27;[37mPOST&amp#27;[39m &amp#27;[37m/wd/hub/session&amp#27;[39m
&amp#27;[35m[HTTP]&amp#27;[39m &amp#27;[90m{"desiredCapabilities":{"app":"C:\\Users\\graeme_churchman\\eclipse-workspace\\AppiumFramework\\src\\General-Store.apk","chromedriverExecutable":"C:/QA_Tools/chromedriver/lib/chromedriver/chromedriver.exe","noReset":"false","newCommandTimeout":14,"automationName":"Uiautomator2","autoGrantPermissions":true,"platformName":"Android","deviceName":"GraemeEmulator","fullReset":"true"},"capabilities":{"firstMatch":[{"appium:app":"C:\\Users\\graeme_churchman\\eclipse-workspace\\AppiumFramework\\src\\General-Store.apk","appium:autoGrantPermissions":true,"appium:automationName":"Uiautomator2","appium:chromedriverExecutable":"C:/QA_Tools/chromedriver/lib/chromedriver/chromedriver.exe","appium:deviceName":"GraemeEmulator","appium:fullReset":"true","appium:newCommandTimeout":14,"appium:noReset":"false","platformName":"android"}]}}&amp#27;[39m
[debug] &amp#27;[35m[W3C]&amp#27;[39m Calling AppiumDriver.createSession() with args: [{"app":"C:\\Users\\graeme_churchman\\eclipse-workspace\\AppiumFramework\\src\\General-Store.apk","chromedriverExecutable":"C:/QA_Tools/chromedriver/lib/chromedriver/chromedriver.exe","noReset":"false","newCommandTimeout":14,"automationName":"Uiautomator2","autoGrantPermissions":true,"platformName":"Android","deviceName":"GraemeEmulator","fullReset":"true"},null,{"firstMatch":[{"appium:app":"C:\\Users\\graeme_churchman\\eclipse-workspace\\AppiumFramework\\src\\General-Store.apk","appium:autoGrantPermissions":true,"appium:automationName":"Uiautomator2","appium:chromedriverExecutable":"C:/QA_Tools/chromedriver/lib/chromedriver/chromedriver.exe","appium:deviceName":"GraemeEmulator","appium:fullReset":"true","appium:newCommandTimeout":14,"appium:noReset":"false","platformName":"android"}]}]
[debug] &amp#27;[35m[BaseDriver]&amp#27;[39m Event 'newSessionRequested' logged at 1610642660008 (16:44:20 GMT+0000 (Greenwich Mean Time))
&amp#27;[35m[Appium]&amp#27;[39m Appium v1.19.1 creating new AndroidUiautomator2Driver (v1.59.0) session
[debug] &amp#27;[35m[BaseDriver]&amp#27;[39m W3C capabilities and MJSONWP desired capabilities were provided
[debug] &amp#27;[35m[BaseDriver]&amp#27;[39m Creating session with W3C capabilities: {
[debug] &amp#27;[35m[BaseDriver]&amp#27;[39m   "alwaysMatch": {
[debug] &amp#27;[35m[BaseDriver]&amp#27;[39m     "platformName": "android",
[debug] &amp#27;[35m[BaseDriver]&amp#27;[39m     "appium:app": "C:\\Users\\graeme_churchman\\eclipse-workspace\\AppiumFramework\\src\\General-Store.apk",
[debug] &amp#27;[35m[BaseDriver]&amp#27;[39m     "appium:autoGrantPermissions": true,
[debug] &amp#27;[35m[BaseDriver]&amp#27;[39m     "appium:automationName": "Uiautomator2",
[debug] &amp#27;[35m[BaseDriver]&amp#27;[39m     "appium:chromedriverExecutable": "C:/QA_Tools/chromedriver/lib/chromedriver/chromedriver.exe",
[debug] &amp#27;[35m[BaseDriver]&amp#27;[39m     "appium:deviceName": "GraemeEmulator",
[debug] &amp#27;[35m[BaseDriver]&amp#27;[39m     "appium:fullReset": "true",
[debug] &amp#27;[35m[BaseDriver]&amp#27;[39m     "appium:newCommandTimeout": 14,
[debug] &amp#27;[35m[BaseDriver]&amp#27;[39m     "appium:noReset": "false"
[debug] &amp#27;[35m[BaseDriver]&amp#27;[39m   },
[debug] &amp#27;[35m[BaseDriver]&amp#27;[39m   "firstMatch": [
[debug] &amp#27;[35m[BaseDriver]&amp#27;[39m     {}
[debug] &amp#27;[35m[BaseDriver]&amp#27;[39m   ]
[debug] &amp#27;[35m[BaseDriver]&amp#27;[39m }
&amp#27;[35m[BaseDriver]&amp#27;[39m Capability 'noReset' changed from string to boolean. This may cause unexpected behavior
&amp#27;[35m[BaseDriver]&amp#27;[39m Capability 'fullReset' changed from string to boolean. This may cause unexpected behavior
&amp#27;[35m[BaseDriver]&amp#27;[39m Session created with session id: 30ba36fb-217a-4d01-a44a-53a1e80ccc7b
&amp#27;[35m[BaseDriver]&amp#27;[39m Using local app 'C:\Users\graeme_churchman\eclipse-workspace\AppiumFramework\src\General-Store.apk'
[debug] &amp#27;[35m[UiAutomator2]&amp#27;[39m Checking whether app is actually present
&amp#27;[35m[ADB]&amp#27;[39m Found 1 'build-tools' folders under 'C:\Users\graeme_churchman\AppData\Local\Android\Sdk' (newest first):
&amp#27;[35m[ADB]&amp#27;[39m     C:/Users/graeme_churchman/AppData/Local/Android/Sdk/build-tools/30.0.3
&amp#27;[35m[ADB]&amp#27;[39m Using 'adb.exe' from 'C:\Users\graeme_churchman\AppData\Local\Android\Sdk\platform-tools\adb.exe'
[debug] &amp#27;[35m[ADB]&amp#27;[39m Running 'C:\Users\graeme_churchman\AppData\Local\Android\Sdk\platform-tools\adb.exe -P 5037 start-server'
&amp#27;[35m[AndroidDriver]&amp#27;[39m Retrieving device list
[debug] &amp#27;[35m[ADB]&amp#27;[39m Trying to find a connected android device
[debug] &amp#27;[35m[ADB]&amp#27;[39m Getting connected devices
[debug] &amp#27;[35m[ADB]&amp#27;[39m Connected devices: [{"udid":"emulator-5554","state":"device"}]
&amp#27;[35m[AndroidDriver]&amp#27;[39m Using device: emulator-5554
&amp#27;[35m[ADB]&amp#27;[39m Using 'adb.exe' from 'C:\Users\graeme_churchman\AppData\Local\Android\Sdk\platform-tools\adb.exe'
[debug] &amp#27;[35m[ADB]&amp#27;[39m Running 'C:\Users\graeme_churchman\AppData\Local\Android\Sdk\platform-tools\adb.exe -P 5037 start-server'
[debug] &amp#27;[35m[ADB]&amp#27;[39m Setting device id to emulator-5554
[debug] &amp#27;[35m[ADB]&amp#27;[39m Running 'C:\Users\graeme_churchman\AppData\Local\Android\Sdk\platform-tools\adb.exe -P 5037 -s emulator-5554 shell getprop ro.build.version.sdk'
[debug] &amp#27;[35m[ADB]&amp#27;[39m Current device property 'ro.build.version.sdk': 30
&amp#27;[35m[ADB]&amp#27;[39m Getting device platform version
[debug] &amp#27;[35m[ADB]&amp#27;[39m Running 'C:\Users\graeme_churchman\AppData\Local\Android\Sdk\platform-tools\adb.exe -P 5037 -s emulator-5554 shell getprop ro.build.version.release'
[debug] &amp#27;[35m[ADB]&amp#27;[39m Current device property 'ro.build.version.release': 11
[debug] &amp#27;[35m[ADB]&amp#27;[39m Device API level: 30
&amp#27;[35m[UiAutomator2]&amp#27;[39m Relaxing hidden api policy
[debug] &amp#27;[35m[ADB]&amp#27;[39m Running 'C:\Users\graeme_churchman\AppData\Local\Android\Sdk\platform-tools\adb.exe -P 5037 -s emulator-5554 shell 'settings put global hidden_api_policy_pre_p_apps 1;settings put global hidden_api_policy_p_apps 1;settings put global hidden_api_policy 1''
[debug] &amp#27;[35m[AndroidDriver]&amp#27;[39m Parsing package and activity from app manifest
&amp#27;[35m[ADB]&amp#27;[39m Package name: 'com.androidsample.generalstore'
&amp#27;[35m[ADB]&amp#27;[39m Main activity name: 'com.androidsample.generalstore.SplashActivity'
[debug] &amp#27;[35m[AndroidDriver]&amp#27;[39m Parsed package and activity are: com.androidsample.generalstore/com.androidsample.generalstore.SplashActivity
[debug] &amp#27;[35m[ADB]&amp#27;[39m Running 'C:\Users\graeme_churchman\AppData\Local\Android\Sdk\platform-tools\adb.exe -P 5037 -s emulator-5554 wait-for-device'
[debug] &amp#27;[35m[ADB]&amp#27;[39m Running 'C:\Users\graeme_churchman\AppData\Local\Android\Sdk\platform-tools\adb.exe -P 5037 -s emulator-5554 shell echo ping'
[debug] &amp#27;[35m[AndroidDriver]&amp#27;[39m Pushing settings apk to device...
[debug] &amp#27;[35m[ADB]&amp#27;[39m Getting install status for io.appium.settings
[debug] &amp#27;[35m[ADB]&amp#27;[39m Running 'C:\Users\graeme_churchman\AppData\Local\Android\Sdk\platform-tools\adb.exe -P 5037 -s emulator-5554 shell dumpsys package io.appium.settings'
[debug] &amp#27;[35m[ADB]&amp#27;[39m 'io.appium.settings' is installed
[debug] &amp#27;[35m[ADB]&amp#27;[39m Getting package info for 'io.appium.settings'
[debug] &amp#27;[35m[ADB]&amp#27;[39m Running 'C:\Users\graeme_churchman\AppData\Local\Android\Sdk\platform-tools\adb.exe -P 5037 -s emulator-5554 shell dumpsys package io.appium.settings'
[debug] &amp#27;[35m[ADB]&amp#27;[39m The version name of the installed 'io.appium.settings' is greater or equal to the application version name ('3.2.1' >= '3.2.1')
[debug] &amp#27;[35m[ADB]&amp#27;[39m There is no need to install/upgrade 'C:\Users\graeme_churchman\AppData\Roaming\npm\node_modules\appium\node_modules\io.appium.settings\apks\settings_apk-debug.apk'
[debug] &amp#27;[35m[ADB]&amp#27;[39m Getting IDs of all 'io.appium.settings' processes
[debug] &amp#27;[35m[ADB]&amp#27;[39m Running 'C:\Users\graeme_churchman\AppData\Local\Android\Sdk\platform-tools\adb.exe -P 5037 -s emulator-5554 shell 'pgrep --help; echo $?''
[debug] &amp#27;[35m[ADB]&amp#27;[39m Running 'C:\Users\graeme_churchman\AppData\Local\Android\Sdk\platform-tools\adb.exe -P 5037 -s emulator-5554 shell pgrep -f \(\[\[:blank:\]\]\|\^\)io\.appium\.settings\(\[\[:blank:\]\]\|\$\)'
[debug] &amp#27;[35m[AndroidDriver]&amp#27;[39m io.appium.settings is already running. There is no need to reset its permissions.
[debug] &amp#27;[35m[Logcat]&amp#27;[39m Starting logs capture with command: C:\\Users\\graeme_churchman\\AppData\\Local\\Android\\Sdk\\platform-tools\\adb.exe -P 5037 -s emulator-5554 logcat -v threadtime
[debug] &amp#27;[35m[UiAutomator2]&amp#27;[39m Forwarding UiAutomator2 Server port 6790 to local port 8200
[debug] &amp#27;[35m[ADB]&amp#27;[39m Forwarding system: 8200 to device: 6790
[debug] &amp#27;[35m[ADB]&amp#27;[39m Running 'C:\Users\graeme_churchman\AppData\Local\Android\Sdk\platform-tools\adb.exe -P 5037 -s emulator-5554 forward tcp:8200 tcp:6790'
[debug] &amp#27;[35m[ADB]&amp#27;[39m Getting install status for io.appium.uiautomator2.server
[debug] &amp#27;[35m[ADB]&amp#27;[39m Running 'C:\Users\graeme_churchman\AppData\Local\Android\Sdk\platform-tools\adb.exe -P 5037 -s emulator-5554 shell dumpsys package io.appium.uiautomator2.server'
[debug] &amp#27;[35m[ADB]&amp#27;[39m 'io.appium.uiautomator2.server' is installed
[debug] &amp#27;[35m[ADB]&amp#27;[39m Getting package info for 'io.appium.uiautomator2.server'
[debug] &amp#27;[35m[ADB]&amp#27;[39m Running 'C:\Users\graeme_churchman\AppData\Local\Android\Sdk\platform-tools\adb.exe -P 5037 -s emulator-5554 shell dumpsys package io.appium.uiautomator2.server'
[debug] &amp#27;[35m[ADB]&amp#27;[39m The version name of the installed 'io.appium.uiautomator2.server' is greater or equal to the application version name ('4.15.0' >= '4.15.0')
[debug] &amp#27;[35m[UiAutomator2]&amp#27;[39m io.appium.uiautomator2.server installation state: sameVersionInstalled
[debug] &amp#27;[35m[ADB]&amp#27;[39m Checking app cert for C:\Users\graeme_churchman\AppData\Roaming\npm\node_modules\appium\node_modules\appium-uiautomator2-server\apks\appium-uiautomator2-server-v4.15.0.apk
&amp#27;[35m[ADB]&amp#27;[39m Using 'apksigner.jar' from 'C:\Users\graeme_churchman\AppData\Local\Android\Sdk\build-tools\30.0.3\lib\apksigner.jar'
[debug] &amp#27;[35m[ADB]&amp#27;[39m Starting apksigner: 'C:\\Program Files\\Java\\jdk1.8.0_191\\bin\\java.exe' -Xmx1024M -Xss1m -jar C:\\Users\\graeme_churchman\\AppData\\Local\\Android\\Sdk\\build-tools\\30.0.3\\lib\\apksigner.jar verify --print-certs C:\\Users\\graeme_churchman\\AppData\\Roaming\\npm\\node_modules\\appium\\node_modules\\appium-uiautomator2-server\\apks\\appium-uiautomator2-server-v4.15.0.apk
[debug] &amp#27;[35m[ADB]&amp#27;[39m apksigner stdout: Signer #1 certificate DN: EMAILADDRESS=android@android.com, CN=Android, OU=Android, O=Android, L=Mountain View, ST=California, C=US
[debug] &amp#27;[35m[ADB]&amp#27;[39m Signer #1 certificate SHA-256 digest: a40da80a59d170caa950cf15c18c454d47a39b26989d8b640ecd745ba71bf5dc
[debug] &amp#27;[35m[ADB]&amp#27;[39m Signer #1 certificate SHA-1 digest: 61ed377e85d386a8dfee6b864bd85b0bfaa5af81
[debug] &amp#27;[35m[ADB]&amp#27;[39m Signer #1 certificate MD5 digest: e89b158e4bcf988ebd09eb83f5378e87
[debug] &amp#27;[35m[ADB]&amp#27;[39m 
[debug] &amp#27;[35m[ADB]&amp#27;[39m sha256 hash did match for 'appium-uiautomator2-server-v4.15.0.apk'
&amp#27;[35m[ADB]&amp#27;[39m 'C:\Users\graeme_churchman\AppData\Roaming\npm\node_modules\appium\node_modules\appium-uiautomator2-server\apks\appium-uiautomator2-server-v4.15.0.apk' is signed with the default certificate
[debug] &amp#27;[35m[ADB]&amp#27;[39m Getting install status for io.appium.uiautomator2.server.test
[debug] &amp#27;[35m[ADB]&amp#27;[39m Running 'C:\Users\graeme_churchman\AppData\Local\Android\Sdk\platform-tools\adb.exe -P 5037 -s emulator-5554 shell dumpsys package io.appium.uiautomator2.server.test'
[debug] &amp#27;[35m[ADB]&amp#27;[39m 'io.appium.uiautomator2.server.test' is installed
[debug] &amp#27;[35m[ADB]&amp#27;[39m Checking app cert for C:\Users\graeme_churchman\AppData\Roaming\npm\node_modules\appium\node_modules\appium-uiautomator2-server\apks\appium-uiautomator2-server-debug-androidTest.apk
[debug] &amp#27;[35m[ADB]&amp#27;[39m Starting apksigner: 'C:\\Program Files\\Java\\jdk1.8.0_191\\bin\\java.exe' -Xmx1024M -Xss1m -jar C:\\Users\\graeme_churchman\\AppData\\Local\\Android\\Sdk\\build-tools\\30.0.3\\lib\\apksigner.jar verify --print-certs C:\\Users\\graeme_churchman\\AppData\\Roaming\\npm\\node_modules\\appium\\node_modules\\appium-uiautomator2-server\\apks\\appium-uiautomator2-server-debug-androidTest.apk
[debug] &amp#27;[35m[ADB]&amp#27;[39m apksigner stdout: Signer #1 certificate DN: EMAILADDRESS=android@android.com, CN=Android, OU=Android, O=Android, L=Mountain View, ST=California, C=US
[debug] &amp#27;[35m[ADB]&amp#27;[39m Signer #1 certificate SHA-256 digest: a40da80a59d170caa950cf15c18c454d47a39b26989d8b640ecd745ba71bf5dc
[debug] &amp#27;[35m[ADB]&amp#27;[39m Signer #1 certificate SHA-1 digest: 61ed377e85d386a8dfee6b864bd85b0bfaa5af81
[debug] &amp#27;[35m[ADB]&amp#27;[39m Signer #1 certificate MD5 digest: e89b158e4bcf988ebd09eb83f5378e87
[debug] &amp#27;[35m[ADB]&amp#27;[39m 
[debug] &amp#27;[35m[ADB]&amp#27;[39m sha256 hash did match for 'appium-uiautomator2-server-debug-androidTest.apk'
&amp#27;[35m[ADB]&amp#27;[39m 'C:\Users\graeme_churchman\AppData\Roaming\npm\node_modules\appium\node_modules\appium-uiautomator2-server\apks\appium-uiautomator2-server-debug-androidTest.apk' is signed with the default certificate
&amp#27;[35m[UiAutomator2]&amp#27;[39m Server packages are not going to be (re)installed
[debug] &amp#27;[35m[UiAutomator2]&amp#27;[39m Waiting up to 30000ms for services to be available
[debug] &amp#27;[35m[ADB]&amp#27;[39m Running 'C:\Users\graeme_churchman\AppData\Local\Android\Sdk\platform-tools\adb.exe -P 5037 -s emulator-5554 shell pm list instrumentation'
[debug] &amp#27;[35m[UiAutomator2]&amp#27;[39m Instrumentation target 'io.appium.uiautomator2.server.test/androidx.test.runner.AndroidJUnitRunner' is available
[debug] &amp#27;[35m[ADB]&amp#27;[39m Checking app cert for C:\Users\graeme_churchman\eclipse-workspace\AppiumFramework\src\General-Store.apk
[debug] &amp#27;[35m[ADB]&amp#27;[39m Starting apksigner: 'C:\\Program Files\\Java\\jdk1.8.0_191\\bin\\java.exe' -Xmx1024M -Xss1m -jar C:\\Users\\graeme_churchman\\AppData\\Local\\Android\\Sdk\\build-tools\\30.0.3\\lib\\apksigner.jar verify --print-certs C:\\Users\\graeme_churchman\\eclipse-workspace\\AppiumFramework\\src\\General-Store.apk
[debug] &amp#27;[35m[ADB]&amp#27;[39m apksigner stdout: Signer #1 certificate DN: EMAILADDRESS=android@android.com, CN=Android, OU=Android, O=Android, L=Mountain View, ST=California, C=US
[debug] &amp#27;[35m[ADB]&amp#27;[39m Signer #1 certificate SHA-256 digest: a40da80a59d170caa950cf15c18c454d47a39b26989d8b640ecd745ba71bf5dc
[debug] &amp#27;[35m[ADB]&amp#27;[39m Signer #1 certificate SHA-1 digest: 61ed377e85d386a8dfee6b864bd85b0bfaa5af81
[debug] &amp#27;[35m[ADB]&amp#27;[39m Signer #1 certificate MD5 digest: e89b158e4bcf988ebd09eb83f5378e87
[debug] &amp#27;[35m[ADB]&amp#27;[39m 
[debug] &amp#27;[35m[ADB]&amp#27;[39m sha256 hash did match for 'General-Store.apk'
&amp#27;[35m[ADB]&amp#27;[39m 'C:\Users\graeme_churchman\eclipse-workspace\AppiumFramework\src\General-Store.apk' is signed with the default certificate
[debug] &amp#27;[35m[ADB]&amp#27;[39m Uninstalling com.androidsample.generalstore
[debug] &amp#27;[35m[ADB]&amp#27;[39m Getting install status for com.androidsample.generalstore
[debug] &amp#27;[35m[ADB]&amp#27;[39m Running 'C:\Users\graeme_churchman\AppData\Local\Android\Sdk\platform-tools\adb.exe -P 5037 -s emulator-5554 shell dumpsys package com.androidsample.generalstore'
[debug] &amp#27;[35m[ADB]&amp#27;[39m 'com.androidsample.generalstore' is installed
[debug] &amp#27;[35m[ADB]&amp#27;[39m Running 'C:\Users\graeme_churchman\AppData\Local\Android\Sdk\platform-tools\adb.exe -P 5037 -s emulator-5554 shell am force-stop com.androidsample.generalstore'
[debug] &amp#27;[35m[ADB]&amp#27;[39m Running 'C:\Users\graeme_churchman\AppData\Local\Android\Sdk\platform-tools\adb.exe -P 5037 -s emulator-5554 uninstall com.androidsample.generalstore'
[debug] &amp#27;[35m[ADB]&amp#27;[39m 'adb uninstall com.androidsample.generalstore' command output: Success
&amp#27;[35m[ADB]&amp#27;[39m com.androidsample.generalstore was successfully uninstalled
[debug] &amp#27;[35m[ADB]&amp#27;[39m Getting install status for com.androidsample.generalstore
[debug] &amp#27;[35m[ADB]&amp#27;[39m Running 'C:\Users\graeme_churchman\AppData\Local\Android\Sdk\platform-tools\adb.exe -P 5037 -s emulator-5554 shell dumpsys package com.androidsample.generalstore'
[debug] &amp#27;[35m[ADB]&amp#27;[39m 'com.androidsample.generalstore' is not installed
[debug] &amp#27;[35m[AndroidDriver]&amp#27;[39m Running full reset on 'com.androidsample.generalstore' (reinstall)
[debug] &amp#27;[35m[ADB]&amp#27;[39m Running 'C:\Users\graeme_churchman\AppData\Local\Android\Sdk\platform-tools\adb.exe -P 5037 -s emulator-5554 help'
[debug] &amp#27;[35m[ADB]&amp#27;[39m Running 'C:\Users\graeme_churchman\AppData\Local\Android\Sdk\platform-tools\adb.exe -P 5037 -s emulator-5554 features'
&amp#27;[35m[ADB]&amp#27;[39m The application at 'C:\Users\graeme_churchman\eclipse-workspace\AppiumFramework\src\General-Store.apk' will not be cached, because the device under test has confirmed the support of streamed installs
[debug] &amp#27;[35m[ADB]&amp#27;[39m Running 'C:\Users\graeme_churchman\AppData\Local\Android\Sdk\platform-tools\adb.exe -P 5037 -s emulator-5554 install -r -g C:\Users\graeme_churchman\eclipse-workspace\AppiumFramework\src\General-Store.apk'
&amp#27;[35m[ADB]&amp#27;[39m The installation of 'General-Store.apk' took 1322ms
[debug] &amp#27;[35m[ADB]&amp#27;[39m Install command stdout: Performing Streamed Install
[debug] &amp#27;[35m[ADB]&amp#27;[39m Success
[debug] &amp#27;[35m[UiAutomator2]&amp#27;[39m Performing shallow cleanup of automation leftovers
[debug] &amp#27;[35m[UiAutomator2]&amp#27;[39m The following obsolete sessions are still running: [null]
[debug] &amp#27;[35m[UiAutomator2]&amp#27;[39m Cleaning up the obsolete sessions
[debug] &amp#27;[35m[ADB]&amp#27;[39m Running 'C:\Users\graeme_churchman\AppData\Local\Android\Sdk\platform-tools\adb.exe -P 5037 -s emulator-5554 shell am force-stop io.appium.uiautomator2.server.test'
&amp#27;[35m[UiAutomator2]&amp#27;[39m Starting UIAutomator2 server 4.15.0
&amp#27;[35m[UiAutomator2]&amp#27;[39m Using UIAutomator2 server from 'C:\Users\graeme_churchman\AppData\Roaming\npm\node_modules\appium\node_modules\appium-uiautomator2-server\apks\appium-uiautomator2-server-v4.15.0.apk' and test from 'C:\Users\graeme_churchman\AppData\Roaming\npm\node_modules\appium\node_modules\appium-uiautomator2-server\apks\appium-uiautomator2-server-debug-androidTest.apk'
&amp#27;[35m[UiAutomator2]&amp#27;[39m Waiting up to 30000ms for UiAutomator2 to be online...
[debug] &amp#27;[35m[ADB]&amp#27;[39m Creating ADB subprocess with args: ["-P",5037,"-s","emulator-5554","shell","am","instrument","-w","io.appium.uiautomator2.server.test/androidx.test.runner.AndroidJUnitRunner"]
[debug] &amp#27;[35m[WD Proxy]&amp#27;[39m Matched '/status' to command name 'getStatus'
[debug] &amp#27;[35m[WD Proxy]&amp#27;[39m Proxying [GET /status] to [GET http://127.0.0.1:8200/wd/hub/status] with no body
&amp#27;[35m[WD Proxy]&amp#27;[39m socket hang up
[debug] &amp#27;[35m[WD Proxy]&amp#27;[39m Matched '/status' to command name 'getStatus'
[debug] &amp#27;[35m[WD Proxy]&amp#27;[39m Proxying [GET /status] to [GET http://127.0.0.1:8200/wd/hub/status] with no body
&amp#27;[35m[WD Proxy]&amp#27;[39m socket hang up
[debug] &amp#27;[35m[Instrumentation]&amp#27;[39m io.appium.uiautomator2.server.test.AppiumUiAutomator2Server:
[debug] &amp#27;[35m[WD Proxy]&amp#27;[39m Matched '/status' to command name 'getStatus'
[debug] &amp#27;[35m[WD Proxy]&amp#27;[39m Proxying [GET /status] to [GET http://127.0.0.1:8200/wd/hub/status] with no body
&amp#27;[35m[WD Proxy]&amp#27;[39m socket hang up
[debug] &amp#27;[35m[WD Proxy]&amp#27;[39m Matched '/status' to command name 'getStatus'
[debug] &amp#27;[35m[WD Proxy]&amp#27;[39m Proxying [GET /status] to [GET http://127.0.0.1:8200/wd/hub/status] with no body
[debug] &amp#27;[35m[WD Proxy]&amp#27;[39m Got response with status 200: {"sessionId":"None","value":{"message":"UiAutomator2 Server is ready to accept commands","ready":true}}
[debug] &amp#27;[35m[UiAutomator2]&amp#27;[39m The initialization of the instrumentation process took 4237ms
[debug] &amp#27;[35m[WD Proxy]&amp#27;[39m Matched '/session' to command name 'createSession'
[debug] &amp#27;[35m[WD Proxy]&amp#27;[39m Proxying [POST /session] to [POST http://127.0.0.1:8200/wd/hub/session] with body: {"capabilities":{"firstMatch":[{"platform":"LINUX","webStorageEnabled":false,"takesScreenshot":true,"javascriptEnabled":true,"databaseEnabled":false,"networkConnectionEnabled":true,"locationContextEnabled":false,"warnings":{},"desired":{"platformName":"android","app":"C:\\Users\\graeme_churchman\\eclipse-workspace\\AppiumFramework\\src\\General-Store.apk","autoGrantPermissions":true,"automationName":"Uiautomator2","chromedriverExecutable":"C:/QA_Tools/chromedriver/lib/chromedriver/chromedriver.exe","deviceName":"GraemeEmulator","fullReset":true,"newCommandTimeout":14,"noReset":false},"platformName":"android","app":"C:\\Users\\graeme_churchman\\eclipse-workspace\\AppiumFramework\\src\\General-Store.apk","autoGrantPermissions":true,"automationName":"Uiautomator2","chromedriverExecutable":"C:/QA_Tools/chromedriver/lib/chromedriver/chromedriver.exe","deviceName":"emulator-5554","fullReset":true,"newCommandTimeout":14,"noReset":false,"deviceUDID":"emulator-5554","appPackage":"com.androidsample.generalstore"}],"...
[debug] &amp#27;[35m[WD Proxy]&amp#27;[39m Got response with status 200: {"sessionId":"7db8639c-f777-4864-8ea9-4549bc4ce783","value":{"capabilities":{"firstMatch":[{"platform":"LINUX","webStorageEnabled":false,"takesScreenshot":true,"javascriptEnabled":true,"databaseEnabled":false,"networkConnectionEnabled":true,"locationContextEnabled":false,"warnings":{},"desired":{"platformName":"android","app":"C:\\Users\\graeme_churchman\\eclipse-workspace\\AppiumFramework\\src\\General-Store.apk","autoGrantPermissions":true,"automationName":"Uiautomator2","chromedriverExecutable":"C:/QA_Tools/chromedriver/lib/chromedriver/chromedriver.exe","deviceName":"GraemeEmulator","fullReset":true,"newCommandTimeout":14,"noReset":false},"platformName":"android","app":"C:\\Users\\graeme_churchman\\eclipse-workspace\\AppiumFramework\\src\\General-Store.apk","autoGrantPermissions":true,"automationName":"Uiautomator2","chromedriverExecutable":"C:/QA_Tools/chromedriver/lib/chromedriver/chromedriver.exe","deviceName":"emulator-5554","fullReset":true,"newCommandTimeout":14,"noReset":false,"deviceUDID":"emul...
&amp#27;[35m[WD Proxy]&amp#27;[39m Determined the downstream protocol as 'W3C'
[debug] &amp#27;[35m[WD Proxy]&amp#27;[39m Proxying [GET /appium/device/info] to [GET http://127.0.0.1:8200/wd/hub/session/7db8639c-f777-4864-8ea9-4549bc4ce783/appium/device/info] with no body
[debug] &amp#27;[35m[WD Proxy]&amp#27;[39m Got response with status 200: {"sessionId":"7db8639c-f777-4864-8ea9-4549bc4ce783","value":{"androidId":"eaeca40a8a36f7b0","apiVersion":"30","bluetooth":{"state":"ON"},"brand":"google","carrierName":"Android","displayDensity":420,"locale":"en_US","manufacturer":"Google","model":"sdk_gphone_x86","networks":[{"capabilities":{"SSID":null,"linkDownBandwidthKbps":30000,"linkUpstreamBandwidthKbps":15000,"networkCapabilities":"NET_CAPABILITY_MMS,NET_CAPABILITY_SUPL,NET_CAPABILITY_DUN,NET_CAPABILITY_FOTA,NET_CAPABILITY_IMS,NET_CAPABILITY_CBS,NET_CAPABILITY_INTERNET,NET_CAPABILITY_NOT_RESTRICTED,NET_CAPABILITY_TRUSTED,NET_CAPABILITY_NOT_VPN,NET_CAPABILITY_NOT_ROAMING,NET_CAPABILITY_FOREGROUND,NET_CAPABILITY_NOT_CONGESTED,NET_CAPABILITY_NOT_SUSPENDED","signalStrength":-2147483648,"transportTypes":"TRANSPORT_CELLULAR"},"detailedState":"CONNECTED","extraInfo":"epc.tmobile.com","isAvailable":true,"isConnected":true,"isFailover":false,"isRoaming":false,"state":"CONNECTED","subtype":13,"subtypeName":"LTE","type":0,"typeName":"MOBILE"}],"platformVersio...
[debug] &amp#27;[35m[ADB]&amp#27;[39m Running 'C:\Users\graeme_churchman\AppData\Local\Android\Sdk\platform-tools\adb.exe -P 5037 -s emulator-5554 shell dumpsys window'
&amp#27;[35m[AndroidDriver]&amp#27;[39m Screen already unlocked, doing nothing
&amp#27;[35m[UiAutomator2]&amp#27;[39m Starting 'com.androidsample.generalstore/com.androidsample.generalstore.SplashActivity and waiting for 'com.androidsample.generalstore/com.androidsample.generalstore.SplashActivity'
[debug] &amp#27;[35m[ADB]&amp#27;[39m Running 'C:\Users\graeme_churchman\AppData\Local\Android\Sdk\platform-tools\adb.exe -P 5037 -s emulator-5554 shell am start -W -n com.androidsample.generalstore/com.androidsample.generalstore.SplashActivity -S -a android.intent.action.MAIN -c android.intent.category.LAUNCHER -f 0x10200000'
[debug] &amp#27;[35m[ADB]&amp#27;[39m Waiting up to 20000ms for activity matching pkg: 'com.androidsample.generalstore' and activity: 'com.androidsample.generalstore.SplashActivity' to be focused
[debug] &amp#27;[35m[ADB]&amp#27;[39m Possible activities, to be checked: 'com.androidsample.generalstore.SplashActivity', 'com.androidsample.generalstore.com.androidsample.generalstore.SplashActivity'
[debug] &amp#27;[35m[ADB]&amp#27;[39m Getting focused package and activity
[debug] &amp#27;[35m[ADB]&amp#27;[39m Running 'C:\Users\graeme_churchman\AppData\Local\Android\Sdk\platform-tools\adb.exe -P 5037 -s emulator-5554 shell dumpsys window displays'
[debug] &amp#27;[35m[ADB]&amp#27;[39m Found package: 'com.androidsample.generalstore' and fully qualified activity name : 'com.androidsample.generalstore.SplashActivity'
[debug] &amp#27;[35m[WD Proxy]&amp#27;[39m Proxying [GET /appium/device/pixel_ratio] to [GET http://127.0.0.1:8200/wd/hub/session/7db8639c-f777-4864-8ea9-4549bc4ce783/appium/device/pixel_ratio] with no body
[debug] &amp#27;[35m[WD Proxy]&amp#27;[39m Got response with status 200: {"sessionId":"7db8639c-f777-4864-8ea9-4549bc4ce783","value":2.625}
[debug] &amp#27;[35m[WD Proxy]&amp#27;[39m Matched '/appium/device/system_bars' to command name 'getSystemBars'
[debug] &amp#27;[35m[WD Proxy]&amp#27;[39m Proxying [GET /appium/device/system_bars] to [GET http://127.0.0.1:8200/wd/hub/session/7db8639c-f777-4864-8ea9-4549bc4ce783/appium/device/system_bars] with no body
[debug] &amp#27;[35m[WD Proxy]&amp#27;[39m Got response with status 200: {"sessionId":"7db8639c-f777-4864-8ea9-4549bc4ce783","value":{"statusBar":63}}
[debug] &amp#27;[35m[WD Proxy]&amp#27;[39m Matched '/window/current/size' to command name 'getWindowSize'
[debug] &amp#27;[35m[WD Proxy]&amp#27;[39m Proxying [GET /window/current/size] to [GET http://127.0.0.1:8200/wd/hub/session/7db8639c-f777-4864-8ea9-4549bc4ce783/window/current/size] with no body
[debug] &amp#27;[35m[WD Proxy]&amp#27;[39m Got response with status 200: {"sessionId":"7db8639c-f777-4864-8ea9-4549bc4ce783","value":{"height":1794,"width":1080}}
&amp#27;[35m[Appium]&amp#27;[39m New AndroidUiautomator2Driver session created successfully, session 30ba36fb-217a-4d01-a44a-53a1e80ccc7b added to master session list
[debug] &amp#27;[35m[BaseDriver]&amp#27;[39m Event 'newSessionStarted' logged at 1610642681553 (16:44:41 GMT+0000 (Greenwich Mean Time))
[debug] &amp#27;[35m[W3C (30ba36fb)]&amp#27;[39m Cached the protocol value 'W3C' for the new session 30ba36fb-217a-4d01-a44a-53a1e80ccc7b
[debug] &amp#27;[35m[W3C (30ba36fb)]&amp#27;[39m Responding to client with driver.createSession() result: {"capabilities":{"platform":"LINUX","webStorageEnabled":false,"takesScreenshot":true,"javascriptEnabled":true,"databaseEnabled":false,"networkConnectionEnabled":true,"locationContextEnabled":false,"warnings":{},"desired":{"platformName":"android","app":"C:\\Users\\graeme_churchman\\eclipse-workspace\\AppiumFramework\\src\\General-Store.apk","autoGrantPermissions":true,"automationName":"Uiautomator2","chromedriverExecutable":"C:/QA_Tools/chromedriver/lib/chromedriver/chromedriver.exe","deviceName":"GraemeEmulator","fullReset":true,"newCommandTimeout":14,"noReset":false},"platformName":"android","app":"C:\\Users\\graeme_churchman\\eclipse-workspace\\AppiumFramework\\src\\General-Store.apk","autoGrantPermissions":true,"automationName":"Uiautomator2","chromedriverExecutable":"C:/QA_Tools/chromedriver/lib/chromedriver/chromedriver.exe","deviceName":"emulator-5554","fullReset":true,"newCommandTimeout":14,"noReset":false,"deviceUDID":"emulator-5554","appPackage":"com.androidsample.generalstore","deviceApiLevel":3...
&amp#27;[35m[HTTP]&amp#27;[39m &amp#27;[37m<-- POST /wd/hub/session &amp#27;[39m&amp#27;[32m200&amp#27;[39m &amp#27;[90m21554 ms - 1326&amp#27;[39m
&amp#27;[35m[HTTP]&amp#27;[39m &amp#27;[90m&amp#27;[39m
&amp#27;[35m[HTTP]&amp#27;[39m &amp#27;[37m-->&amp#27;[39m &amp#27;[37mPOST&amp#27;[39m &amp#27;[37m/wd/hub/session/30ba36fb-217a-4d01-a44a-53a1e80ccc7b/timeouts&amp#27;[39m
&amp#27;[35m[HTTP]&amp#27;[39m &amp#27;[90m{"implicit":60000}&amp#27;[39m
[debug] &amp#27;[35m[W3C (30ba36fb)]&amp#27;[39m Calling AppiumDriver.timeouts() with args: [null,null,null,null,60000,"30ba36fb-217a-4d01-a44a-53a1e80ccc7b"]
[debug] &amp#27;[35m[BaseDriver]&amp#27;[39m W3C timeout argument: {"implicit":60000}}
[debug] &amp#27;[35m[BaseDriver]&amp#27;[39m Set implicit wait to 60000ms
[debug] &amp#27;[35m[W3C (30ba36fb)]&amp#27;[39m Responding to client with driver.timeouts() result: null
&amp#27;[35m[HTTP]&amp#27;[39m &amp#27;[37m<-- POST /wd/hub/session/30ba36fb-217a-4d01-a44a-53a1e80ccc7b/timeouts &amp#27;[39m&amp#27;[32m200&amp#27;[39m &amp#27;[90m8 ms - 14&amp#27;[39m
&amp#27;[35m[HTTP]&amp#27;[39m &amp#27;[90m&amp#27;[39m
&amp#27;[35m[HTTP]&amp#27;[39m &amp#27;[37m-->&amp#27;[39m &amp#27;[37mPOST&amp#27;[39m &amp#27;[37m/wd/hub/session/30ba36fb-217a-4d01-a44a-53a1e80ccc7b/timeouts&amp#27;[39m
&amp#27;[35m[HTTP]&amp#27;[39m &amp#27;[90m{"implicit":10000}&amp#27;[39m
[debug] &amp#27;[35m[W3C (30ba36fb)]&amp#27;[39m Calling AppiumDriver.timeouts() with args: [null,null,null,null,10000,"30ba36fb-217a-4d01-a44a-53a1e80ccc7b"]
[debug] &amp#27;[35m[BaseDriver]&amp#27;[39m W3C timeout argument: {"implicit":10000}}
[debug] &amp#27;[35m[BaseDriver]&amp#27;[39m Set implicit wait to 10000ms
[debug] &amp#27;[35m[W3C (30ba36fb)]&amp#27;[39m Responding to client with driver.timeouts() result: null
&amp#27;[35m[HTTP]&amp#27;[39m &amp#27;[37m<-- POST /wd/hub/session/30ba36fb-217a-4d01-a44a-53a1e80ccc7b/timeouts &amp#27;[39m&amp#27;[32m200&amp#27;[39m &amp#27;[90m8 ms - 14&amp#27;[39m
&amp#27;[35m[HTTP]&amp#27;[39m &amp#27;[90m&amp#27;[39m
trying to get the Name Field
&amp#27;[35m[HTTP]&amp#27;[39m &amp#27;[37m-->&amp#27;[39m &amp#27;[37mGET&amp#27;[39m &amp#27;[37m/wd/hub/session/30ba36fb-217a-4d01-a44a-53a1e80ccc7b/context&amp#27;[39m
&amp#27;[35m[HTTP]&amp#27;[39m &amp#27;[90m{}&amp#27;[39m
[debug] &amp#27;[35m[W3C (30ba36fb)]&amp#27;[39m Calling AppiumDriver.getCurrentContext() with args: ["30ba36fb-217a-4d01-a44a-53a1e80ccc7b"]
[debug] &amp#27;[35m[W3C (30ba36fb)]&amp#27;[39m Responding to client with driver.getCurrentContext() result: "NATIVE_APP"
&amp#27;[35m[HTTP]&amp#27;[39m &amp#27;[37m<-- GET /wd/hub/session/30ba36fb-217a-4d01-a44a-53a1e80ccc7b/context &amp#27;[39m&amp#27;[32m200&amp#27;[39m &amp#27;[90m10 ms - 22&amp#27;[39m
&amp#27;[35m[HTTP]&amp#27;[39m &amp#27;[90m&amp#27;[39m
&amp#27;[35m[HTTP]&amp#27;[39m &amp#27;[37m-->&amp#27;[39m &amp#27;[37mPOST&amp#27;[39m &amp#27;[37m/wd/hub/session/30ba36fb-217a-4d01-a44a-53a1e80ccc7b/element&amp#27;[39m
&amp#27;[35m[HTTP]&amp#27;[39m &amp#27;[90m{"using":"id","value":"com.androidsample.generalstore:id/nameField"}&amp#27;[39m
[debug] &amp#27;[35m[W3C (30ba36fb)]&amp#27;[39m Calling AppiumDriver.findElement() with args: ["id","com.androidsample.generalstore:id/nameField","30ba36fb-217a-4d01-a44a-53a1e80ccc7b"]
[debug] &amp#27;[35m[BaseDriver]&amp#27;[39m Valid locator strategies for this request: xpath, id, class name, accessibility id, css selector, -android uiautomator
[debug] &amp#27;[35m[BaseDriver]&amp#27;[39m Waiting up to 10000 ms for condition
[debug] &amp#27;[35m[WD Proxy]&amp#27;[39m Matched '/element' to command name 'findElement'
[debug] &amp#27;[35m[WD Proxy]&amp#27;[39m Proxying [POST /element] to [POST http://127.0.0.1:8200/wd/hub/session/7db8639c-f777-4864-8ea9-4549bc4ce783/element] with body: {"strategy":"id","selector":"com.androidsample.generalstore:id/nameField","context":"","multiple":false}
&amp#27;[35m[WD Proxy]&amp#27;[39m Got response with status 404: {"sessionId":"7db8639c-f777-4864-8ea9-4549bc4ce783","value":{"error":"no such element","message":"An element could not be located on the page using the given search parameters","stacktrace":"io.appium.uiautomator2.common.exceptions.ElementNotFoundException: An element could not be located on the page using the given search parameters\n\tat io.appium.uiautomator2.handler.FindElement.safeHandle(FindElement.java:73)\n\tat io.appium.uiautomator2.handler.request.SafeRequestHandler.handle(SafeRequestHandler.java:41)\n\tat io.appium.uiautomator2.server.AppiumServlet.handleRequest(AppiumServlet.java:261)\n\tat io.appium.uiautomator2.server.AppiumServlet.handleHttpRequest(AppiumServlet.java:255)\n\tat io.appium.uiautomator2.http.ServerHandler.channelRead(ServerHandler.java:68)\n\tat io.netty.channel.AbstractChannelHandlerContext.invokeChannelRead(AbstractChannelHandlerContext.java:366)\n\tat io.netty.channel.AbstractChannelHandlerContext.invokeChannelRead(AbstractChannelHandlerContext.java:352)\n\tat io.netty.chann...
[debug] &amp#27;[35m[W3C]&amp#27;[39m Matched W3C error code 'no such element' to NoSuchElementError
[debug] &amp#27;[35m[BaseDriver]&amp#27;[39m Waited for 133 ms so far
[debug] &amp#27;[35m[WD Proxy]&amp#27;[39m Matched '/element' to command name 'findElement'
[debug] &amp#27;[35m[WD Proxy]&amp#27;[39m Proxying [POST /element] to [POST http://127.0.0.1:8200/wd/hub/session/7db8639c-f777-4864-8ea9-4549bc4ce783/element] with body: {"strategy":"id","selector":"com.androidsample.generalstore:id/nameField","context":"","multiple":false}
&amp#27;[35m[WD Proxy]&amp#27;[39m Got response with status 404: {"sessionId":"7db8639c-f777-4864-8ea9-4549bc4ce783","value":{"error":"no such element","message":"An element could not be located on the page using the given search parameters","stacktrace":"io.appium.uiautomator2.common.exceptions.ElementNotFoundException: An element could not be located on the page using the given search parameters\n\tat io.appium.uiautomator2.handler.FindElement.safeHandle(FindElement.java:73)\n\tat io.appium.uiautomator2.handler.request.SafeRequestHandler.handle(SafeRequestHandler.java:41)\n\tat io.appium.uiautomator2.server.AppiumServlet.handleRequest(AppiumServlet.java:261)\n\tat io.appium.uiautomator2.server.AppiumServlet.handleHttpRequest(AppiumServlet.java:255)\n\tat io.appium.uiautomator2.http.ServerHandler.channelRead(ServerHandler.java:68)\n\tat io.netty.channel.AbstractChannelHandlerContext.invokeChannelRead(AbstractChannelHandlerContext.java:366)\n\tat io.netty.channel.AbstractChannelHandlerContext.invokeChannelRead(AbstractChannelHandlerContext.java:352)\n\tat io.netty.chann...
[debug] &amp#27;[35m[W3C]&amp#27;[39m Matched W3C error code 'no such element' to NoSuchElementError
[debug] &amp#27;[35m[BaseDriver]&amp#27;[39m Waited for 903 ms so far
[debug] &amp#27;[35m[WD Proxy]&amp#27;[39m Matched '/element' to command name 'findElement'
[debug] &amp#27;[35m[WD Proxy]&amp#27;[39m Proxying [POST /element] to [POST http://127.0.0.1:8200/wd/hub/session/7db8639c-f777-4864-8ea9-4549bc4ce783/element] with body: {"strategy":"id","selector":"com.androidsample.generalstore:id/nameField","context":"","multiple":false}
[debug] &amp#27;[35m[WD Proxy]&amp#27;[39m Got response with status 200: {"sessionId":"7db8639c-f777-4864-8ea9-4549bc4ce783","value":{"ELEMENT":"be95a94f-4ee4-4dce-987b-b67ab4a2573b","element-6066-11e4-a52e-4f735466cecf":"be95a94f-4ee4-4dce-987b-b67ab4a2573b"}}
[debug] &amp#27;[35m[W3C (30ba36fb)]&amp#27;[39m Responding to client with driver.findElement() result: {"element-6066-11e4-a52e-4f735466cecf":"be95a94f-4ee4-4dce-987b-b67ab4a2573b","ELEMENT":"be95a94f-4ee4-4dce-987b-b67ab4a2573b"}
&amp#27;[35m[HTTP]&amp#27;[39m &amp#27;[37m<-- POST /wd/hub/session/30ba36fb-217a-4d01-a44a-53a1e80ccc7b/element &amp#27;[39m&amp#27;[32m200&amp#27;[39m &amp#27;[90m1633 ms - 137&amp#27;[39m
&amp#27;[35m[HTTP]&amp#27;[39m &amp#27;[90m&amp#27;[39m
&amp#27;[35m[HTTP]&amp#27;[39m &amp#27;[37m-->&amp#27;[39m &amp#27;[37mPOST&amp#27;[39m &amp#27;[37m/wd/hub/session/30ba36fb-217a-4d01-a44a-53a1e80ccc7b/element/be95a94f-4ee4-4dce-987b-b67ab4a2573b/value&amp#27;[39m
&amp#27;[35m[HTTP]&amp#27;[39m &amp#27;[90m{"id":"be95a94f-4ee4-4dce-987b-b67ab4a2573b","text":"Graeme","value":["G","r","a","e","m","e"]}&amp#27;[39m
[debug] &amp#27;[35m[W3C (30ba36fb)]&amp#27;[39m Calling AppiumDriver.setValue() with args: [["G","r","a","e","m","e"],"be95a94f-4ee4-4dce-987b-b67ab4a2573b","30ba36fb-217a-4d01-a44a-53a1e80ccc7b"]
[debug] &amp#27;[35m[WD Proxy]&amp#27;[39m Matched '/element/be95a94f-4ee4-4dce-987b-b67ab4a2573b/value' to command name 'setValue'
[debug] &amp#27;[35m[Protocol Converter]&amp#27;[39m Added 'value' property ["G","r","a","e","m","e"] to 'setValue' request body
[debug] &amp#27;[35m[WD Proxy]&amp#27;[39m Proxying [POST /element/be95a94f-4ee4-4dce-987b-b67ab4a2573b/value] to [POST http://127.0.0.1:8200/wd/hub/session/7db8639c-f777-4864-8ea9-4549bc4ce783/element/be95a94f-4ee4-4dce-987b-b67ab4a2573b/value] with body: {"elementId":"be95a94f-4ee4-4dce-987b-b67ab4a2573b","text":"Graeme","replace":false,"value":["G","r","a","e","m","e"]}
[debug] &amp#27;[35m[WD Proxy]&amp#27;[39m Got response with status 200: {"sessionId":"7db8639c-f777-4864-8ea9-4549bc4ce783","value":null}
[debug] &amp#27;[35m[W3C (30ba36fb)]&amp#27;[39m Responding to client with driver.setValue() result: null
&amp#27;[35m[HTTP]&amp#27;[39m &amp#27;[37m<-- POST /wd/hub/session/30ba36fb-217a-4d01-a44a-53a1e80ccc7b/element/be95a94f-4ee4-4dce-987b-b67ab4a2573b/value &amp#27;[39m&amp#27;[32m200&amp#27;[39m &amp#27;[90m626 ms - 14&amp#27;[39m
&amp#27;[35m[HTTP]&amp#27;[39m &amp#27;[90m&amp#27;[39m
&amp#27;[35m[HTTP]&amp#27;[39m &amp#27;[37m-->&amp#27;[39m &amp#27;[37mPOST&amp#27;[39m &amp#27;[37m/wd/hub/session/30ba36fb-217a-4d01-a44a-53a1e80ccc7b/appium/device/hide_keyboard&amp#27;[39m
&amp#27;[35m[HTTP]&amp#27;[39m &amp#27;[90m{}&amp#27;[39m
[debug] &amp#27;[35m[W3C (30ba36fb)]&amp#27;[39m Calling AppiumDriver.hideKeyboard() with args: [null,null,null,null,"30ba36fb-217a-4d01-a44a-53a1e80ccc7b"]
[debug] &amp#27;[35m[ADB]&amp#27;[39m Running 'C:\Users\graeme_churchman\AppData\Local\Android\Sdk\platform-tools\adb.exe -P 5037 -s emulator-5554 shell dumpsys input_method'
&amp#27;[35m[AndroidDriver]&amp#27;[39m Keyboard has no UI; no closing necessary
[debug] &amp#27;[35m[W3C (30ba36fb)]&amp#27;[39m Responding to client with driver.hideKeyboard() result: null
&amp#27;[35m[HTTP]&amp#27;[39m &amp#27;[37m<-- POST /wd/hub/session/30ba36fb-217a-4d01-a44a-53a1e80ccc7b/appium/device/hide_keyboard &amp#27;[39m&amp#27;[32m200&amp#27;[39m &amp#27;[90m436 ms - 14&amp#27;[39m
&amp#27;[35m[HTTP]&amp#27;[39m &amp#27;[90m&amp#27;[39m
&amp#27;[35m[HTTP]&amp#27;[39m &amp#27;[37m-->&amp#27;[39m &amp#27;[37mPOST&amp#27;[39m &amp#27;[37m/wd/hub/session/30ba36fb-217a-4d01-a44a-53a1e80ccc7b/element&amp#27;[39m
&amp#27;[35m[HTTP]&amp#27;[39m &amp#27;[90m{"using":"id","value":"com.androidsample.generalstore:id/radioFemale"}&amp#27;[39m
[debug] &amp#27;[35m[W3C (30ba36fb)]&amp#27;[39m Calling AppiumDriver.findElement() with args: ["id","com.androidsample.generalstore:id/radioFemale","30ba36fb-217a-4d01-a44a-53a1e80ccc7b"]
[debug] &amp#27;[35m[BaseDriver]&amp#27;[39m Valid locator strategies for this request: xpath, id, class name, accessibility id, css selector, -android uiautomator
[debug] &amp#27;[35m[BaseDriver]&amp#27;[39m Waiting up to 10000 ms for condition
[debug] &amp#27;[35m[WD Proxy]&amp#27;[39m Matched '/element' to command name 'findElement'
[debug] &amp#27;[35m[WD Proxy]&amp#27;[39m Proxying [POST /element] to [POST http://127.0.0.1:8200/wd/hub/session/7db8639c-f777-4864-8ea9-4549bc4ce783/element] with body: {"strategy":"id","selector":"com.androidsample.generalstore:id/radioFemale","context":"","multiple":false}
[debug] &amp#27;[35m[WD Proxy]&amp#27;[39m Got response with status 200: {"sessionId":"7db8639c-f777-4864-8ea9-4549bc4ce783","value":{"ELEMENT":"90ae40a7-6c56-4c1b-9a7e-a047cff2aacd","element-6066-11e4-a52e-4f735466cecf":"90ae40a7-6c56-4c1b-9a7e-a047cff2aacd"}}
[debug] &amp#27;[35m[W3C (30ba36fb)]&amp#27;[39m Responding to client with driver.findElement() result: {"element-6066-11e4-a52e-4f735466cecf":"90ae40a7-6c56-4c1b-9a7e-a047cff2aacd","ELEMENT":"90ae40a7-6c56-4c1b-9a7e-a047cff2aacd"}
&amp#27;[35m[HTTP]&amp#27;[39m &amp#27;[37m<-- POST /wd/hub/session/30ba36fb-217a-4d01-a44a-53a1e80ccc7b/element &amp#27;[39m&amp#27;[32m200&amp#27;[39m &amp#27;[90m44 ms - 137&amp#27;[39m
&amp#27;[35m[HTTP]&amp#27;[39m &amp#27;[90m&amp#27;[39m
&amp#27;[35m[HTTP]&amp#27;[39m &amp#27;[37m-->&amp#27;[39m &amp#27;[37mPOST&amp#27;[39m &amp#27;[37m/wd/hub/session/30ba36fb-217a-4d01-a44a-53a1e80ccc7b/element/90ae40a7-6c56-4c1b-9a7e-a047cff2aacd/click&amp#27;[39m
&amp#27;[35m[HTTP]&amp#27;[39m &amp#27;[90m{"id":"90ae40a7-6c56-4c1b-9a7e-a047cff2aacd"}&amp#27;[39m
[debug] &amp#27;[35m[W3C (30ba36fb)]&amp#27;[39m Calling AppiumDriver.click() with args: ["90ae40a7-6c56-4c1b-9a7e-a047cff2aacd","30ba36fb-217a-4d01-a44a-53a1e80ccc7b"]
[debug] &amp#27;[35m[WD Proxy]&amp#27;[39m Matched '/element/90ae40a7-6c56-4c1b-9a7e-a047cff2aacd/click' to command name 'click'
[debug] &amp#27;[35m[WD Proxy]&amp#27;[39m Proxying [POST /element/90ae40a7-6c56-4c1b-9a7e-a047cff2aacd/click] to [POST http://127.0.0.1:8200/wd/hub/session/7db8639c-f777-4864-8ea9-4549bc4ce783/element/90ae40a7-6c56-4c1b-9a7e-a047cff2aacd/click] with body: {"element":"90ae40a7-6c56-4c1b-9a7e-a047cff2aacd"}
[debug] &amp#27;[35m[WD Proxy]&amp#27;[39m Got response with status 200: {"sessionId":"7db8639c-f777-4864-8ea9-4549bc4ce783","value":null}
[debug] &amp#27;[35m[W3C (30ba36fb)]&amp#27;[39m Responding to client with driver.click() result: null
&amp#27;[35m[HTTP]&amp#27;[39m &amp#27;[37m<-- POST /wd/hub/session/30ba36fb-217a-4d01-a44a-53a1e80ccc7b/element/90ae40a7-6c56-4c1b-9a7e-a047cff2aacd/click &amp#27;[39m&amp#27;[32m200&amp#27;[39m &amp#27;[90m47 ms - 14&amp#27;[39m
&amp#27;[35m[HTTP]&amp#27;[39m &amp#27;[90m&amp#27;[39m
Getting the Country Select
&amp#27;[35m[HTTP]&amp#27;[39m &amp#27;[37m-->&amp#27;[39m &amp#27;[37mGET&amp#27;[39m &amp#27;[37m/wd/hub/session/30ba36fb-217a-4d01-a44a-53a1e80ccc7b/context&amp#27;[39m
&amp#27;[35m[HTTP]&amp#27;[39m &amp#27;[90m{}&amp#27;[39m
[debug] &amp#27;[35m[W3C (30ba36fb)]&amp#27;[39m Calling AppiumDriver.getCurrentContext() with args: ["30ba36fb-217a-4d01-a44a-53a1e80ccc7b"]
[debug] &amp#27;[35m[W3C (30ba36fb)]&amp#27;[39m Responding to client with driver.getCurrentContext() result: "NATIVE_APP"
&amp#27;[35m[HTTP]&amp#27;[39m &amp#27;[37m<-- GET /wd/hub/session/30ba36fb-217a-4d01-a44a-53a1e80ccc7b/context &amp#27;[39m&amp#27;[32m200&amp#27;[39m &amp#27;[90m3 ms - 22&amp#27;[39m
&amp#27;[35m[HTTP]&amp#27;[39m &amp#27;[90m&amp#27;[39m
&amp#27;[35m[HTTP]&amp#27;[39m &amp#27;[37m-->&amp#27;[39m &amp#27;[37mPOST&amp#27;[39m &amp#27;[37m/wd/hub/session/30ba36fb-217a-4d01-a44a-53a1e80ccc7b/element&amp#27;[39m
&amp#27;[35m[HTTP]&amp#27;[39m &amp#27;[90m{"using":"id","value":"com.androidsample.generalstore:id/spinnerCountry"}&amp#27;[39m
[debug] &amp#27;[35m[W3C (30ba36fb)]&amp#27;[39m Calling AppiumDriver.findElement() with args: ["id","com.androidsample.generalstore:id/spinnerCountry","30ba36fb-217a-4d01-a44a-53a1e80ccc7b"]
[debug] &amp#27;[35m[BaseDriver]&amp#27;[39m Valid locator strategies for this request: xpath, id, class name, accessibility id, css selector, -android uiautomator
[debug] &amp#27;[35m[BaseDriver]&amp#27;[39m Waiting up to 10000 ms for condition
[debug] &amp#27;[35m[WD Proxy]&amp#27;[39m Matched '/element' to command name 'findElement'
[debug] &amp#27;[35m[WD Proxy]&amp#27;[39m Proxying [POST /element] to [POST http://127.0.0.1:8200/wd/hub/session/7db8639c-f777-4864-8ea9-4549bc4ce783/element] with body: {"strategy":"id","selector":"com.androidsample.generalstore:id/spinnerCountry","context":"","multiple":false}
[debug] &amp#27;[35m[WD Proxy]&amp#27;[39m Got response with status 200: {"sessionId":"7db8639c-f777-4864-8ea9-4549bc4ce783","value":{"ELEMENT":"bdf989ab-8800-4101-9298-3ea968e64e02","element-6066-11e4-a52e-4f735466cecf":"bdf989ab-8800-4101-9298-3ea968e64e02"}}
[debug] &amp#27;[35m[W3C (30ba36fb)]&amp#27;[39m Responding to client with driver.findElement() result: {"element-6066-11e4-a52e-4f735466cecf":"bdf989ab-8800-4101-9298-3ea968e64e02","ELEMENT":"bdf989ab-8800-4101-9298-3ea968e64e02"}
&amp#27;[35m[HTTP]&amp#27;[39m &amp#27;[37m<-- POST /wd/hub/session/30ba36fb-217a-4d01-a44a-53a1e80ccc7b/element &amp#27;[39m&amp#27;[32m200&amp#27;[39m &amp#27;[90m52 ms - 137&amp#27;[39m
&amp#27;[35m[HTTP]&amp#27;[39m &amp#27;[90m&amp#27;[39m
&amp#27;[35m[HTTP]&amp#27;[39m &amp#27;[37m-->&amp#27;[39m &amp#27;[37mPOST&amp#27;[39m &amp#27;[37m/wd/hub/session/30ba36fb-217a-4d01-a44a-53a1e80ccc7b/element/bdf989ab-8800-4101-9298-3ea968e64e02/click&amp#27;[39m
&amp#27;[35m[HTTP]&amp#27;[39m &amp#27;[90m{"id":"bdf989ab-8800-4101-9298-3ea968e64e02"}&amp#27;[39m
[debug] &amp#27;[35m[W3C (30ba36fb)]&amp#27;[39m Calling AppiumDriver.click() with args: ["bdf989ab-8800-4101-9298-3ea968e64e02","30ba36fb-217a-4d01-a44a-53a1e80ccc7b"]
[debug] &amp#27;[35m[WD Proxy]&amp#27;[39m Matched '/element/bdf989ab-8800-4101-9298-3ea968e64e02/click' to command name 'click'
[debug] &amp#27;[35m[WD Proxy]&amp#27;[39m Proxying [POST /element/bdf989ab-8800-4101-9298-3ea968e64e02/click] to [POST http://127.0.0.1:8200/wd/hub/session/7db8639c-f777-4864-8ea9-4549bc4ce783/element/bdf989ab-8800-4101-9298-3ea968e64e02/click] with body: {"element":"bdf989ab-8800-4101-9298-3ea968e64e02"}
[debug] &amp#27;[35m[WD Proxy]&amp#27;[39m Got response with status 200: {"sessionId":"7db8639c-f777-4864-8ea9-4549bc4ce783","value":null}
[debug] &amp#27;[35m[W3C (30ba36fb)]&amp#27;[39m Responding to client with driver.click() result: null
&amp#27;[35m[HTTP]&amp#27;[39m &amp#27;[37m<-- POST /wd/hub/session/30ba36fb-217a-4d01-a44a-53a1e80ccc7b/element/bdf989ab-8800-4101-9298-3ea968e64e02/click &amp#27;[39m&amp#27;[32m200&amp#27;[39m &amp#27;[90m573 ms - 14&amp#27;[39m
&amp#27;[35m[HTTP]&amp#27;[39m &amp#27;[90m&amp#27;[39m
&amp#27;[35m[HTTP]&amp#27;[39m &amp#27;[37m-->&amp#27;[39m &amp#27;[37mPOST&amp#27;[39m &amp#27;[37m/wd/hub/session/30ba36fb-217a-4d01-a44a-53a1e80ccc7b/element&amp#27;[39m
&amp#27;[35m[HTTP]&amp#27;[39m &amp#27;[90m{"using":"-android uiautomator","value":"new UiScrollable(new UiSelector()).scrollIntoView(text(\"Austria\"))"}&amp#27;[39m
[debug] &amp#27;[35m[W3C (30ba36fb)]&amp#27;[39m Calling AppiumDriver.findElement() with args: ["-android uiautomator","new UiScrollable(new UiSelector()).scrollIntoView(text(\"Austria\"))","30ba36fb-217a-4d01-a44a-53a1e80ccc7b"]
[debug] &amp#27;[35m[BaseDriver]&amp#27;[39m Valid locator strategies for this request: xpath, id, class name, accessibility id, css selector, -android uiautomator
[debug] &amp#27;[35m[BaseDriver]&amp#27;[39m Waiting up to 10000 ms for condition
[debug] &amp#27;[35m[WD Proxy]&amp#27;[39m Matched '/element' to command name 'findElement'
[debug] &amp#27;[35m[WD Proxy]&amp#27;[39m Proxying [POST /element] to [POST http://127.0.0.1:8200/wd/hub/session/7db8639c-f777-4864-8ea9-4549bc4ce783/element] with body: {"strategy":"-android uiautomator","selector":"new UiScrollable(new UiSelector()).scrollIntoView(text(\"Austria\"))","context":"","multiple":false}
[debug] &amp#27;[35m[WD Proxy]&amp#27;[39m Got response with status 200: {"sessionId":"7db8639c-f777-4864-8ea9-4549bc4ce783","value":{"ELEMENT":"ab7ae207-4aa6-45ca-be9e-1cba578c0f66","element-6066-11e4-a52e-4f735466cecf":"ab7ae207-4aa6-45ca-be9e-1cba578c0f66"}}
[debug] &amp#27;[35m[W3C (30ba36fb)]&amp#27;[39m Responding to client with driver.findElement() result: {"element-6066-11e4-a52e-4f735466cecf":"ab7ae207-4aa6-45ca-be9e-1cba578c0f66","ELEMENT":"ab7ae207-4aa6-45ca-be9e-1cba578c0f66"}
&amp#27;[35m[HTTP]&amp#27;[39m &amp#27;[37m<-- POST /wd/hub/session/30ba36fb-217a-4d01-a44a-53a1e80ccc7b/element &amp#27;[39m&amp#27;[32m200&amp#27;[39m &amp#27;[90m5126 ms - 137&amp#27;[39m
&amp#27;[35m[HTTP]&amp#27;[39m &amp#27;[90m&amp#27;[39m
&amp#27;[35m[HTTP]&amp#27;[39m &amp#27;[37m-->&amp#27;[39m &amp#27;[37mPOST&amp#27;[39m &amp#27;[37m/wd/hub/session/30ba36fb-217a-4d01-a44a-53a1e80ccc7b/element&amp#27;[39m
&amp#27;[35m[HTTP]&amp#27;[39m &amp#27;[90m{"using":"xpath","value":"//android.widget.TextView[@text='Austria']"}&amp#27;[39m
[debug] &amp#27;[35m[W3C (30ba36fb)]&amp#27;[39m Calling AppiumDriver.findElement() with args: ["xpath","//android.widget.TextView[@text='Austria']","30ba36fb-217a-4d01-a44a-53a1e80ccc7b"]
[debug] &amp#27;[35m[BaseDriver]&amp#27;[39m Valid locator strategies for this request: xpath, id, class name, accessibility id, css selector, -android uiautomator
[debug] &amp#27;[35m[BaseDriver]&amp#27;[39m Waiting up to 10000 ms for condition
[debug] &amp#27;[35m[WD Proxy]&amp#27;[39m Matched '/element' to command name 'findElement'
[debug] &amp#27;[35m[WD Proxy]&amp#27;[39m Proxying [POST /element] to [POST http://127.0.0.1:8200/wd/hub/session/7db8639c-f777-4864-8ea9-4549bc4ce783/element] with body: {"strategy":"xpath","selector":"//android.widget.TextView[@text='Austria']","context":"","multiple":false}
[debug] &amp#27;[35m[WD Proxy]&amp#27;[39m Got response with status 200: {"sessionId":"7db8639c-f777-4864-8ea9-4549bc4ce783","value":{"ELEMENT":"d7959153-1320-4440-953b-5bae94d9a1ce","element-6066-11e4-a52e-4f735466cecf":"d7959153-1320-4440-953b-5bae94d9a1ce"}}
[debug] &amp#27;[35m[W3C (30ba36fb)]&amp#27;[39m Responding to client with driver.findElement() result: {"element-6066-11e4-a52e-4f735466cecf":"d7959153-1320-4440-953b-5bae94d9a1ce","ELEMENT":"d7959153-1320-4440-953b-5bae94d9a1ce"}
&amp#27;[35m[HTTP]&amp#27;[39m &amp#27;[37m<-- POST /wd/hub/session/30ba36fb-217a-4d01-a44a-53a1e80ccc7b/element &amp#27;[39m&amp#27;[32m200&amp#27;[39m &amp#27;[90m170 ms - 137&amp#27;[39m
&amp#27;[35m[HTTP]&amp#27;[39m &amp#27;[90m&amp#27;[39m
&amp#27;[35m[HTTP]&amp#27;[39m &amp#27;[37m-->&amp#27;[39m &amp#27;[37mPOST&amp#27;[39m &amp#27;[37m/wd/hub/session/30ba36fb-217a-4d01-a44a-53a1e80ccc7b/element/d7959153-1320-4440-953b-5bae94d9a1ce/click&amp#27;[39m
&amp#27;[35m[HTTP]&amp#27;[39m &amp#27;[90m{"id":"d7959153-1320-4440-953b-5bae94d9a1ce"}&amp#27;[39m
[debug] &amp#27;[35m[W3C (30ba36fb)]&amp#27;[39m Calling AppiumDriver.click() with args: ["d7959153-1320-4440-953b-5bae94d9a1ce","30ba36fb-217a-4d01-a44a-53a1e80ccc7b"]
[debug] &amp#27;[35m[WD Proxy]&amp#27;[39m Matched '/element/d7959153-1320-4440-953b-5bae94d9a1ce/click' to command name 'click'
[debug] &amp#27;[35m[WD Proxy]&amp#27;[39m Proxying [POST /element/d7959153-1320-4440-953b-5bae94d9a1ce/click] to [POST http://127.0.0.1:8200/wd/hub/session/7db8639c-f777-4864-8ea9-4549bc4ce783/element/d7959153-1320-4440-953b-5bae94d9a1ce/click] with body: {"element":"d7959153-1320-4440-953b-5bae94d9a1ce"}
[debug] &amp#27;[35m[WD Proxy]&amp#27;[39m Got response with status 200: {"sessionId":"7db8639c-f777-4864-8ea9-4549bc4ce783","value":null}
[debug] &amp#27;[35m[W3C (30ba36fb)]&amp#27;[39m Responding to client with driver.click() result: null
&amp#27;[35m[HTTP]&amp#27;[39m &amp#27;[37m<-- POST /wd/hub/session/30ba36fb-217a-4d01-a44a-53a1e80ccc7b/element/d7959153-1320-4440-953b-5bae94d9a1ce/click &amp#27;[39m&amp#27;[32m200&amp#27;[39m &amp#27;[90m681 ms - 14&amp#27;[39m
&amp#27;[35m[HTTP]&amp#27;[39m &amp#27;[90m&amp#27;[39m
&amp#27;[35m[HTTP]&amp#27;[39m &amp#27;[37m-->&amp#27;[39m &amp#27;[37mPOST&amp#27;[39m &amp#27;[37m/wd/hub/session/30ba36fb-217a-4d01-a44a-53a1e80ccc7b/element&amp#27;[39m
&amp#27;[35m[HTTP]&amp#27;[39m &amp#27;[90m{"using":"id","value":"com.androidsample.generalstore:id/btnLetsShop"}&amp#27;[39m
[debug] &amp#27;[35m[W3C (30ba36fb)]&amp#27;[39m Calling AppiumDriver.findElement() with args: ["id","com.androidsample.generalstore:id/btnLetsShop","30ba36fb-217a-4d01-a44a-53a1e80ccc7b"]
[debug] &amp#27;[35m[BaseDriver]&amp#27;[39m Valid locator strategies for this request: xpath, id, class name, accessibility id, css selector, -android uiautomator
[debug] &amp#27;[35m[BaseDriver]&amp#27;[39m Waiting up to 10000 ms for condition
[debug] &amp#27;[35m[WD Proxy]&amp#27;[39m Matched '/element' to command name 'findElement'
[debug] &amp#27;[35m[WD Proxy]&amp#27;[39m Proxying [POST /element] to [POST http://127.0.0.1:8200/wd/hub/session/7db8639c-f777-4864-8ea9-4549bc4ce783/element] with body: {"strategy":"id","selector":"com.androidsample.generalstore:id/btnLetsShop","context":"","multiple":false}
[debug] &amp#27;[35m[WD Proxy]&amp#27;[39m Got response with status 200: {"sessionId":"7db8639c-f777-4864-8ea9-4549bc4ce783","value":{"ELEMENT":"4c10eebc-89c1-48a3-ab73-e8297af3c844","element-6066-11e4-a52e-4f735466cecf":"4c10eebc-89c1-48a3-ab73-e8297af3c844"}}
[debug] &amp#27;[35m[W3C (30ba36fb)]&amp#27;[39m Responding to client with driver.findElement() result: {"element-6066-11e4-a52e-4f735466cecf":"4c10eebc-89c1-48a3-ab73-e8297af3c844","ELEMENT":"4c10eebc-89c1-48a3-ab73-e8297af3c844"}
&amp#27;[35m[HTTP]&amp#27;[39m &amp#27;[37m<-- POST /wd/hub/session/30ba36fb-217a-4d01-a44a-53a1e80ccc7b/element &amp#27;[39m&amp#27;[32m200&amp#27;[39m &amp#27;[90m24 ms - 137&amp#27;[39m
&amp#27;[35m[HTTP]&amp#27;[39m &amp#27;[90m&amp#27;[39m
&amp#27;[35m[HTTP]&amp#27;[39m &amp#27;[37m-->&amp#27;[39m &amp#27;[37mPOST&amp#27;[39m &amp#27;[37m/wd/hub/session/30ba36fb-217a-4d01-a44a-53a1e80ccc7b/element/4c10eebc-89c1-48a3-ab73-e8297af3c844/click&amp#27;[39m
&amp#27;[35m[HTTP]&amp#27;[39m &amp#27;[90m{"id":"4c10eebc-89c1-48a3-ab73-e8297af3c844"}&amp#27;[39m
[debug] &amp#27;[35m[W3C (30ba36fb)]&amp#27;[39m Calling AppiumDriver.click() with args: ["4c10eebc-89c1-48a3-ab73-e8297af3c844","30ba36fb-217a-4d01-a44a-53a1e80ccc7b"]
[debug] &amp#27;[35m[WD Proxy]&amp#27;[39m Matched '/element/4c10eebc-89c1-48a3-ab73-e8297af3c844/click' to command name 'click'
[debug] &amp#27;[35m[WD Proxy]&amp#27;[39m Proxying [POST /element/4c10eebc-89c1-48a3-ab73-e8297af3c844/click] to [POST http://127.0.0.1:8200/wd/hub/session/7db8639c-f777-4864-8ea9-4549bc4ce783/element/4c10eebc-89c1-48a3-ab73-e8297af3c844/click] with body: {"element":"4c10eebc-89c1-48a3-ab73-e8297af3c844"}
[debug] &amp#27;[35m[WD Proxy]&amp#27;[39m Got response with status 200: {"sessionId":"7db8639c-f777-4864-8ea9-4549bc4ce783","value":null}
[debug] &amp#27;[35m[W3C (30ba36fb)]&amp#27;[39m Responding to client with driver.click() result: null
&amp#27;[35m[HTTP]&amp#27;[39m &amp#27;[37m<-- POST /wd/hub/session/30ba36fb-217a-4d01-a44a-53a1e80ccc7b/element/4c10eebc-89c1-48a3-ab73-e8297af3c844/click &amp#27;[39m&amp#27;[32m200&amp#27;[39m &amp#27;[90m82 ms - 14&amp#27;[39m
&amp#27;[35m[HTTP]&amp#27;[39m &amp#27;[90m&amp#27;[39m
&amp#27;[35m[HTTP]&amp#27;[39m &amp#27;[37m-->&amp#27;[39m &amp#27;[37mPOST&amp#27;[39m &amp#27;[37m/wd/hub/session/30ba36fb-217a-4d01-a44a-53a1e80ccc7b/elements&amp#27;[39m
&amp#27;[35m[HTTP]&amp#27;[39m &amp#27;[90m{"using":"id","value":"com.androidsample.generalstore:id/productAddCart"}&amp#27;[39m
[debug] &amp#27;[35m[W3C (30ba36fb)]&amp#27;[39m Calling AppiumDriver.findElements() with args: ["id","com.androidsample.generalstore:id/productAddCart","30ba36fb-217a-4d01-a44a-53a1e80ccc7b"]
[debug] &amp#27;[35m[BaseDriver]&amp#27;[39m Valid locator strategies for this request: xpath, id, class name, accessibility id, css selector, -android uiautomator
[debug] &amp#27;[35m[BaseDriver]&amp#27;[39m Waiting up to 10000 ms for condition
[debug] &amp#27;[35m[WD Proxy]&amp#27;[39m Matched '/elements' to command name 'findElements'
[debug] &amp#27;[35m[WD Proxy]&amp#27;[39m Proxying [POST /elements] to [POST http://127.0.0.1:8200/wd/hub/session/7db8639c-f777-4864-8ea9-4549bc4ce783/elements] with body: {"strategy":"id","selector":"com.androidsample.generalstore:id/productAddCart","context":"","multiple":true}
[debug] &amp#27;[35m[WD Proxy]&amp#27;[39m Got response with status 200: {"sessionId":"7db8639c-f777-4864-8ea9-4549bc4ce783","value":[]}
[debug] &amp#27;[35m[BaseDriver]&amp#27;[39m Waited for 72 ms so far
[debug] &amp#27;[35m[WD Proxy]&amp#27;[39m Matched '/elements' to command name 'findElements'
[debug] &amp#27;[35m[WD Proxy]&amp#27;[39m Proxying [POST /elements] to [POST http://127.0.0.1:8200/wd/hub/session/7db8639c-f777-4864-8ea9-4549bc4ce783/elements] with body: {"strategy":"id","selector":"com.androidsample.generalstore:id/productAddCart","context":"","multiple":true}
[debug] &amp#27;[35m[WD Proxy]&amp#27;[39m Got response with status 200: {"sessionId":"7db8639c-f777-4864-8ea9-4549bc4ce783","value":[{"ELEMENT":"1ec629ac-8c59-4729-a65e-7ce717a1628a","element-6066-11e4-a52e-4f735466cecf":"1ec629ac-8c59-4729-a65e-7ce717a1628a"},{"ELEMENT":"018d778d-5066-4814-b3d6-e9b02200f75e","element-6066-11e4-a52e-4f735466cecf":"018d778d-5066-4814-b3d6-e9b02200f75e"}]}
[debug] &amp#27;[35m[W3C (30ba36fb)]&amp#27;[39m Responding to client with driver.findElements() result: [{"element-6066-11e4-a52e-4f735466cecf":"1ec629ac-8c59-4729-a65e-7ce717a1628a","ELEMENT":"1ec629ac-8c59-4729-a65e-7ce717a1628a"},{"element-6066-11e4-a52e-4f735466cecf":"018d778d-5066-4814-b3d6-e9b02200f75e","ELEMENT":"018d778d-5066-4814-b3d6-e9b02200f75e"}]
&amp#27;[35m[HTTP]&amp#27;[39m &amp#27;[37m<-- POST /wd/hub/session/30ba36fb-217a-4d01-a44a-53a1e80ccc7b/elements &amp#27;[39m&amp#27;[32m200&amp#27;[39m &amp#27;[90m1214 ms - 267&amp#27;[39m
&amp#27;[35m[HTTP]&amp#27;[39m &amp#27;[90m&amp#27;[39m
&amp#27;[35m[HTTP]&amp#27;[39m &amp#27;[37m-->&amp#27;[39m &amp#27;[37mPOST&amp#27;[39m &amp#27;[37m/wd/hub/session/30ba36fb-217a-4d01-a44a-53a1e80ccc7b/element/1ec629ac-8c59-4729-a65e-7ce717a1628a/click&amp#27;[39m
&amp#27;[35m[HTTP]&amp#27;[39m &amp#27;[90m{"id":"1ec629ac-8c59-4729-a65e-7ce717a1628a"}&amp#27;[39m
[debug] &amp#27;[35m[W3C (30ba36fb)]&amp#27;[39m Calling AppiumDriver.click() with args: ["1ec629ac-8c59-4729-a65e-7ce717a1628a","30ba36fb-217a-4d01-a44a-53a1e80ccc7b"]
[debug] &amp#27;[35m[WD Proxy]&amp#27;[39m Matched '/element/1ec629ac-8c59-4729-a65e-7ce717a1628a/click' to command name 'click'
[debug] &amp#27;[35m[WD Proxy]&amp#27;[39m Proxying [POST /element/1ec629ac-8c59-4729-a65e-7ce717a1628a/click] to [POST http://127.0.0.1:8200/wd/hub/session/7db8639c-f777-4864-8ea9-4549bc4ce783/element/1ec629ac-8c59-4729-a65e-7ce717a1628a/click] with body: {"element":"1ec629ac-8c59-4729-a65e-7ce717a1628a"}
[debug] &amp#27;[35m[WD Proxy]&amp#27;[39m Got response with status 200: {"sessionId":"7db8639c-f777-4864-8ea9-4549bc4ce783","value":null}
[debug] &amp#27;[35m[W3C (30ba36fb)]&amp#27;[39m Responding to client with driver.click() result: null
&amp#27;[35m[HTTP]&amp#27;[39m &amp#27;[37m<-- POST /wd/hub/session/30ba36fb-217a-4d01-a44a-53a1e80ccc7b/element/1ec629ac-8c59-4729-a65e-7ce717a1628a/click &amp#27;[39m&amp#27;[32m200&amp#27;[39m &amp#27;[90m563 ms - 14&amp#27;[39m
&amp#27;[35m[HTTP]&amp#27;[39m &amp#27;[90m&amp#27;[39m
&amp#27;[35m[HTTP]&amp#27;[39m &amp#27;[37m-->&amp#27;[39m &amp#27;[37mPOST&amp#27;[39m &amp#27;[37m/wd/hub/session/30ba36fb-217a-4d01-a44a-53a1e80ccc7b/elements&amp#27;[39m
&amp#27;[35m[HTTP]&amp#27;[39m &amp#27;[90m{"using":"id","value":"com.androidsample.generalstore:id/productAddCart"}&amp#27;[39m
[debug] &amp#27;[35m[W3C (30ba36fb)]&amp#27;[39m Calling AppiumDriver.findElements() with args: ["id","com.androidsample.generalstore:id/productAddCart","30ba36fb-217a-4d01-a44a-53a1e80ccc7b"]
[debug] &amp#27;[35m[BaseDriver]&amp#27;[39m Valid locator strategies for this request: xpath, id, class name, accessibility id, css selector, -android uiautomator
[debug] &amp#27;[35m[BaseDriver]&amp#27;[39m Waiting up to 10000 ms for condition
[debug] &amp#27;[35m[WD Proxy]&amp#27;[39m Matched '/elements' to command name 'findElements'
[debug] &amp#27;[35m[WD Proxy]&amp#27;[39m Proxying [POST /elements] to [POST http://127.0.0.1:8200/wd/hub/session/7db8639c-f777-4864-8ea9-4549bc4ce783/elements] with body: {"strategy":"id","selector":"com.androidsample.generalstore:id/productAddCart","context":"","multiple":true}
[debug] &amp#27;[35m[WD Proxy]&amp#27;[39m Got response with status 200: {"sessionId":"7db8639c-f777-4864-8ea9-4549bc4ce783","value":[{"ELEMENT":"08fc810d-668e-4095-8ef0-0b4b9ad746f7","element-6066-11e4-a52e-4f735466cecf":"08fc810d-668e-4095-8ef0-0b4b9ad746f7"},{"ELEMENT":"f34a1cbd-20d1-4914-b65e-4f89d69d6ab0","element-6066-11e4-a52e-4f735466cecf":"f34a1cbd-20d1-4914-b65e-4f89d69d6ab0"}]}
[debug] &amp#27;[35m[W3C (30ba36fb)]&amp#27;[39m Responding to client with driver.findElements() result: [{"element-6066-11e4-a52e-4f735466cecf":"08fc810d-668e-4095-8ef0-0b4b9ad746f7","ELEMENT":"08fc810d-668e-4095-8ef0-0b4b9ad746f7"},{"element-6066-11e4-a52e-4f735466cecf":"f34a1cbd-20d1-4914-b65e-4f89d69d6ab0","ELEMENT":"f34a1cbd-20d1-4914-b65e-4f89d69d6ab0"}]
&amp#27;[35m[HTTP]&amp#27;[39m &amp#27;[37m<-- POST /wd/hub/session/30ba36fb-217a-4d01-a44a-53a1e80ccc7b/elements &amp#27;[39m&amp#27;[32m200&amp#27;[39m &amp#27;[90m26 ms - 267&amp#27;[39m
&amp#27;[35m[HTTP]&amp#27;[39m &amp#27;[90m&amp#27;[39m
&amp#27;[35m[HTTP]&amp#27;[39m &amp#27;[37m-->&amp#27;[39m &amp#27;[37mPOST&amp#27;[39m &amp#27;[37m/wd/hub/session/30ba36fb-217a-4d01-a44a-53a1e80ccc7b/element/f34a1cbd-20d1-4914-b65e-4f89d69d6ab0/click&amp#27;[39m
&amp#27;[35m[HTTP]&amp#27;[39m &amp#27;[90m{"id":"f34a1cbd-20d1-4914-b65e-4f89d69d6ab0"}&amp#27;[39m
[debug] &amp#27;[35m[W3C (30ba36fb)]&amp#27;[39m Calling AppiumDriver.click() with args: ["f34a1cbd-20d1-4914-b65e-4f89d69d6ab0","30ba36fb-217a-4d01-a44a-53a1e80ccc7b"]
[debug] &amp#27;[35m[WD Proxy]&amp#27;[39m Matched '/element/f34a1cbd-20d1-4914-b65e-4f89d69d6ab0/click' to command name 'click'
[debug] &amp#27;[35m[WD Proxy]&amp#27;[39m Proxying [POST /element/f34a1cbd-20d1-4914-b65e-4f89d69d6ab0/click] to [POST http://127.0.0.1:8200/wd/hub/session/7db8639c-f777-4864-8ea9-4549bc4ce783/element/f34a1cbd-20d1-4914-b65e-4f89d69d6ab0/click] with body: {"element":"f34a1cbd-20d1-4914-b65e-4f89d69d6ab0"}
[debug] &amp#27;[35m[WD Proxy]&amp#27;[39m Got response with status 200: {"sessionId":"7db8639c-f777-4864-8ea9-4549bc4ce783","value":null}
[debug] &amp#27;[35m[W3C (30ba36fb)]&amp#27;[39m Responding to client with driver.click() result: null
&amp#27;[35m[HTTP]&amp#27;[39m &amp#27;[37m<-- POST /wd/hub/session/30ba36fb-217a-4d01-a44a-53a1e80ccc7b/element/f34a1cbd-20d1-4914-b65e-4f89d69d6ab0/click &amp#27;[39m&amp#27;[32m200&amp#27;[39m &amp#27;[90m531 ms - 14&amp#27;[39m
&amp#27;[35m[HTTP]&amp#27;[39m &amp#27;[90m&amp#27;[39m
&amp#27;[35m[HTTP]&amp#27;[39m &amp#27;[37m-->&amp#27;[39m &amp#27;[37mPOST&amp#27;[39m &amp#27;[37m/wd/hub/session/30ba36fb-217a-4d01-a44a-53a1e80ccc7b/element&amp#27;[39m
&amp#27;[35m[HTTP]&amp#27;[39m &amp#27;[90m{"using":"id","value":"com.androidsample.generalstore:id/appbar_btn_cart"}&amp#27;[39m
[debug] &amp#27;[35m[W3C (30ba36fb)]&amp#27;[39m Calling AppiumDriver.findElement() with args: ["id","com.androidsample.generalstore:id/appbar_btn_cart","30ba36fb-217a-4d01-a44a-53a1e80ccc7b"]
[debug] &amp#27;[35m[BaseDriver]&amp#27;[39m Valid locator strategies for this request: xpath, id, class name, accessibility id, css selector, -android uiautomator
[debug] &amp#27;[35m[BaseDriver]&amp#27;[39m Waiting up to 10000 ms for condition
[debug] &amp#27;[35m[WD Proxy]&amp#27;[39m Matched '/element' to command name 'findElement'
[debug] &amp#27;[35m[WD Proxy]&amp#27;[39m Proxying [POST /element] to [POST http://127.0.0.1:8200/wd/hub/session/7db8639c-f777-4864-8ea9-4549bc4ce783/element] with body: {"strategy":"id","selector":"com.androidsample.generalstore:id/appbar_btn_cart","context":"","multiple":false}
[debug] &amp#27;[35m[WD Proxy]&amp#27;[39m Got response with status 200: {"sessionId":"7db8639c-f777-4864-8ea9-4549bc4ce783","value":{"ELEMENT":"9277bdf8-3313-470a-af7b-962048e73449","element-6066-11e4-a52e-4f735466cecf":"9277bdf8-3313-470a-af7b-962048e73449"}}
[debug] &amp#27;[35m[W3C (30ba36fb)]&amp#27;[39m Responding to client with driver.findElement() result: {"element-6066-11e4-a52e-4f735466cecf":"9277bdf8-3313-470a-af7b-962048e73449","ELEMENT":"9277bdf8-3313-470a-af7b-962048e73449"}
&amp#27;[35m[HTTP]&amp#27;[39m &amp#27;[37m<-- POST /wd/hub/session/30ba36fb-217a-4d01-a44a-53a1e80ccc7b/element &amp#27;[39m&amp#27;[32m200&amp#27;[39m &amp#27;[90m24 ms - 137&amp#27;[39m
&amp#27;[35m[HTTP]&amp#27;[39m &amp#27;[90m&amp#27;[39m
&amp#27;[35m[HTTP]&amp#27;[39m &amp#27;[37m-->&amp#27;[39m &amp#27;[37mPOST&amp#27;[39m &amp#27;[37m/wd/hub/session/30ba36fb-217a-4d01-a44a-53a1e80ccc7b/element/9277bdf8-3313-470a-af7b-962048e73449/click&amp#27;[39m
&amp#27;[35m[HTTP]&amp#27;[39m &amp#27;[90m{"id":"9277bdf8-3313-470a-af7b-962048e73449"}&amp#27;[39m
[debug] &amp#27;[35m[W3C (30ba36fb)]&amp#27;[39m Calling AppiumDriver.click() with args: ["9277bdf8-3313-470a-af7b-962048e73449","30ba36fb-217a-4d01-a44a-53a1e80ccc7b"]
[debug] &amp#27;[35m[WD Proxy]&amp#27;[39m Matched '/element/9277bdf8-3313-470a-af7b-962048e73449/click' to command name 'click'
[debug] &amp#27;[35m[WD Proxy]&amp#27;[39m Proxying [POST /element/9277bdf8-3313-470a-af7b-962048e73449/click] to [POST http://127.0.0.1:8200/wd/hub/session/7db8639c-f777-4864-8ea9-4549bc4ce783/element/9277bdf8-3313-470a-af7b-962048e73449/click] with body: {"element":"9277bdf8-3313-470a-af7b-962048e73449"}
[debug] &amp#27;[35m[WD Proxy]&amp#27;[39m Got response with status 200: {"sessionId":"7db8639c-f777-4864-8ea9-4549bc4ce783","value":null}
[debug] &amp#27;[35m[W3C (30ba36fb)]&amp#27;[39m Responding to client with driver.click() result: null
&amp#27;[35m[HTTP]&amp#27;[39m &amp#27;[37m<-- POST /wd/hub/session/30ba36fb-217a-4d01-a44a-53a1e80ccc7b/element/9277bdf8-3313-470a-af7b-962048e73449/click &amp#27;[39m&amp#27;[32m200&amp#27;[39m &amp#27;[90m78 ms - 14&amp#27;[39m
&amp#27;[35m[HTTP]&amp#27;[39m &amp#27;[90m&amp#27;[39m
&amp#27;[35m[HTTP]&amp#27;[39m &amp#27;[37m-->&amp#27;[39m &amp#27;[37mGET&amp#27;[39m &amp#27;[37m/wd/hub/session/30ba36fb-217a-4d01-a44a-53a1e80ccc7b/context&amp#27;[39m
&amp#27;[35m[HTTP]&amp#27;[39m &amp#27;[90m{}&amp#27;[39m
[debug] &amp#27;[35m[W3C (30ba36fb)]&amp#27;[39m Calling AppiumDriver.getCurrentContext() with args: ["30ba36fb-217a-4d01-a44a-53a1e80ccc7b"]
[debug] &amp#27;[35m[W3C (30ba36fb)]&amp#27;[39m Responding to client with driver.getCurrentContext() result: "NATIVE_APP"
&amp#27;[35m[HTTP]&amp#27;[39m &amp#27;[37m<-- GET /wd/hub/session/30ba36fb-217a-4d01-a44a-53a1e80ccc7b/context &amp#27;[39m&amp#27;[32m200&amp#27;[39m &amp#27;[90m2 ms - 22&amp#27;[39m
&amp#27;[35m[HTTP]&amp#27;[39m &amp#27;[90m&amp#27;[39m
&amp#27;[35m[HTTP]&amp#27;[39m &amp#27;[37m-->&amp#27;[39m &amp#27;[37mPOST&amp#27;[39m &amp#27;[37m/wd/hub/session/30ba36fb-217a-4d01-a44a-53a1e80ccc7b/elements&amp#27;[39m
&amp#27;[35m[HTTP]&amp#27;[39m &amp#27;[90m{"using":"id","value":"com.androidsample.generalstore:id/productPrice"}&amp#27;[39m
[debug] &amp#27;[35m[W3C (30ba36fb)]&amp#27;[39m Calling AppiumDriver.findElements() with args: ["id","com.androidsample.generalstore:id/productPrice","30ba36fb-217a-4d01-a44a-53a1e80ccc7b"]
[debug] &amp#27;[35m[BaseDriver]&amp#27;[39m Valid locator strategies for this request: xpath, id, class name, accessibility id, css selector, -android uiautomator
[debug] &amp#27;[35m[BaseDriver]&amp#27;[39m Waiting up to 10000 ms for condition
[debug] &amp#27;[35m[WD Proxy]&amp#27;[39m Matched '/elements' to command name 'findElements'
[debug] &amp#27;[35m[WD Proxy]&amp#27;[39m Proxying [POST /elements] to [POST http://127.0.0.1:8200/wd/hub/session/7db8639c-f777-4864-8ea9-4549bc4ce783/elements] with body: {"strategy":"id","selector":"com.androidsample.generalstore:id/productPrice","context":"","multiple":true}
[debug] &amp#27;[35m[WD Proxy]&amp#27;[39m Got response with status 200: {"sessionId":"7db8639c-f777-4864-8ea9-4549bc4ce783","value":[{"ELEMENT":"5ff8aca6-16d5-4307-8537-acec37a1da9e","element-6066-11e4-a52e-4f735466cecf":"5ff8aca6-16d5-4307-8537-acec37a1da9e"},{"ELEMENT":"3725819f-17db-429b-8fe0-c0ed855ac9ba","element-6066-11e4-a52e-4f735466cecf":"3725819f-17db-429b-8fe0-c0ed855ac9ba"}]}
[debug] &amp#27;[35m[W3C (30ba36fb)]&amp#27;[39m Responding to client with driver.findElements() result: [{"element-6066-11e4-a52e-4f735466cecf":"5ff8aca6-16d5-4307-8537-acec37a1da9e","ELEMENT":"5ff8aca6-16d5-4307-8537-acec37a1da9e"},{"element-6066-11e4-a52e-4f735466cecf":"3725819f-17db-429b-8fe0-c0ed855ac9ba","ELEMENT":"3725819f-17db-429b-8fe0-c0ed855ac9ba"}]
&amp#27;[35m[HTTP]&amp#27;[39m &amp#27;[37m<-- POST /wd/hub/session/30ba36fb-217a-4d01-a44a-53a1e80ccc7b/elements &amp#27;[39m&amp#27;[32m200&amp#27;[39m &amp#27;[90m39 ms - 267&amp#27;[39m
&amp#27;[35m[HTTP]&amp#27;[39m &amp#27;[90m&amp#27;[39m
&amp#27;[35m[HTTP]&amp#27;[39m &amp#27;[37m-->&amp#27;[39m &amp#27;[37mGET&amp#27;[39m &amp#27;[37m/wd/hub/session/30ba36fb-217a-4d01-a44a-53a1e80ccc7b/context&amp#27;[39m
&amp#27;[35m[HTTP]&amp#27;[39m &amp#27;[90m{}&amp#27;[39m
[debug] &amp#27;[35m[W3C (30ba36fb)]&amp#27;[39m Calling AppiumDriver.getCurrentContext() with args: ["30ba36fb-217a-4d01-a44a-53a1e80ccc7b"]
[debug] &amp#27;[35m[W3C (30ba36fb)]&amp#27;[39m Responding to client with driver.getCurrentContext() result: "NATIVE_APP"
&amp#27;[35m[HTTP]&amp#27;[39m &amp#27;[37m<-- GET /wd/hub/session/30ba36fb-217a-4d01-a44a-53a1e80ccc7b/context &amp#27;[39m&amp#27;[32m200&amp#27;[39m &amp#27;[90m3 ms - 22&amp#27;[39m
&amp#27;[35m[HTTP]&amp#27;[39m &amp#27;[90m&amp#27;[39m
&amp#27;[35m[HTTP]&amp#27;[39m &amp#27;[37m-->&amp#27;[39m &amp#27;[37mPOST&amp#27;[39m &amp#27;[37m/wd/hub/session/30ba36fb-217a-4d01-a44a-53a1e80ccc7b/elements&amp#27;[39m
&amp#27;[35m[HTTP]&amp#27;[39m &amp#27;[90m{"using":"id","value":"com.androidsample.generalstore:id/productPrice"}&amp#27;[39m
[debug] &amp#27;[35m[W3C (30ba36fb)]&amp#27;[39m Calling AppiumDriver.findElements() with args: ["id","com.androidsample.generalstore:id/productPrice","30ba36fb-217a-4d01-a44a-53a1e80ccc7b"]
[debug] &amp#27;[35m[BaseDriver]&amp#27;[39m Valid locator strategies for this request: xpath, id, class name, accessibility id, css selector, -android uiautomator
[debug] &amp#27;[35m[BaseDriver]&amp#27;[39m Waiting up to 10000 ms for condition
[debug] &amp#27;[35m[WD Proxy]&amp#27;[39m Matched '/elements' to command name 'findElements'
[debug] &amp#27;[35m[WD Proxy]&amp#27;[39m Proxying [POST /elements] to [POST http://127.0.0.1:8200/wd/hub/session/7db8639c-f777-4864-8ea9-4549bc4ce783/elements] with body: {"strategy":"id","selector":"com.androidsample.generalstore:id/productPrice","context":"","multiple":true}
[debug] &amp#27;[35m[WD Proxy]&amp#27;[39m Got response with status 200: {"sessionId":"7db8639c-f777-4864-8ea9-4549bc4ce783","value":[{"ELEMENT":"54a4ddbb-1c32-4d01-afda-c15d456330ec","element-6066-11e4-a52e-4f735466cecf":"54a4ddbb-1c32-4d01-afda-c15d456330ec"},{"ELEMENT":"5074ab8b-3504-4502-8812-775785e21145","element-6066-11e4-a52e-4f735466cecf":"5074ab8b-3504-4502-8812-775785e21145"}]}
[debug] &amp#27;[35m[W3C (30ba36fb)]&amp#27;[39m Responding to client with driver.findElements() result: [{"element-6066-11e4-a52e-4f735466cecf":"54a4ddbb-1c32-4d01-afda-c15d456330ec","ELEMENT":"54a4ddbb-1c32-4d01-afda-c15d456330ec"},{"element-6066-11e4-a52e-4f735466cecf":"5074ab8b-3504-4502-8812-775785e21145","ELEMENT":"5074ab8b-3504-4502-8812-775785e21145"}]
&amp#27;[35m[HTTP]&amp#27;[39m &amp#27;[37m<-- POST /wd/hub/session/30ba36fb-217a-4d01-a44a-53a1e80ccc7b/elements &amp#27;[39m&amp#27;[32m200&amp#27;[39m &amp#27;[90m35 ms - 267&amp#27;[39m
&amp#27;[35m[HTTP]&amp#27;[39m &amp#27;[90m&amp#27;[39m
&amp#27;[35m[HTTP]&amp#27;[39m &amp#27;[37m-->&amp#27;[39m &amp#27;[37mGET&amp#27;[39m &amp#27;[37m/wd/hub/session/30ba36fb-217a-4d01-a44a-53a1e80ccc7b/element/54a4ddbb-1c32-4d01-afda-c15d456330ec/text&amp#27;[39m
&amp#27;[35m[HTTP]&amp#27;[39m &amp#27;[90m{}&amp#27;[39m
&amp#27;[35m[W3C (30ba36fb)]&amp#27;[39m Driver proxy active, passing request on via HTTP proxy
[debug] &amp#27;[35m[WD Proxy]&amp#27;[39m Matched '/wd/hub/session/30ba36fb-217a-4d01-a44a-53a1e80ccc7b/element/54a4ddbb-1c32-4d01-afda-c15d456330ec/text' to command name 'getText'
[debug] &amp#27;[35m[WD Proxy]&amp#27;[39m Proxying [GET /wd/hub/session/30ba36fb-217a-4d01-a44a-53a1e80ccc7b/element/54a4ddbb-1c32-4d01-afda-c15d456330ec/text] to [GET http://127.0.0.1:8200/wd/hub/session/7db8639c-f777-4864-8ea9-4549bc4ce783/element/54a4ddbb-1c32-4d01-afda-c15d456330ec/text] with no body
[debug] &amp#27;[35m[WD Proxy]&amp#27;[39m Got response with status 200: {"sessionId":"7db8639c-f777-4864-8ea9-4549bc4ce783","value":"$160.97"}
&amp#27;[35m[WD Proxy]&amp#27;[39m Replacing sessionId 7db8639c-f777-4864-8ea9-4549bc4ce783 with 30ba36fb-217a-4d01-a44a-53a1e80ccc7b
&amp#27;[35m[HTTP]&amp#27;[39m &amp#27;[37m<-- GET /wd/hub/session/30ba36fb-217a-4d01-a44a-53a1e80ccc7b/element/54a4ddbb-1c32-4d01-afda-c15d456330ec/text &amp#27;[39m&amp#27;[32m200&amp#27;[39m &amp#27;[90m13 ms - 70&amp#27;[39m
&amp#27;[35m[HTTP]&amp#27;[39m &amp#27;[90m&amp#27;[39m
&amp#27;[35m[HTTP]&amp#27;[39m &amp#27;[37m-->&amp#27;[39m &amp#27;[37mGET&amp#27;[39m &amp#27;[37m/wd/hub/session/30ba36fb-217a-4d01-a44a-53a1e80ccc7b/context&amp#27;[39m
&amp#27;[35m[HTTP]&amp#27;[39m &amp#27;[90m{}&amp#27;[39m
[debug] &amp#27;[35m[W3C (30ba36fb)]&amp#27;[39m Calling AppiumDriver.getCurrentContext() with args: ["30ba36fb-217a-4d01-a44a-53a1e80ccc7b"]
[debug] &amp#27;[35m[W3C (30ba36fb)]&amp#27;[39m Responding to client with driver.getCurrentContext() result: "NATIVE_APP"
&amp#27;[35m[HTTP]&amp#27;[39m &amp#27;[37m<-- GET /wd/hub/session/30ba36fb-217a-4d01-a44a-53a1e80ccc7b/context &amp#27;[39m&amp#27;[32m200&amp#27;[39m &amp#27;[90m1 ms - 22&amp#27;[39m
&amp#27;[35m[HTTP]&amp#27;[39m &amp#27;[90m&amp#27;[39m
&amp#27;[35m[HTTP]&amp#27;[39m &amp#27;[37m-->&amp#27;[39m &amp#27;[37mPOST&amp#27;[39m &amp#27;[37m/wd/hub/session/30ba36fb-217a-4d01-a44a-53a1e80ccc7b/elements&amp#27;[39m
&amp#27;[35m[HTTP]&amp#27;[39m &amp#27;[90m{"using":"id","value":"com.androidsample.generalstore:id/productPrice"}&amp#27;[39m
[debug] &amp#27;[35m[W3C (30ba36fb)]&amp#27;[39m Calling AppiumDriver.findElements() with args: ["id","com.androidsample.generalstore:id/productPrice","30ba36fb-217a-4d01-a44a-53a1e80ccc7b"]
[debug] &amp#27;[35m[BaseDriver]&amp#27;[39m Valid locator strategies for this request: xpath, id, class name, accessibility id, css selector, -android uiautomator
[debug] &amp#27;[35m[BaseDriver]&amp#27;[39m Waiting up to 10000 ms for condition
[debug] &amp#27;[35m[WD Proxy]&amp#27;[39m Matched '/elements' to command name 'findElements'
[debug] &amp#27;[35m[WD Proxy]&amp#27;[39m Proxying [POST /elements] to [POST http://127.0.0.1:8200/wd/hub/session/7db8639c-f777-4864-8ea9-4549bc4ce783/elements] with body: {"strategy":"id","selector":"com.androidsample.generalstore:id/productPrice","context":"","multiple":true}
[debug] &amp#27;[35m[WD Proxy]&amp#27;[39m Got response with status 200: {"sessionId":"7db8639c-f777-4864-8ea9-4549bc4ce783","value":[{"ELEMENT":"4cb5ac72-58ef-4f8c-9f86-18e717f567ad","element-6066-11e4-a52e-4f735466cecf":"4cb5ac72-58ef-4f8c-9f86-18e717f567ad"},{"ELEMENT":"021c07b1-1718-430d-b465-7e97e3806392","element-6066-11e4-a52e-4f735466cecf":"021c07b1-1718-430d-b465-7e97e3806392"}]}
[debug] &amp#27;[35m[W3C (30ba36fb)]&amp#27;[39m Responding to client with driver.findElements() result: [{"element-6066-11e4-a52e-4f735466cecf":"4cb5ac72-58ef-4f8c-9f86-18e717f567ad","ELEMENT":"4cb5ac72-58ef-4f8c-9f86-18e717f567ad"},{"element-6066-11e4-a52e-4f735466cecf":"021c07b1-1718-430d-b465-7e97e3806392","ELEMENT":"021c07b1-1718-430d-b465-7e97e3806392"}]
&amp#27;[35m[HTTP]&amp#27;[39m &amp#27;[37m<-- POST /wd/hub/session/30ba36fb-217a-4d01-a44a-53a1e80ccc7b/elements &amp#27;[39m&amp#27;[32m200&amp#27;[39m &amp#27;[90m24 ms - 267&amp#27;[39m
&amp#27;[35m[HTTP]&amp#27;[39m &amp#27;[90m&amp#27;[39m
&amp#27;[35m[HTTP]&amp#27;[39m &amp#27;[37m-->&amp#27;[39m &amp#27;[37mGET&amp#27;[39m &amp#27;[37m/wd/hub/session/30ba36fb-217a-4d01-a44a-53a1e80ccc7b/element/021c07b1-1718-430d-b465-7e97e3806392/text&amp#27;[39m
&amp#27;[35m[HTTP]&amp#27;[39m &amp#27;[90m{}&amp#27;[39m
&amp#27;[35m[W3C (30ba36fb)]&amp#27;[39m Driver proxy active, passing request on via HTTP proxy
[debug] &amp#27;[35m[WD Proxy]&amp#27;[39m Matched '/wd/hub/session/30ba36fb-217a-4d01-a44a-53a1e80ccc7b/element/021c07b1-1718-430d-b465-7e97e3806392/text' to command name 'getText'
[debug] &amp#27;[35m[WD Proxy]&amp#27;[39m Proxying [GET /wd/hub/session/30ba36fb-217a-4d01-a44a-53a1e80ccc7b/element/021c07b1-1718-430d-b465-7e97e3806392/text] to [GET http://127.0.0.1:8200/wd/hub/session/7db8639c-f777-4864-8ea9-4549bc4ce783/element/021c07b1-1718-430d-b465-7e97e3806392/text] with no body
[debug] &amp#27;[35m[WD Proxy]&amp#27;[39m Got response with status 200: {"sessionId":"7db8639c-f777-4864-8ea9-4549bc4ce783","value":"$120.0"}
&amp#27;[35m[WD Proxy]&amp#27;[39m Replacing sessionId 7db8639c-f777-4864-8ea9-4549bc4ce783 with 30ba36fb-217a-4d01-a44a-53a1e80ccc7b
&amp#27;[35m[HTTP]&amp#27;[39m &amp#27;[37m<-- GET /wd/hub/session/30ba36fb-217a-4d01-a44a-53a1e80ccc7b/element/021c07b1-1718-430d-b465-7e97e3806392/text &amp#27;[39m&amp#27;[32m200&amp#27;[39m &amp#27;[90m18 ms - 69&amp#27;[39m
&amp#27;[35m[HTTP]&amp#27;[39m &amp#27;[90m&amp#27;[39m
&amp#27;[35m[HTTP]&amp#27;[39m &amp#27;[37m-->&amp#27;[39m &amp#27;[37mGET&amp#27;[39m &amp#27;[37m/wd/hub/session/30ba36fb-217a-4d01-a44a-53a1e80ccc7b/context&amp#27;[39m
&amp#27;[35m[HTTP]&amp#27;[39m &amp#27;[90m{}&amp#27;[39m
[debug] &amp#27;[35m[W3C (30ba36fb)]&amp#27;[39m Calling AppiumDriver.getCurrentContext() with args: ["30ba36fb-217a-4d01-a44a-53a1e80ccc7b"]
[debug] &amp#27;[35m[W3C (30ba36fb)]&amp#27;[39m Responding to client with driver.getCurrentContext() result: "NATIVE_APP"
&amp#27;[35m[HTTP]&amp#27;[39m &amp#27;[37m<-- GET /wd/hub/session/30ba36fb-217a-4d01-a44a-53a1e80ccc7b/context &amp#27;[39m&amp#27;[32m200&amp#27;[39m &amp#27;[90m2 ms - 22&amp#27;[39m
&amp#27;[35m[HTTP]&amp#27;[39m &amp#27;[90m&amp#27;[39m
&amp#27;[35m[HTTP]&amp#27;[39m &amp#27;[37m-->&amp#27;[39m &amp#27;[37mPOST&amp#27;[39m &amp#27;[37m/wd/hub/session/30ba36fb-217a-4d01-a44a-53a1e80ccc7b/element&amp#27;[39m
&amp#27;[35m[HTTP]&amp#27;[39m &amp#27;[90m{"using":"id","value":"com.androidsample.generalstore:id/totalAmountLbl"}&amp#27;[39m
[debug] &amp#27;[35m[W3C (30ba36fb)]&amp#27;[39m Calling AppiumDriver.findElement() with args: ["id","com.androidsample.generalstore:id/totalAmountLbl","30ba36fb-217a-4d01-a44a-53a1e80ccc7b"]
[debug] &amp#27;[35m[BaseDriver]&amp#27;[39m Valid locator strategies for this request: xpath, id, class name, accessibility id, css selector, -android uiautomator
[debug] &amp#27;[35m[BaseDriver]&amp#27;[39m Waiting up to 10000 ms for condition
[debug] &amp#27;[35m[WD Proxy]&amp#27;[39m Matched '/element' to command name 'findElement'
[debug] &amp#27;[35m[WD Proxy]&amp#27;[39m Proxying [POST /element] to [POST http://127.0.0.1:8200/wd/hub/session/7db8639c-f777-4864-8ea9-4549bc4ce783/element] with body: {"strategy":"id","selector":"com.androidsample.generalstore:id/totalAmountLbl","context":"","multiple":false}
[debug] &amp#27;[35m[WD Proxy]&amp#27;[39m Got response with status 200: {"sessionId":"7db8639c-f777-4864-8ea9-4549bc4ce783","value":{"ELEMENT":"bce88a34-3409-42e0-a55c-c6acc05d2b88","element-6066-11e4-a52e-4f735466cecf":"bce88a34-3409-42e0-a55c-c6acc05d2b88"}}
[debug] &amp#27;[35m[W3C (30ba36fb)]&amp#27;[39m Responding to client with driver.findElement() result: {"element-6066-11e4-a52e-4f735466cecf":"bce88a34-3409-42e0-a55c-c6acc05d2b88","ELEMENT":"bce88a34-3409-42e0-a55c-c6acc05d2b88"}
&amp#27;[35m[HTTP]&amp#27;[39m &amp#27;[37m<-- POST /wd/hub/session/30ba36fb-217a-4d01-a44a-53a1e80ccc7b/element &amp#27;[39m&amp#27;[32m200&amp#27;[39m &amp#27;[90m20 ms - 137&amp#27;[39m
&amp#27;[35m[HTTP]&amp#27;[39m &amp#27;[90m&amp#27;[39m
&amp#27;[35m[HTTP]&amp#27;[39m &amp#27;[37m-->&amp#27;[39m &amp#27;[37mGET&amp#27;[39m &amp#27;[37m/wd/hub/session/30ba36fb-217a-4d01-a44a-53a1e80ccc7b/element/bce88a34-3409-42e0-a55c-c6acc05d2b88/text&amp#27;[39m
&amp#27;[35m[HTTP]&amp#27;[39m &amp#27;[90m{}&amp#27;[39m
&amp#27;[35m[W3C (30ba36fb)]&amp#27;[39m Driver proxy active, passing request on via HTTP proxy
[debug] &amp#27;[35m[WD Proxy]&amp#27;[39m Matched '/wd/hub/session/30ba36fb-217a-4d01-a44a-53a1e80ccc7b/element/bce88a34-3409-42e0-a55c-c6acc05d2b88/text' to command name 'getText'
[debug] &amp#27;[35m[WD Proxy]&amp#27;[39m Proxying [GET /wd/hub/session/30ba36fb-217a-4d01-a44a-53a1e80ccc7b/element/bce88a34-3409-42e0-a55c-c6acc05d2b88/text] to [GET http://127.0.0.1:8200/wd/hub/session/7db8639c-f777-4864-8ea9-4549bc4ce783/element/bce88a34-3409-42e0-a55c-c6acc05d2b88/text] with no body
[debug] &amp#27;[35m[WD Proxy]&amp#27;[39m Got response with status 200: {"sessionId":"7db8639c-f777-4864-8ea9-4549bc4ce783","value":"$ 280.97"}
&amp#27;[35m[WD Proxy]&amp#27;[39m Replacing sessionId 7db8639c-f777-4864-8ea9-4549bc4ce783 with 30ba36fb-217a-4d01-a44a-53a1e80ccc7b
&amp#27;[35m[HTTP]&amp#27;[39m &amp#27;[37m<-- GET /wd/hub/session/30ba36fb-217a-4d01-a44a-53a1e80ccc7b/element/bce88a34-3409-42e0-a55c-c6acc05d2b88/text &amp#27;[39m&amp#27;[32m200&amp#27;[39m &amp#27;[90m15 ms - 71&amp#27;[39m
&amp#27;[35m[HTTP]&amp#27;[39m &amp#27;[90m&amp#27;[39m
Sum totals = 280.97
Given totals = 280.97
]]></system-out>
    <system-err><![CDATA[Jan 14, 2021 4:44:41 PM io.appium.java_client.remote.AppiumCommandExecutor$1 lambda$0
INFO: Detected dialect: W3C
]]></system-err>
  </testcase>
  <testcase name="validateWifi[hello](1)" classname="practice.AppiumFramework.ApiDemoTest" time="34.12">
    <system-out><![CDATA[&amp#27;[35m[Appium]&amp#27;[39m Welcome to Appium v1.19.1
&amp#27;[35m[Appium]&amp#27;[39m Appium REST http interface listener started on 0.0.0.0:4723
&amp#27;[35m[HTTP]&amp#27;[39m &amp#27;[37m-->&amp#27;[39m &amp#27;[37mGET&amp#27;[39m &amp#27;[37m/wd/hub/status&amp#27;[39m
&amp#27;[35m[HTTP]&amp#27;[39m &amp#27;[90m{}&amp#27;[39m
[debug] &amp#27;[35m[GENERIC]&amp#27;[39m Calling AppiumDriver.getStatus() with args: []
[debug] &amp#27;[35m[GENERIC]&amp#27;[39m Responding to client with driver.getStatus() result: {"build":{"version":"1.19.1"}}
&amp#27;[35m[HTTP]&amp#27;[39m &amp#27;[37m<-- GET /wd/hub/status &amp#27;[39m&amp#27;[32m200&amp#27;[39m &amp#27;[90m6 ms - 68&amp#27;[39m
&amp#27;[35m[HTTP]&amp#27;[39m &amp#27;[90m&amp#27;[39m
[debug] &amp#27;[35m[HTTP]&amp#27;[39m Request idempotency key: 333da481-6521-4a3c-90cb-f474d6bf1c07
&amp#27;[35m[HTTP]&amp#27;[39m &amp#27;[37m-->&amp#27;[39m &amp#27;[37mPOST&amp#27;[39m &amp#27;[37m/wd/hub/session&amp#27;[39m
&amp#27;[35m[HTTP]&amp#27;[39m &amp#27;[90m{"desiredCapabilities":{"app":"C:\\Users\\graeme_churchman\\eclipse-workspace\\AppiumFramework\\src\\ApiDemos-debug.apk","chromedriverExecutable":"C:/QA_Tools/chromedriver/lib/chromedriver/chromedriver.exe","noReset":"false","newCommandTimeout":14,"automationName":"Uiautomator2","autoGrantPermissions":true,"platformName":"Android","deviceName":"GraemeEmulator","fullReset":"true"},"capabilities":{"firstMatch":[{"appium:app":"C:\\Users\\graeme_churchman\\eclipse-workspace\\AppiumFramework\\src\\ApiDemos-debug.apk","appium:autoGrantPermissions":true,"appium:automationName":"Uiautomator2","appium:chromedriverExecutable":"C:/QA_Tools/chromedriver/lib/chromedriver/chromedriver.exe","appium:deviceName":"GraemeEmulator","appium:fullReset":"true","appium:newCommandTimeout":14,"appium:noReset":"false","platformName":"android"}]}}&amp#27;[39m
[debug] &amp#27;[35m[W3C]&amp#27;[39m Calling AppiumDriver.createSession() with args: [{"app":"C:\\Users\\graeme_churchman\\eclipse-workspace\\AppiumFramework\\src\\ApiDemos-debug.apk","chromedriverExecutable":"C:/QA_Tools/chromedriver/lib/chromedriver/chromedriver.exe","noReset":"false","newCommandTimeout":14,"automationName":"Uiautomator2","autoGrantPermissions":true,"platformName":"Android","deviceName":"GraemeEmulator","fullReset":"true"},null,{"firstMatch":[{"appium:app":"C:\\Users\\graeme_churchman\\eclipse-workspace\\AppiumFramework\\src\\ApiDemos-debug.apk","appium:autoGrantPermissions":true,"appium:automationName":"Uiautomator2","appium:chromedriverExecutable":"C:/QA_Tools/chromedriver/lib/chromedriver/chromedriver.exe","appium:deviceName":"GraemeEmulator","appium:fullReset":"true","appium:newCommandTimeout":14,"appium:noReset":"false","platformName":"android"}]}]
[debug] &amp#27;[35m[BaseDriver]&amp#27;[39m Event 'newSessionRequested' logged at 1610642708507 (16:45:08 GMT+0000 (Greenwich Mean Time))
&amp#27;[35m[Appium]&amp#27;[39m Appium v1.19.1 creating new AndroidUiautomator2Driver (v1.59.0) session
[debug] &amp#27;[35m[BaseDriver]&amp#27;[39m W3C capabilities and MJSONWP desired capabilities were provided
[debug] &amp#27;[35m[BaseDriver]&amp#27;[39m Creating session with W3C capabilities: {
[debug] &amp#27;[35m[BaseDriver]&amp#27;[39m   "alwaysMatch": {
[debug] &amp#27;[35m[BaseDriver]&amp#27;[39m     "platformName": "android",
[debug] &amp#27;[35m[BaseDriver]&amp#27;[39m     "appium:app": "C:\\Users\\graeme_churchman\\eclipse-workspace\\AppiumFramework\\src\\ApiDemos-debug.apk",
[debug] &amp#27;[35m[BaseDriver]&amp#27;[39m     "appium:autoGrantPermissions": true,
[debug] &amp#27;[35m[BaseDriver]&amp#27;[39m     "appium:automationName": "Uiautomator2",
[debug] &amp#27;[35m[BaseDriver]&amp#27;[39m     "appium:chromedriverExecutable": "C:/QA_Tools/chromedriver/lib/chromedriver/chromedriver.exe",
[debug] &amp#27;[35m[BaseDriver]&amp#27;[39m     "appium:deviceName": "GraemeEmulator",
[debug] &amp#27;[35m[BaseDriver]&amp#27;[39m     "appium:fullReset": "true",
[debug] &amp#27;[35m[BaseDriver]&amp#27;[39m     "appium:newCommandTimeout": 14,
[debug] &amp#27;[35m[BaseDriver]&amp#27;[39m     "appium:noReset": "false"
[debug] &amp#27;[35m[BaseDriver]&amp#27;[39m   },
[debug] &amp#27;[35m[BaseDriver]&amp#27;[39m   "firstMatch": [
[debug] &amp#27;[35m[BaseDriver]&amp#27;[39m     {}
[debug] &amp#27;[35m[BaseDriver]&amp#27;[39m   ]
[debug] &amp#27;[35m[BaseDriver]&amp#27;[39m }
&amp#27;[35m[BaseDriver]&amp#27;[39m Capability 'noReset' changed from string to boolean. This may cause unexpected behavior
&amp#27;[35m[BaseDriver]&amp#27;[39m Capability 'fullReset' changed from string to boolean. This may cause unexpected behavior
&amp#27;[35m[BaseDriver]&amp#27;[39m Session created with session id: 3409e5b4-71b5-46f2-a31e-76c7dc3c69ee
&amp#27;[35m[BaseDriver]&amp#27;[39m Using local app 'C:\Users\graeme_churchman\eclipse-workspace\AppiumFramework\src\ApiDemos-debug.apk'
[debug] &amp#27;[35m[UiAutomator2]&amp#27;[39m Checking whether app is actually present
&amp#27;[35m[ADB]&amp#27;[39m Found 1 'build-tools' folders under 'C:\Users\graeme_churchman\AppData\Local\Android\Sdk' (newest first):
&amp#27;[35m[ADB]&amp#27;[39m     C:/Users/graeme_churchman/AppData/Local/Android/Sdk/build-tools/30.0.3
&amp#27;[35m[ADB]&amp#27;[39m Using 'adb.exe' from 'C:\Users\graeme_churchman\AppData\Local\Android\Sdk\platform-tools\adb.exe'
[debug] &amp#27;[35m[ADB]&amp#27;[39m Running 'C:\Users\graeme_churchman\AppData\Local\Android\Sdk\platform-tools\adb.exe -P 5037 start-server'
&amp#27;[35m[AndroidDriver]&amp#27;[39m Retrieving device list
[debug] &amp#27;[35m[ADB]&amp#27;[39m Trying to find a connected android device
[debug] &amp#27;[35m[ADB]&amp#27;[39m Getting connected devices
[debug] &amp#27;[35m[ADB]&amp#27;[39m Connected devices: [{"udid":"emulator-5554","state":"device"}]
&amp#27;[35m[AndroidDriver]&amp#27;[39m Using device: emulator-5554
&amp#27;[35m[ADB]&amp#27;[39m Using 'adb.exe' from 'C:\Users\graeme_churchman\AppData\Local\Android\Sdk\platform-tools\adb.exe'
[debug] &amp#27;[35m[ADB]&amp#27;[39m Running 'C:\Users\graeme_churchman\AppData\Local\Android\Sdk\platform-tools\adb.exe -P 5037 start-server'
[debug] &amp#27;[35m[ADB]&amp#27;[39m Setting device id to emulator-5554
[debug] &amp#27;[35m[ADB]&amp#27;[39m Running 'C:\Users\graeme_churchman\AppData\Local\Android\Sdk\platform-tools\adb.exe -P 5037 -s emulator-5554 shell getprop ro.build.version.sdk'
[debug] &amp#27;[35m[ADB]&amp#27;[39m Current device property 'ro.build.version.sdk': 30
&amp#27;[35m[ADB]&amp#27;[39m Getting device platform version
[debug] &amp#27;[35m[ADB]&amp#27;[39m Running 'C:\Users\graeme_churchman\AppData\Local\Android\Sdk\platform-tools\adb.exe -P 5037 -s emulator-5554 shell getprop ro.build.version.release'
[debug] &amp#27;[35m[ADB]&amp#27;[39m Current device property 'ro.build.version.release': 11
[debug] &amp#27;[35m[ADB]&amp#27;[39m Device API level: 30
&amp#27;[35m[UiAutomator2]&amp#27;[39m Relaxing hidden api policy
[debug] &amp#27;[35m[ADB]&amp#27;[39m Running 'C:\Users\graeme_churchman\AppData\Local\Android\Sdk\platform-tools\adb.exe -P 5037 -s emulator-5554 shell 'settings put global hidden_api_policy_pre_p_apps 1;settings put global hidden_api_policy_p_apps 1;settings put global hidden_api_policy 1''
[debug] &amp#27;[35m[AndroidDriver]&amp#27;[39m Parsing package and activity from app manifest
&amp#27;[35m[ADB]&amp#27;[39m Package name: 'io.appium.android.apis'
&amp#27;[35m[ADB]&amp#27;[39m Main activity name: 'ApiDemos'
[debug] &amp#27;[35m[AndroidDriver]&amp#27;[39m Parsed package and activity are: io.appium.android.apis/ApiDemos
[debug] &amp#27;[35m[ADB]&amp#27;[39m Running 'C:\Users\graeme_churchman\AppData\Local\Android\Sdk\platform-tools\adb.exe -P 5037 -s emulator-5554 wait-for-device'
[debug] &amp#27;[35m[ADB]&amp#27;[39m Running 'C:\Users\graeme_churchman\AppData\Local\Android\Sdk\platform-tools\adb.exe -P 5037 -s emulator-5554 shell echo ping'
[debug] &amp#27;[35m[AndroidDriver]&amp#27;[39m Pushing settings apk to device...
[debug] &amp#27;[35m[ADB]&amp#27;[39m Getting install status for io.appium.settings
[debug] &amp#27;[35m[ADB]&amp#27;[39m Running 'C:\Users\graeme_churchman\AppData\Local\Android\Sdk\platform-tools\adb.exe -P 5037 -s emulator-5554 shell dumpsys package io.appium.settings'
[debug] &amp#27;[35m[ADB]&amp#27;[39m 'io.appium.settings' is installed
[debug] &amp#27;[35m[ADB]&amp#27;[39m Getting package info for 'io.appium.settings'
[debug] &amp#27;[35m[ADB]&amp#27;[39m Running 'C:\Users\graeme_churchman\AppData\Local\Android\Sdk\platform-tools\adb.exe -P 5037 -s emulator-5554 shell dumpsys package io.appium.settings'
[debug] &amp#27;[35m[ADB]&amp#27;[39m The version name of the installed 'io.appium.settings' is greater or equal to the application version name ('3.2.1' >= '3.2.1')
[debug] &amp#27;[35m[ADB]&amp#27;[39m There is no need to install/upgrade 'C:\Users\graeme_churchman\AppData\Roaming\npm\node_modules\appium\node_modules\io.appium.settings\apks\settings_apk-debug.apk'
[debug] &amp#27;[35m[ADB]&amp#27;[39m Getting IDs of all 'io.appium.settings' processes
[debug] &amp#27;[35m[ADB]&amp#27;[39m Running 'C:\Users\graeme_churchman\AppData\Local\Android\Sdk\platform-tools\adb.exe -P 5037 -s emulator-5554 shell 'pgrep --help; echo $?''
[debug] &amp#27;[35m[ADB]&amp#27;[39m Running 'C:\Users\graeme_churchman\AppData\Local\Android\Sdk\platform-tools\adb.exe -P 5037 -s emulator-5554 shell pgrep -f \(\[\[:blank:\]\]\|\^\)io\.appium\.settings\(\[\[:blank:\]\]\|\$\)'
[debug] &amp#27;[35m[AndroidDriver]&amp#27;[39m io.appium.settings is already running. There is no need to reset its permissions.
[debug] &amp#27;[35m[Logcat]&amp#27;[39m Starting logs capture with command: C:\\Users\\graeme_churchman\\AppData\\Local\\Android\\Sdk\\platform-tools\\adb.exe -P 5037 -s emulator-5554 logcat -v threadtime
[debug] &amp#27;[35m[UiAutomator2]&amp#27;[39m Forwarding UiAutomator2 Server port 6790 to local port 8201
[debug] &amp#27;[35m[ADB]&amp#27;[39m Forwarding system: 8201 to device: 6790
[debug] &amp#27;[35m[ADB]&amp#27;[39m Running 'C:\Users\graeme_churchman\AppData\Local\Android\Sdk\platform-tools\adb.exe -P 5037 -s emulator-5554 forward tcp:8201 tcp:6790'
[debug] &amp#27;[35m[ADB]&amp#27;[39m Getting install status for io.appium.uiautomator2.server
[debug] &amp#27;[35m[ADB]&amp#27;[39m Running 'C:\Users\graeme_churchman\AppData\Local\Android\Sdk\platform-tools\adb.exe -P 5037 -s emulator-5554 shell dumpsys package io.appium.uiautomator2.server'
[debug] &amp#27;[35m[ADB]&amp#27;[39m 'io.appium.uiautomator2.server' is installed
[debug] &amp#27;[35m[ADB]&amp#27;[39m Getting package info for 'io.appium.uiautomator2.server'
[debug] &amp#27;[35m[ADB]&amp#27;[39m Running 'C:\Users\graeme_churchman\AppData\Local\Android\Sdk\platform-tools\adb.exe -P 5037 -s emulator-5554 shell dumpsys package io.appium.uiautomator2.server'
[debug] &amp#27;[35m[ADB]&amp#27;[39m The version name of the installed 'io.appium.uiautomator2.server' is greater or equal to the application version name ('4.15.0' >= '4.15.0')
[debug] &amp#27;[35m[UiAutomator2]&amp#27;[39m io.appium.uiautomator2.server installation state: sameVersionInstalled
[debug] &amp#27;[35m[ADB]&amp#27;[39m Checking app cert for C:\Users\graeme_churchman\AppData\Roaming\npm\node_modules\appium\node_modules\appium-uiautomator2-server\apks\appium-uiautomator2-server-v4.15.0.apk
&amp#27;[35m[ADB]&amp#27;[39m Using 'apksigner.jar' from 'C:\Users\graeme_churchman\AppData\Local\Android\Sdk\build-tools\30.0.3\lib\apksigner.jar'
[debug] &amp#27;[35m[ADB]&amp#27;[39m Starting apksigner: 'C:\\Program Files\\Java\\jdk1.8.0_191\\bin\\java.exe' -Xmx1024M -Xss1m -jar C:\\Users\\graeme_churchman\\AppData\\Local\\Android\\Sdk\\build-tools\\30.0.3\\lib\\apksigner.jar verify --print-certs C:\\Users\\graeme_churchman\\AppData\\Roaming\\npm\\node_modules\\appium\\node_modules\\appium-uiautomator2-server\\apks\\appium-uiautomator2-server-v4.15.0.apk
[debug] &amp#27;[35m[ADB]&amp#27;[39m apksigner stdout: Signer #1 certificate DN: EMAILADDRESS=android@android.com, CN=Android, OU=Android, O=Android, L=Mountain View, ST=California, C=US
[debug] &amp#27;[35m[ADB]&amp#27;[39m Signer #1 certificate SHA-256 digest: a40da80a59d170caa950cf15c18c454d47a39b26989d8b640ecd745ba71bf5dc
[debug] &amp#27;[35m[ADB]&amp#27;[39m Signer #1 certificate SHA-1 digest: 61ed377e85d386a8dfee6b864bd85b0bfaa5af81
[debug] &amp#27;[35m[ADB]&amp#27;[39m Signer #1 certificate MD5 digest: e89b158e4bcf988ebd09eb83f5378e87
[debug] &amp#27;[35m[ADB]&amp#27;[39m 
[debug] &amp#27;[35m[ADB]&amp#27;[39m sha256 hash did match for 'appium-uiautomator2-server-v4.15.0.apk'
&amp#27;[35m[ADB]&amp#27;[39m 'C:\Users\graeme_churchman\AppData\Roaming\npm\node_modules\appium\node_modules\appium-uiautomator2-server\apks\appium-uiautomator2-server-v4.15.0.apk' is signed with the default certificate
[debug] &amp#27;[35m[ADB]&amp#27;[39m Getting install status for io.appium.uiautomator2.server.test
[debug] &amp#27;[35m[ADB]&amp#27;[39m Running 'C:\Users\graeme_churchman\AppData\Local\Android\Sdk\platform-tools\adb.exe -P 5037 -s emulator-5554 shell dumpsys package io.appium.uiautomator2.server.test'
[debug] &amp#27;[35m[ADB]&amp#27;[39m 'io.appium.uiautomator2.server.test' is installed
[debug] &amp#27;[35m[ADB]&amp#27;[39m Checking app cert for C:\Users\graeme_churchman\AppData\Roaming\npm\node_modules\appium\node_modules\appium-uiautomator2-server\apks\appium-uiautomator2-server-debug-androidTest.apk
[debug] &amp#27;[35m[ADB]&amp#27;[39m Starting apksigner: 'C:\\Program Files\\Java\\jdk1.8.0_191\\bin\\java.exe' -Xmx1024M -Xss1m -jar C:\\Users\\graeme_churchman\\AppData\\Local\\Android\\Sdk\\build-tools\\30.0.3\\lib\\apksigner.jar verify --print-certs C:\\Users\\graeme_churchman\\AppData\\Roaming\\npm\\node_modules\\appium\\node_modules\\appium-uiautomator2-server\\apks\\appium-uiautomator2-server-debug-androidTest.apk
[debug] &amp#27;[35m[ADB]&amp#27;[39m apksigner stdout: Signer #1 certificate DN: EMAILADDRESS=android@android.com, CN=Android, OU=Android, O=Android, L=Mountain View, ST=California, C=US
[debug] &amp#27;[35m[ADB]&amp#27;[39m Signer #1 certificate SHA-256 digest: a40da80a59d170caa950cf15c18c454d47a39b26989d8b640ecd745ba71bf5dc
[debug] &amp#27;[35m[ADB]&amp#27;[39m Signer #1 certificate SHA-1 digest: 61ed377e85d386a8dfee6b864bd85b0bfaa5af81
[debug] &amp#27;[35m[ADB]&amp#27;[39m Signer #1 certificate MD5 digest: e89b158e4bcf988ebd09eb83f5378e87
[debug] &amp#27;[35m[ADB]&amp#27;[39m 
[debug] &amp#27;[35m[ADB]&amp#27;[39m sha256 hash did match for 'appium-uiautomator2-server-debug-androidTest.apk'
&amp#27;[35m[ADB]&amp#27;[39m 'C:\Users\graeme_churchman\AppData\Roaming\npm\node_modules\appium\node_modules\appium-uiautomator2-server\apks\appium-uiautomator2-server-debug-androidTest.apk' is signed with the default certificate
&amp#27;[35m[UiAutomator2]&amp#27;[39m Server packages are not going to be (re)installed
[debug] &amp#27;[35m[UiAutomator2]&amp#27;[39m Waiting up to 30000ms for services to be available
[debug] &amp#27;[35m[ADB]&amp#27;[39m Running 'C:\Users\graeme_churchman\AppData\Local\Android\Sdk\platform-tools\adb.exe -P 5037 -s emulator-5554 shell pm list instrumentation'
[debug] &amp#27;[35m[UiAutomator2]&amp#27;[39m Instrumentation target 'io.appium.uiautomator2.server.test/androidx.test.runner.AndroidJUnitRunner' is available
[debug] &amp#27;[35m[ADB]&amp#27;[39m Checking app cert for C:\Users\graeme_churchman\eclipse-workspace\AppiumFramework\src\ApiDemos-debug.apk
[debug] &amp#27;[35m[ADB]&amp#27;[39m Starting apksigner: 'C:\\Program Files\\Java\\jdk1.8.0_191\\bin\\java.exe' -Xmx1024M -Xss1m -jar C:\\Users\\graeme_churchman\\AppData\\Local\\Android\\Sdk\\build-tools\\30.0.3\\lib\\apksigner.jar verify --print-certs C:\\Users\\graeme_churchman\\eclipse-workspace\\AppiumFramework\\src\\ApiDemos-debug.apk
[debug] &amp#27;[35m[ADB]&amp#27;[39m apksigner stdout: Signer #1 certificate DN: EMAILADDRESS=android@android.com, CN=Android, OU=Android, O=Android, L=Mountain View, ST=California, C=US
[debug] &amp#27;[35m[ADB]&amp#27;[39m Signer #1 certificate SHA-256 digest: a40da80a59d170caa950cf15c18c454d47a39b26989d8b640ecd745ba71bf5dc
[debug] &amp#27;[35m[ADB]&amp#27;[39m Signer #1 certificate SHA-1 digest: 61ed377e85d386a8dfee6b864bd85b0bfaa5af81
[debug] &amp#27;[35m[ADB]&amp#27;[39m Signer #1 certificate MD5 digest: e89b158e4bcf988ebd09eb83f5378e87
[debug] &amp#27;[35m[ADB]&amp#27;[39m 
[debug] &amp#27;[35m[ADB]&amp#27;[39m sha256 hash did match for 'ApiDemos-debug.apk'
&amp#27;[35m[ADB]&amp#27;[39m 'C:\Users\graeme_churchman\eclipse-workspace\AppiumFramework\src\ApiDemos-debug.apk' is signed with the default certificate
[debug] &amp#27;[35m[ADB]&amp#27;[39m Uninstalling io.appium.android.apis
[debug] &amp#27;[35m[ADB]&amp#27;[39m Getting install status for io.appium.android.apis
[debug] &amp#27;[35m[ADB]&amp#27;[39m Running 'C:\Users\graeme_churchman\AppData\Local\Android\Sdk\platform-tools\adb.exe -P 5037 -s emulator-5554 shell dumpsys package io.appium.android.apis'
[debug] &amp#27;[35m[ADB]&amp#27;[39m 'io.appium.android.apis' is installed
[debug] &amp#27;[35m[ADB]&amp#27;[39m Running 'C:\Users\graeme_churchman\AppData\Local\Android\Sdk\platform-tools\adb.exe -P 5037 -s emulator-5554 shell am force-stop io.appium.android.apis'
[debug] &amp#27;[35m[ADB]&amp#27;[39m Running 'C:\Users\graeme_churchman\AppData\Local\Android\Sdk\platform-tools\adb.exe -P 5037 -s emulator-5554 uninstall io.appium.android.apis'
[debug] &amp#27;[35m[ADB]&amp#27;[39m 'adb uninstall io.appium.android.apis' command output: Success
&amp#27;[35m[ADB]&amp#27;[39m io.appium.android.apis was successfully uninstalled
[debug] &amp#27;[35m[ADB]&amp#27;[39m Getting install status for io.appium.android.apis
[debug] &amp#27;[35m[ADB]&amp#27;[39m Running 'C:\Users\graeme_churchman\AppData\Local\Android\Sdk\platform-tools\adb.exe -P 5037 -s emulator-5554 shell dumpsys package io.appium.android.apis'
[debug] &amp#27;[35m[ADB]&amp#27;[39m 'io.appium.android.apis' is not installed
[debug] &amp#27;[35m[AndroidDriver]&amp#27;[39m Running full reset on 'io.appium.android.apis' (reinstall)
[debug] &amp#27;[35m[ADB]&amp#27;[39m Running 'C:\Users\graeme_churchman\AppData\Local\Android\Sdk\platform-tools\adb.exe -P 5037 -s emulator-5554 help'
[debug] &amp#27;[35m[ADB]&amp#27;[39m Running 'C:\Users\graeme_churchman\AppData\Local\Android\Sdk\platform-tools\adb.exe -P 5037 -s emulator-5554 features'
&amp#27;[35m[ADB]&amp#27;[39m The application at 'C:\Users\graeme_churchman\eclipse-workspace\AppiumFramework\src\ApiDemos-debug.apk' will not be cached, because the device under test has confirmed the support of streamed installs
[debug] &amp#27;[35m[ADB]&amp#27;[39m Running 'C:\Users\graeme_churchman\AppData\Local\Android\Sdk\platform-tools\adb.exe -P 5037 -s emulator-5554 install -r -g C:\Users\graeme_churchman\eclipse-workspace\AppiumFramework\src\ApiDemos-debug.apk'
&amp#27;[35m[ADB]&amp#27;[39m The installation of 'ApiDemos-debug.apk' took 1114ms
[debug] &amp#27;[35m[ADB]&amp#27;[39m Install command stdout: Performing Streamed Install
[debug] &amp#27;[35m[ADB]&amp#27;[39m Success
[debug] &amp#27;[35m[UiAutomator2]&amp#27;[39m Performing shallow cleanup of automation leftovers
[debug] &amp#27;[35m[UiAutomator2]&amp#27;[39m The following obsolete sessions are still running: [null]
[debug] &amp#27;[35m[UiAutomator2]&amp#27;[39m Cleaning up the obsolete sessions
[debug] &amp#27;[35m[ADB]&amp#27;[39m Running 'C:\Users\graeme_churchman\AppData\Local\Android\Sdk\platform-tools\adb.exe -P 5037 -s emulator-5554 shell am force-stop io.appium.uiautomator2.server.test'
&amp#27;[35m[UiAutomator2]&amp#27;[39m Starting UIAutomator2 server 4.15.0
&amp#27;[35m[UiAutomator2]&amp#27;[39m Using UIAutomator2 server from 'C:\Users\graeme_churchman\AppData\Roaming\npm\node_modules\appium\node_modules\appium-uiautomator2-server\apks\appium-uiautomator2-server-v4.15.0.apk' and test from 'C:\Users\graeme_churchman\AppData\Roaming\npm\node_modules\appium\node_modules\appium-uiautomator2-server\apks\appium-uiautomator2-server-debug-androidTest.apk'
&amp#27;[35m[UiAutomator2]&amp#27;[39m Waiting up to 30000ms for UiAutomator2 to be online...
[debug] &amp#27;[35m[ADB]&amp#27;[39m Creating ADB subprocess with args: ["-P",5037,"-s","emulator-5554","shell","am","instrument","-w","io.appium.uiautomator2.server.test/androidx.test.runner.AndroidJUnitRunner"]
[debug] &amp#27;[35m[WD Proxy]&amp#27;[39m Matched '/status' to command name 'getStatus'
[debug] &amp#27;[35m[WD Proxy]&amp#27;[39m Proxying [GET /status] to [GET http://127.0.0.1:8201/wd/hub/status] with no body
&amp#27;[35m[WD Proxy]&amp#27;[39m socket hang up
[debug] &amp#27;[35m[Instrumentation]&amp#27;[39m io.appium.uiautomator2.server.test.AppiumUiAutomator2Server:
[debug] &amp#27;[35m[WD Proxy]&amp#27;[39m Matched '/status' to command name 'getStatus'
[debug] &amp#27;[35m[WD Proxy]&amp#27;[39m Proxying [GET /status] to [GET http://127.0.0.1:8201/wd/hub/status] with no body
&amp#27;[35m[WD Proxy]&amp#27;[39m socket hang up
[debug] &amp#27;[35m[WD Proxy]&amp#27;[39m Matched '/status' to command name 'getStatus'
[debug] &amp#27;[35m[WD Proxy]&amp#27;[39m Proxying [GET /status] to [GET http://127.0.0.1:8201/wd/hub/status] with no body
[debug] &amp#27;[35m[WD Proxy]&amp#27;[39m Got response with status 200: {"sessionId":"None","value":{"message":"UiAutomator2 Server is ready to accept commands","ready":true}}
[debug] &amp#27;[35m[UiAutomator2]&amp#27;[39m The initialization of the instrumentation process took 3215ms
[debug] &amp#27;[35m[WD Proxy]&amp#27;[39m Matched '/session' to command name 'createSession'
[debug] &amp#27;[35m[WD Proxy]&amp#27;[39m Proxying [POST /session] to [POST http://127.0.0.1:8201/wd/hub/session] with body: {"capabilities":{"firstMatch":[{"platform":"LINUX","webStorageEnabled":false,"takesScreenshot":true,"javascriptEnabled":true,"databaseEnabled":false,"networkConnectionEnabled":true,"locationContextEnabled":false,"warnings":{},"desired":{"platformName":"android","app":"C:\\Users\\graeme_churchman\\eclipse-workspace\\AppiumFramework\\src\\ApiDemos-debug.apk","autoGrantPermissions":true,"automationName":"Uiautomator2","chromedriverExecutable":"C:/QA_Tools/chromedriver/lib/chromedriver/chromedriver.exe","deviceName":"GraemeEmulator","fullReset":true,"newCommandTimeout":14,"noReset":false},"platformName":"android","app":"C:\\Users\\graeme_churchman\\eclipse-workspace\\AppiumFramework\\src\\ApiDemos-debug.apk","autoGrantPermissions":true,"automationName":"Uiautomator2","chromedriverExecutable":"C:/QA_Tools/chromedriver/lib/chromedriver/chromedriver.exe","deviceName":"emulator-5554","fullReset":true,"newCommandTimeout":14,"noReset":false,"deviceUDID":"emulator-5554","appPackage":"io.appium.android.apis"}],"always...
[debug] &amp#27;[35m[WD Proxy]&amp#27;[39m Got response with status 200: {"sessionId":"572c2cb7-3dfa-4c1e-8c9b-324450c6fe63","value":{"capabilities":{"firstMatch":[{"platform":"LINUX","webStorageEnabled":false,"takesScreenshot":true,"javascriptEnabled":true,"databaseEnabled":false,"networkConnectionEnabled":true,"locationContextEnabled":false,"warnings":{},"desired":{"platformName":"android","app":"C:\\Users\\graeme_churchman\\eclipse-workspace\\AppiumFramework\\src\\ApiDemos-debug.apk","autoGrantPermissions":true,"automationName":"Uiautomator2","chromedriverExecutable":"C:/QA_Tools/chromedriver/lib/chromedriver/chromedriver.exe","deviceName":"GraemeEmulator","fullReset":true,"newCommandTimeout":14,"noReset":false},"platformName":"android","app":"C:\\Users\\graeme_churchman\\eclipse-workspace\\AppiumFramework\\src\\ApiDemos-debug.apk","autoGrantPermissions":true,"automationName":"Uiautomator2","chromedriverExecutable":"C:/QA_Tools/chromedriver/lib/chromedriver/chromedriver.exe","deviceName":"emulator-5554","fullReset":true,"newCommandTimeout":14,"noReset":false,"deviceUDID":"em...
&amp#27;[35m[WD Proxy]&amp#27;[39m Determined the downstream protocol as 'W3C'
[debug] &amp#27;[35m[WD Proxy]&amp#27;[39m Proxying [GET /appium/device/info] to [GET http://127.0.0.1:8201/wd/hub/session/572c2cb7-3dfa-4c1e-8c9b-324450c6fe63/appium/device/info] with no body
[debug] &amp#27;[35m[WD Proxy]&amp#27;[39m Got response with status 200: {"sessionId":"572c2cb7-3dfa-4c1e-8c9b-324450c6fe63","value":{"androidId":"eaeca40a8a36f7b0","apiVersion":"30","bluetooth":{"state":"ON"},"brand":"google","carrierName":"Android","displayDensity":420,"locale":"en_US","manufacturer":"Google","model":"sdk_gphone_x86","networks":[{"capabilities":{"SSID":null,"linkDownBandwidthKbps":30000,"linkUpstreamBandwidthKbps":15000,"networkCapabilities":"NET_CAPABILITY_MMS,NET_CAPABILITY_SUPL,NET_CAPABILITY_DUN,NET_CAPABILITY_FOTA,NET_CAPABILITY_IMS,NET_CAPABILITY_CBS,NET_CAPABILITY_INTERNET,NET_CAPABILITY_NOT_RESTRICTED,NET_CAPABILITY_TRUSTED,NET_CAPABILITY_NOT_VPN,NET_CAPABILITY_NOT_ROAMING,NET_CAPABILITY_FOREGROUND,NET_CAPABILITY_NOT_CONGESTED,NET_CAPABILITY_NOT_SUSPENDED","signalStrength":-2147483648,"transportTypes":"TRANSPORT_CELLULAR"},"detailedState":"CONNECTED","extraInfo":"epc.tmobile.com","isAvailable":true,"isConnected":true,"isFailover":false,"isRoaming":false,"state":"CONNECTED","subtype":13,"subtypeName":"LTE","type":0,"typeName":"MOBILE"}],"platformVersio...
[debug] &amp#27;[35m[ADB]&amp#27;[39m Running 'C:\Users\graeme_churchman\AppData\Local\Android\Sdk\platform-tools\adb.exe -P 5037 -s emulator-5554 shell dumpsys window'
&amp#27;[35m[AndroidDriver]&amp#27;[39m Screen already unlocked, doing nothing
&amp#27;[35m[UiAutomator2]&amp#27;[39m Starting 'io.appium.android.apis/ApiDemos and waiting for 'io.appium.android.apis/ApiDemos'
[debug] &amp#27;[35m[ADB]&amp#27;[39m Running 'C:\Users\graeme_churchman\AppData\Local\Android\Sdk\platform-tools\adb.exe -P 5037 -s emulator-5554 shell am start -W -n io.appium.android.apis/ApiDemos -S -a android.intent.action.MAIN -c android.intent.category.LAUNCHER -f 0x10200000'
[debug] &amp#27;[35m[ADB]&amp#27;[39m We tried to start an activity that doesn't exist, retrying with '.ApiDemos' activity name
[debug] &amp#27;[35m[ADB]&amp#27;[39m Running 'C:\Users\graeme_churchman\AppData\Local\Android\Sdk\platform-tools\adb.exe -P 5037 -s emulator-5554 shell am start -W -n io.appium.android.apis/.ApiDemos -S -a android.intent.action.MAIN -c android.intent.category.LAUNCHER -f 0x10200000'
[debug] &amp#27;[35m[ADB]&amp#27;[39m Waiting up to 20000ms for activity matching pkg: 'io.appium.android.apis' and activity: 'ApiDemos' to be focused
[debug] &amp#27;[35m[ADB]&amp#27;[39m Possible activities, to be checked: 'ApiDemos', 'io.appium.android.apis.ApiDemos'
[debug] &amp#27;[35m[ADB]&amp#27;[39m Getting focused package and activity
[debug] &amp#27;[35m[ADB]&amp#27;[39m Running 'C:\Users\graeme_churchman\AppData\Local\Android\Sdk\platform-tools\adb.exe -P 5037 -s emulator-5554 shell dumpsys window displays'
[debug] &amp#27;[35m[ADB]&amp#27;[39m Found package: 'io.appium.android.apis' and fully qualified activity name : 'io.appium.android.apis.ApiDemos'
[debug] &amp#27;[35m[WD Proxy]&amp#27;[39m Proxying [GET /appium/device/pixel_ratio] to [GET http://127.0.0.1:8201/wd/hub/session/572c2cb7-3dfa-4c1e-8c9b-324450c6fe63/appium/device/pixel_ratio] with no body
[debug] &amp#27;[35m[WD Proxy]&amp#27;[39m Got response with status 200: {"sessionId":"572c2cb7-3dfa-4c1e-8c9b-324450c6fe63","value":2.625}
[debug] &amp#27;[35m[WD Proxy]&amp#27;[39m Matched '/appium/device/system_bars' to command name 'getSystemBars'
[debug] &amp#27;[35m[WD Proxy]&amp#27;[39m Proxying [GET /appium/device/system_bars] to [GET http://127.0.0.1:8201/wd/hub/session/572c2cb7-3dfa-4c1e-8c9b-324450c6fe63/appium/device/system_bars] with no body
[debug] &amp#27;[35m[WD Proxy]&amp#27;[39m Got response with status 200: {"sessionId":"572c2cb7-3dfa-4c1e-8c9b-324450c6fe63","value":{"statusBar":63}}
[debug] &amp#27;[35m[WD Proxy]&amp#27;[39m Matched '/window/current/size' to command name 'getWindowSize'
[debug] &amp#27;[35m[WD Proxy]&amp#27;[39m Proxying [GET /window/current/size] to [GET http://127.0.0.1:8201/wd/hub/session/572c2cb7-3dfa-4c1e-8c9b-324450c6fe63/window/current/size] with no body
[debug] &amp#27;[35m[WD Proxy]&amp#27;[39m Got response with status 200: {"sessionId":"572c2cb7-3dfa-4c1e-8c9b-324450c6fe63","value":{"height":1794,"width":1080}}
&amp#27;[35m[Appium]&amp#27;[39m New AndroidUiautomator2Driver session created successfully, session 3409e5b4-71b5-46f2-a31e-76c7dc3c69ee added to master session list
[debug] &amp#27;[35m[BaseDriver]&amp#27;[39m Event 'newSessionStarted' logged at 1610642725303 (16:45:25 GMT+0000 (Greenwich Mean Time))
[debug] &amp#27;[35m[W3C (3409e5b4)]&amp#27;[39m Cached the protocol value 'W3C' for the new session 3409e5b4-71b5-46f2-a31e-76c7dc3c69ee
[debug] &amp#27;[35m[W3C (3409e5b4)]&amp#27;[39m Responding to client with driver.createSession() result: {"capabilities":{"platform":"LINUX","webStorageEnabled":false,"takesScreenshot":true,"javascriptEnabled":true,"databaseEnabled":false,"networkConnectionEnabled":true,"locationContextEnabled":false,"warnings":{},"desired":{"platformName":"android","app":"C:\\Users\\graeme_churchman\\eclipse-workspace\\AppiumFramework\\src\\ApiDemos-debug.apk","autoGrantPermissions":true,"automationName":"Uiautomator2","chromedriverExecutable":"C:/QA_Tools/chromedriver/lib/chromedriver/chromedriver.exe","deviceName":"GraemeEmulator","fullReset":true,"newCommandTimeout":14,"noReset":false},"platformName":"android","app":"C:\\Users\\graeme_churchman\\eclipse-workspace\\AppiumFramework\\src\\ApiDemos-debug.apk","autoGrantPermissions":true,"automationName":"Uiautomator2","chromedriverExecutable":"C:/QA_Tools/chromedriver/lib/chromedriver/chromedriver.exe","deviceName":"emulator-5554","fullReset":true,"newCommandTimeout":14,"noReset":false,"deviceUDID":"emulator-5554","appPackage":"io.appium.android.apis","deviceApiLevel":30,"pla...
&amp#27;[35m[HTTP]&amp#27;[39m &amp#27;[37m<-- POST /wd/hub/session &amp#27;[39m&amp#27;[32m200&amp#27;[39m &amp#27;[90m16799 ms - 1320&amp#27;[39m
&amp#27;[35m[HTTP]&amp#27;[39m &amp#27;[90m&amp#27;[39m
&amp#27;[35m[HTTP]&amp#27;[39m &amp#27;[37m-->&amp#27;[39m &amp#27;[37mPOST&amp#27;[39m &amp#27;[37m/wd/hub/session/3409e5b4-71b5-46f2-a31e-76c7dc3c69ee/timeouts&amp#27;[39m
&amp#27;[35m[HTTP]&amp#27;[39m &amp#27;[90m{"implicit":60000}&amp#27;[39m
[debug] &amp#27;[35m[W3C (3409e5b4)]&amp#27;[39m Calling AppiumDriver.timeouts() with args: [null,null,null,null,60000,"3409e5b4-71b5-46f2-a31e-76c7dc3c69ee"]
[debug] &amp#27;[35m[BaseDriver]&amp#27;[39m W3C timeout argument: {"implicit":60000}}
[debug] &amp#27;[35m[BaseDriver]&amp#27;[39m Set implicit wait to 60000ms
[debug] &amp#27;[35m[W3C (3409e5b4)]&amp#27;[39m Responding to client with driver.timeouts() result: null
&amp#27;[35m[HTTP]&amp#27;[39m &amp#27;[37m<-- POST /wd/hub/session/3409e5b4-71b5-46f2-a31e-76c7dc3c69ee/timeouts &amp#27;[39m&amp#27;[32m200&amp#27;[39m &amp#27;[90m6 ms - 14&amp#27;[39m
&amp#27;[35m[HTTP]&amp#27;[39m &amp#27;[90m&amp#27;[39m
&amp#27;[35m[HTTP]&amp#27;[39m &amp#27;[37m-->&amp#27;[39m &amp#27;[37mPOST&amp#27;[39m &amp#27;[37m/wd/hub/session/3409e5b4-71b5-46f2-a31e-76c7dc3c69ee/element&amp#27;[39m
&amp#27;[35m[HTTP]&amp#27;[39m &amp#27;[90m{"using":"xpath","value":"//android.widget.Button[@text='OK']"}&amp#27;[39m
[debug] &amp#27;[35m[W3C (3409e5b4)]&amp#27;[39m Calling AppiumDriver.findElement() with args: ["xpath","//android.widget.Button[@text='OK']","3409e5b4-71b5-46f2-a31e-76c7dc3c69ee"]
[debug] &amp#27;[35m[BaseDriver]&amp#27;[39m Valid locator strategies for this request: xpath, id, class name, accessibility id, css selector, -android uiautomator
[debug] &amp#27;[35m[BaseDriver]&amp#27;[39m Waiting up to 60000 ms for condition
[debug] &amp#27;[35m[WD Proxy]&amp#27;[39m Matched '/element' to command name 'findElement'
[debug] &amp#27;[35m[WD Proxy]&amp#27;[39m Proxying [POST /element] to [POST http://127.0.0.1:8201/wd/hub/session/572c2cb7-3dfa-4c1e-8c9b-324450c6fe63/element] with body: {"strategy":"xpath","selector":"//android.widget.Button[@text='OK']","context":"","multiple":false}
[debug] &amp#27;[35m[WD Proxy]&amp#27;[39m Got response with status 200: {"sessionId":"572c2cb7-3dfa-4c1e-8c9b-324450c6fe63","value":{"ELEMENT":"bb211272-5d3d-4bd8-9d53-a2a3cfc06389","element-6066-11e4-a52e-4f735466cecf":"bb211272-5d3d-4bd8-9d53-a2a3cfc06389"}}
[debug] &amp#27;[35m[W3C (3409e5b4)]&amp#27;[39m Responding to client with driver.findElement() result: {"element-6066-11e4-a52e-4f735466cecf":"bb211272-5d3d-4bd8-9d53-a2a3cfc06389","ELEMENT":"bb211272-5d3d-4bd8-9d53-a2a3cfc06389"}
&amp#27;[35m[HTTP]&amp#27;[39m &amp#27;[37m<-- POST /wd/hub/session/3409e5b4-71b5-46f2-a31e-76c7dc3c69ee/element &amp#27;[39m&amp#27;[32m200&amp#27;[39m &amp#27;[90m225 ms - 137&amp#27;[39m
&amp#27;[35m[HTTP]&amp#27;[39m &amp#27;[90m&amp#27;[39m
&amp#27;[35m[HTTP]&amp#27;[39m &amp#27;[37m-->&amp#27;[39m &amp#27;[37mPOST&amp#27;[39m &amp#27;[37m/wd/hub/session/3409e5b4-71b5-46f2-a31e-76c7dc3c69ee/element/bb211272-5d3d-4bd8-9d53-a2a3cfc06389/click&amp#27;[39m
&amp#27;[35m[HTTP]&amp#27;[39m &amp#27;[90m{"id":"bb211272-5d3d-4bd8-9d53-a2a3cfc06389"}&amp#27;[39m
[debug] &amp#27;[35m[W3C (3409e5b4)]&amp#27;[39m Calling AppiumDriver.click() with args: ["bb211272-5d3d-4bd8-9d53-a2a3cfc06389","3409e5b4-71b5-46f2-a31e-76c7dc3c69ee"]
[debug] &amp#27;[35m[WD Proxy]&amp#27;[39m Matched '/element/bb211272-5d3d-4bd8-9d53-a2a3cfc06389/click' to command name 'click'
[debug] &amp#27;[35m[WD Proxy]&amp#27;[39m Proxying [POST /element/bb211272-5d3d-4bd8-9d53-a2a3cfc06389/click] to [POST http://127.0.0.1:8201/wd/hub/session/572c2cb7-3dfa-4c1e-8c9b-324450c6fe63/element/bb211272-5d3d-4bd8-9d53-a2a3cfc06389/click] with body: {"element":"bb211272-5d3d-4bd8-9d53-a2a3cfc06389"}
[debug] &amp#27;[35m[WD Proxy]&amp#27;[39m Got response with status 200: {"sessionId":"572c2cb7-3dfa-4c1e-8c9b-324450c6fe63","value":null}
[debug] &amp#27;[35m[W3C (3409e5b4)]&amp#27;[39m Responding to client with driver.click() result: null
&amp#27;[35m[HTTP]&amp#27;[39m &amp#27;[37m<-- POST /wd/hub/session/3409e5b4-71b5-46f2-a31e-76c7dc3c69ee/element/bb211272-5d3d-4bd8-9d53-a2a3cfc06389/click &amp#27;[39m&amp#27;[32m200&amp#27;[39m &amp#27;[90m63 ms - 14&amp#27;[39m
&amp#27;[35m[HTTP]&amp#27;[39m &amp#27;[90m&amp#27;[39m
&amp#27;[35m[HTTP]&amp#27;[39m &amp#27;[37m-->&amp#27;[39m &amp#27;[37mPOST&amp#27;[39m &amp#27;[37m/wd/hub/session/3409e5b4-71b5-46f2-a31e-76c7dc3c69ee/timeouts&amp#27;[39m
&amp#27;[35m[HTTP]&amp#27;[39m &amp#27;[90m{"implicit":10000}&amp#27;[39m
[debug] &amp#27;[35m[W3C (3409e5b4)]&amp#27;[39m Calling AppiumDriver.timeouts() with args: [null,null,null,null,10000,"3409e5b4-71b5-46f2-a31e-76c7dc3c69ee"]
[debug] &amp#27;[35m[BaseDriver]&amp#27;[39m W3C timeout argument: {"implicit":10000}}
[debug] &amp#27;[35m[BaseDriver]&amp#27;[39m Set implicit wait to 10000ms
[debug] &amp#27;[35m[W3C (3409e5b4)]&amp#27;[39m Responding to client with driver.timeouts() result: null
&amp#27;[35m[HTTP]&amp#27;[39m &amp#27;[37m<-- POST /wd/hub/session/3409e5b4-71b5-46f2-a31e-76c7dc3c69ee/timeouts &amp#27;[39m&amp#27;[32m200&amp#27;[39m &amp#27;[90m4 ms - 14&amp#27;[39m
&amp#27;[35m[HTTP]&amp#27;[39m &amp#27;[90m&amp#27;[39m
&amp#27;[35m[HTTP]&amp#27;[39m &amp#27;[37m-->&amp#27;[39m &amp#27;[37mGET&amp#27;[39m &amp#27;[37m/wd/hub/session/3409e5b4-71b5-46f2-a31e-76c7dc3c69ee/context&amp#27;[39m
&amp#27;[35m[HTTP]&amp#27;[39m &amp#27;[90m{}&amp#27;[39m
[debug] &amp#27;[35m[W3C (3409e5b4)]&amp#27;[39m Calling AppiumDriver.getCurrentContext() with args: ["3409e5b4-71b5-46f2-a31e-76c7dc3c69ee"]
[debug] &amp#27;[35m[W3C (3409e5b4)]&amp#27;[39m Responding to client with driver.getCurrentContext() result: "NATIVE_APP"
&amp#27;[35m[HTTP]&amp#27;[39m &amp#27;[37m<-- GET /wd/hub/session/3409e5b4-71b5-46f2-a31e-76c7dc3c69ee/context &amp#27;[39m&amp#27;[32m200&amp#27;[39m &amp#27;[90m7 ms - 22&amp#27;[39m
&amp#27;[35m[HTTP]&amp#27;[39m &amp#27;[90m&amp#27;[39m
&amp#27;[35m[HTTP]&amp#27;[39m &amp#27;[37m-->&amp#27;[39m &amp#27;[37mPOST&amp#27;[39m &amp#27;[37m/wd/hub/session/3409e5b4-71b5-46f2-a31e-76c7dc3c69ee/element&amp#27;[39m
&amp#27;[35m[HTTP]&amp#27;[39m &amp#27;[90m{"using":"xpath","value":"//android.widget.TextView[@text='Preference']"}&amp#27;[39m
[debug] &amp#27;[35m[W3C (3409e5b4)]&amp#27;[39m Calling AppiumDriver.findElement() with args: ["xpath","//android.widget.TextView[@text='Preference']","3409e5b4-71b5-46f2-a31e-76c7dc3c69ee"]
[debug] &amp#27;[35m[BaseDriver]&amp#27;[39m Valid locator strategies for this request: xpath, id, class name, accessibility id, css selector, -android uiautomator
[debug] &amp#27;[35m[BaseDriver]&amp#27;[39m Waiting up to 10000 ms for condition
[debug] &amp#27;[35m[WD Proxy]&amp#27;[39m Matched '/element' to command name 'findElement'
[debug] &amp#27;[35m[WD Proxy]&amp#27;[39m Proxying [POST /element] to [POST http://127.0.0.1:8201/wd/hub/session/572c2cb7-3dfa-4c1e-8c9b-324450c6fe63/element] with body: {"strategy":"xpath","selector":"//android.widget.TextView[@text='Preference']","context":"","multiple":false}
[debug] &amp#27;[35m[WD Proxy]&amp#27;[39m Got response with status 200: {"sessionId":"572c2cb7-3dfa-4c1e-8c9b-324450c6fe63","value":{"ELEMENT":"aa5d1004-bdd9-4b99-a5f7-a075e98adfb4","element-6066-11e4-a52e-4f735466cecf":"aa5d1004-bdd9-4b99-a5f7-a075e98adfb4"}}
[debug] &amp#27;[35m[W3C (3409e5b4)]&amp#27;[39m Responding to client with driver.findElement() result: {"element-6066-11e4-a52e-4f735466cecf":"aa5d1004-bdd9-4b99-a5f7-a075e98adfb4","ELEMENT":"aa5d1004-bdd9-4b99-a5f7-a075e98adfb4"}
&amp#27;[35m[HTTP]&amp#27;[39m &amp#27;[37m<-- POST /wd/hub/session/3409e5b4-71b5-46f2-a31e-76c7dc3c69ee/element &amp#27;[39m&amp#27;[32m200&amp#27;[39m &amp#27;[90m658 ms - 137&amp#27;[39m
&amp#27;[35m[HTTP]&amp#27;[39m &amp#27;[90m&amp#27;[39m
&amp#27;[35m[HTTP]&amp#27;[39m &amp#27;[37m-->&amp#27;[39m &amp#27;[37mPOST&amp#27;[39m &amp#27;[37m/wd/hub/session/3409e5b4-71b5-46f2-a31e-76c7dc3c69ee/element/aa5d1004-bdd9-4b99-a5f7-a075e98adfb4/click&amp#27;[39m
&amp#27;[35m[HTTP]&amp#27;[39m &amp#27;[90m{"id":"aa5d1004-bdd9-4b99-a5f7-a075e98adfb4"}&amp#27;[39m
[debug] &amp#27;[35m[W3C (3409e5b4)]&amp#27;[39m Calling AppiumDriver.click() with args: ["aa5d1004-bdd9-4b99-a5f7-a075e98adfb4","3409e5b4-71b5-46f2-a31e-76c7dc3c69ee"]
[debug] &amp#27;[35m[WD Proxy]&amp#27;[39m Matched '/element/aa5d1004-bdd9-4b99-a5f7-a075e98adfb4/click' to command name 'click'
[debug] &amp#27;[35m[WD Proxy]&amp#27;[39m Proxying [POST /element/aa5d1004-bdd9-4b99-a5f7-a075e98adfb4/click] to [POST http://127.0.0.1:8201/wd/hub/session/572c2cb7-3dfa-4c1e-8c9b-324450c6fe63/element/aa5d1004-bdd9-4b99-a5f7-a075e98adfb4/click] with body: {"element":"aa5d1004-bdd9-4b99-a5f7-a075e98adfb4"}
[debug] &amp#27;[35m[WD Proxy]&amp#27;[39m Got response with status 200: {"sessionId":"572c2cb7-3dfa-4c1e-8c9b-324450c6fe63","value":null}
[debug] &amp#27;[35m[W3C (3409e5b4)]&amp#27;[39m Responding to client with driver.click() result: null
&amp#27;[35m[HTTP]&amp#27;[39m &amp#27;[37m<-- POST /wd/hub/session/3409e5b4-71b5-46f2-a31e-76c7dc3c69ee/element/aa5d1004-bdd9-4b99-a5f7-a075e98adfb4/click &amp#27;[39m&amp#27;[32m200&amp#27;[39m &amp#27;[90m1066 ms - 14&amp#27;[39m
&amp#27;[35m[HTTP]&amp#27;[39m &amp#27;[90m&amp#27;[39m
&amp#27;[35m[HTTP]&amp#27;[39m &amp#27;[37m-->&amp#27;[39m &amp#27;[37mGET&amp#27;[39m &amp#27;[37m/wd/hub/session/3409e5b4-71b5-46f2-a31e-76c7dc3c69ee/context&amp#27;[39m
&amp#27;[35m[HTTP]&amp#27;[39m &amp#27;[90m{}&amp#27;[39m
[debug] &amp#27;[35m[W3C (3409e5b4)]&amp#27;[39m Calling AppiumDriver.getCurrentContext() with args: ["3409e5b4-71b5-46f2-a31e-76c7dc3c69ee"]
[debug] &amp#27;[35m[W3C (3409e5b4)]&amp#27;[39m Responding to client with driver.getCurrentContext() result: "NATIVE_APP"
&amp#27;[35m[HTTP]&amp#27;[39m &amp#27;[37m<-- GET /wd/hub/session/3409e5b4-71b5-46f2-a31e-76c7dc3c69ee/context &amp#27;[39m&amp#27;[32m200&amp#27;[39m &amp#27;[90m6 ms - 22&amp#27;[39m
&amp#27;[35m[HTTP]&amp#27;[39m &amp#27;[90m&amp#27;[39m
&amp#27;[35m[HTTP]&amp#27;[39m &amp#27;[37m-->&amp#27;[39m &amp#27;[37mPOST&amp#27;[39m &amp#27;[37m/wd/hub/session/3409e5b4-71b5-46f2-a31e-76c7dc3c69ee/element&amp#27;[39m
&amp#27;[35m[HTTP]&amp#27;[39m &amp#27;[90m{"using":"xpath","value":"//android.widget.TextView[@text='3. Preference dependencies']"}&amp#27;[39m
[debug] &amp#27;[35m[W3C (3409e5b4)]&amp#27;[39m Calling AppiumDriver.findElement() with args: ["xpath","//android.widget.TextView[@text='3. Preference dependencies']","3409e5b4-71b5-46f2-a31e-76c7dc3c69ee"]
[debug] &amp#27;[35m[BaseDriver]&amp#27;[39m Valid locator strategies for this request: xpath, id, class name, accessibility id, css selector, -android uiautomator
[debug] &amp#27;[35m[BaseDriver]&amp#27;[39m Waiting up to 10000 ms for condition
[debug] &amp#27;[35m[WD Proxy]&amp#27;[39m Matched '/element' to command name 'findElement'
[debug] &amp#27;[35m[WD Proxy]&amp#27;[39m Proxying [POST /element] to [POST http://127.0.0.1:8201/wd/hub/session/572c2cb7-3dfa-4c1e-8c9b-324450c6fe63/element] with body: {"strategy":"xpath","selector":"//android.widget.TextView[@text='3. Preference dependencies']","context":"","multiple":false}
[debug] &amp#27;[35m[WD Proxy]&amp#27;[39m Got response with status 200: {"sessionId":"572c2cb7-3dfa-4c1e-8c9b-324450c6fe63","value":{"ELEMENT":"96be315f-e92e-4400-ae04-9e636b3ec5fe","element-6066-11e4-a52e-4f735466cecf":"96be315f-e92e-4400-ae04-9e636b3ec5fe"}}
[debug] &amp#27;[35m[W3C (3409e5b4)]&amp#27;[39m Responding to client with driver.findElement() result: {"element-6066-11e4-a52e-4f735466cecf":"96be315f-e92e-4400-ae04-9e636b3ec5fe","ELEMENT":"96be315f-e92e-4400-ae04-9e636b3ec5fe"}
&amp#27;[35m[HTTP]&amp#27;[39m &amp#27;[37m<-- POST /wd/hub/session/3409e5b4-71b5-46f2-a31e-76c7dc3c69ee/element &amp#27;[39m&amp#27;[32m200&amp#27;[39m &amp#27;[90m52 ms - 137&amp#27;[39m
&amp#27;[35m[HTTP]&amp#27;[39m &amp#27;[90m&amp#27;[39m
&amp#27;[35m[HTTP]&amp#27;[39m &amp#27;[37m-->&amp#27;[39m &amp#27;[37mPOST&amp#27;[39m &amp#27;[37m/wd/hub/session/3409e5b4-71b5-46f2-a31e-76c7dc3c69ee/element/96be315f-e92e-4400-ae04-9e636b3ec5fe/click&amp#27;[39m
&amp#27;[35m[HTTP]&amp#27;[39m &amp#27;[90m{"id":"96be315f-e92e-4400-ae04-9e636b3ec5fe"}&amp#27;[39m
[debug] &amp#27;[35m[W3C (3409e5b4)]&amp#27;[39m Calling AppiumDriver.click() with args: ["96be315f-e92e-4400-ae04-9e636b3ec5fe","3409e5b4-71b5-46f2-a31e-76c7dc3c69ee"]
[debug] &amp#27;[35m[WD Proxy]&amp#27;[39m Matched '/element/96be315f-e92e-4400-ae04-9e636b3ec5fe/click' to command name 'click'
[debug] &amp#27;[35m[WD Proxy]&amp#27;[39m Proxying [POST /element/96be315f-e92e-4400-ae04-9e636b3ec5fe/click] to [POST http://127.0.0.1:8201/wd/hub/session/572c2cb7-3dfa-4c1e-8c9b-324450c6fe63/element/96be315f-e92e-4400-ae04-9e636b3ec5fe/click] with body: {"element":"96be315f-e92e-4400-ae04-9e636b3ec5fe"}
[debug] &amp#27;[35m[WD Proxy]&amp#27;[39m Got response with status 200: {"sessionId":"572c2cb7-3dfa-4c1e-8c9b-324450c6fe63","value":null}
[debug] &amp#27;[35m[W3C (3409e5b4)]&amp#27;[39m Responding to client with driver.click() result: null
&amp#27;[35m[HTTP]&amp#27;[39m &amp#27;[37m<-- POST /wd/hub/session/3409e5b4-71b5-46f2-a31e-76c7dc3c69ee/element/96be315f-e92e-4400-ae04-9e636b3ec5fe/click &amp#27;[39m&amp#27;[32m200&amp#27;[39m &amp#27;[90m1057 ms - 14&amp#27;[39m
&amp#27;[35m[HTTP]&amp#27;[39m &amp#27;[90m&amp#27;[39m
&amp#27;[35m[HTTP]&amp#27;[39m &amp#27;[37m-->&amp#27;[39m &amp#27;[37mGET&amp#27;[39m &amp#27;[37m/wd/hub/session/3409e5b4-71b5-46f2-a31e-76c7dc3c69ee/context&amp#27;[39m
&amp#27;[35m[HTTP]&amp#27;[39m &amp#27;[90m{}&amp#27;[39m
[debug] &amp#27;[35m[W3C (3409e5b4)]&amp#27;[39m Calling AppiumDriver.getCurrentContext() with args: ["3409e5b4-71b5-46f2-a31e-76c7dc3c69ee"]
[debug] &amp#27;[35m[W3C (3409e5b4)]&amp#27;[39m Responding to client with driver.getCurrentContext() result: "NATIVE_APP"
&amp#27;[35m[HTTP]&amp#27;[39m &amp#27;[37m<-- GET /wd/hub/session/3409e5b4-71b5-46f2-a31e-76c7dc3c69ee/context &amp#27;[39m&amp#27;[32m200&amp#27;[39m &amp#27;[90m2 ms - 22&amp#27;[39m
&amp#27;[35m[HTTP]&amp#27;[39m &amp#27;[90m&amp#27;[39m
&amp#27;[35m[HTTP]&amp#27;[39m &amp#27;[37m-->&amp#27;[39m &amp#27;[37mPOST&amp#27;[39m &amp#27;[37m/wd/hub/session/3409e5b4-71b5-46f2-a31e-76c7dc3c69ee/element&amp#27;[39m
&amp#27;[35m[HTTP]&amp#27;[39m &amp#27;[90m{"using":"id","value":"android:id/checkbox"}&amp#27;[39m
[debug] &amp#27;[35m[W3C (3409e5b4)]&amp#27;[39m Calling AppiumDriver.findElement() with args: ["id","android:id/checkbox","3409e5b4-71b5-46f2-a31e-76c7dc3c69ee"]
[debug] &amp#27;[35m[BaseDriver]&amp#27;[39m Valid locator strategies for this request: xpath, id, class name, accessibility id, css selector, -android uiautomator
[debug] &amp#27;[35m[BaseDriver]&amp#27;[39m Waiting up to 10000 ms for condition
[debug] &amp#27;[35m[WD Proxy]&amp#27;[39m Matched '/element' to command name 'findElement'
[debug] &amp#27;[35m[WD Proxy]&amp#27;[39m Proxying [POST /element] to [POST http://127.0.0.1:8201/wd/hub/session/572c2cb7-3dfa-4c1e-8c9b-324450c6fe63/element] with body: {"strategy":"id","selector":"android:id/checkbox","context":"","multiple":false}
[debug] &amp#27;[35m[WD Proxy]&amp#27;[39m Got response with status 200: {"sessionId":"572c2cb7-3dfa-4c1e-8c9b-324450c6fe63","value":{"ELEMENT":"9113ee67-9306-405e-911a-1978250f0397","element-6066-11e4-a52e-4f735466cecf":"9113ee67-9306-405e-911a-1978250f0397"}}
[debug] &amp#27;[35m[W3C (3409e5b4)]&amp#27;[39m Responding to client with driver.findElement() result: {"element-6066-11e4-a52e-4f735466cecf":"9113ee67-9306-405e-911a-1978250f0397","ELEMENT":"9113ee67-9306-405e-911a-1978250f0397"}
&amp#27;[35m[HTTP]&amp#27;[39m &amp#27;[37m<-- POST /wd/hub/session/3409e5b4-71b5-46f2-a31e-76c7dc3c69ee/element &amp#27;[39m&amp#27;[32m200&amp#27;[39m &amp#27;[90m27 ms - 137&amp#27;[39m
&amp#27;[35m[HTTP]&amp#27;[39m &amp#27;[90m&amp#27;[39m
&amp#27;[35m[HTTP]&amp#27;[39m &amp#27;[37m-->&amp#27;[39m &amp#27;[37mPOST&amp#27;[39m &amp#27;[37m/wd/hub/session/3409e5b4-71b5-46f2-a31e-76c7dc3c69ee/element/9113ee67-9306-405e-911a-1978250f0397/click&amp#27;[39m
&amp#27;[35m[HTTP]&amp#27;[39m &amp#27;[90m{"id":"9113ee67-9306-405e-911a-1978250f0397"}&amp#27;[39m
[debug] &amp#27;[35m[W3C (3409e5b4)]&amp#27;[39m Calling AppiumDriver.click() with args: ["9113ee67-9306-405e-911a-1978250f0397","3409e5b4-71b5-46f2-a31e-76c7dc3c69ee"]
[debug] &amp#27;[35m[WD Proxy]&amp#27;[39m Matched '/element/9113ee67-9306-405e-911a-1978250f0397/click' to command name 'click'
[debug] &amp#27;[35m[WD Proxy]&amp#27;[39m Proxying [POST /element/9113ee67-9306-405e-911a-1978250f0397/click] to [POST http://127.0.0.1:8201/wd/hub/session/572c2cb7-3dfa-4c1e-8c9b-324450c6fe63/element/9113ee67-9306-405e-911a-1978250f0397/click] with body: {"element":"9113ee67-9306-405e-911a-1978250f0397"}
[debug] &amp#27;[35m[WD Proxy]&amp#27;[39m Got response with status 200: {"sessionId":"572c2cb7-3dfa-4c1e-8c9b-324450c6fe63","value":null}
[debug] &amp#27;[35m[W3C (3409e5b4)]&amp#27;[39m Responding to client with driver.click() result: null
&amp#27;[35m[HTTP]&amp#27;[39m &amp#27;[37m<-- POST /wd/hub/session/3409e5b4-71b5-46f2-a31e-76c7dc3c69ee/element/9113ee67-9306-405e-911a-1978250f0397/click &amp#27;[39m&amp#27;[32m200&amp#27;[39m &amp#27;[90m648 ms - 14&amp#27;[39m
&amp#27;[35m[HTTP]&amp#27;[39m &amp#27;[90m&amp#27;[39m
&amp#27;[35m[HTTP]&amp#27;[39m &amp#27;[37m-->&amp#27;[39m &amp#27;[37mGET&amp#27;[39m &amp#27;[37m/wd/hub/session/3409e5b4-71b5-46f2-a31e-76c7dc3c69ee/context&amp#27;[39m
&amp#27;[35m[HTTP]&amp#27;[39m &amp#27;[90m{}&amp#27;[39m
[debug] &amp#27;[35m[W3C (3409e5b4)]&amp#27;[39m Calling AppiumDriver.getCurrentContext() with args: ["3409e5b4-71b5-46f2-a31e-76c7dc3c69ee"]
[debug] &amp#27;[35m[W3C (3409e5b4)]&amp#27;[39m Responding to client with driver.getCurrentContext() result: "NATIVE_APP"
&amp#27;[35m[HTTP]&amp#27;[39m &amp#27;[37m<-- GET /wd/hub/session/3409e5b4-71b5-46f2-a31e-76c7dc3c69ee/context &amp#27;[39m&amp#27;[32m200&amp#27;[39m &amp#27;[90m2 ms - 22&amp#27;[39m
&amp#27;[35m[HTTP]&amp#27;[39m &amp#27;[90m&amp#27;[39m
&amp#27;[35m[HTTP]&amp#27;[39m &amp#27;[37m-->&amp#27;[39m &amp#27;[37mPOST&amp#27;[39m &amp#27;[37m/wd/hub/session/3409e5b4-71b5-46f2-a31e-76c7dc3c69ee/element&amp#27;[39m
&amp#27;[35m[HTTP]&amp#27;[39m &amp#27;[90m{"using":"xpath","value":"(//android.widget.RelativeLayout)[2]"}&amp#27;[39m
[debug] &amp#27;[35m[W3C (3409e5b4)]&amp#27;[39m Calling AppiumDriver.findElement() with args: ["xpath","(//android.widget.RelativeLayout)[2]","3409e5b4-71b5-46f2-a31e-76c7dc3c69ee"]
[debug] &amp#27;[35m[BaseDriver]&amp#27;[39m Valid locator strategies for this request: xpath, id, class name, accessibility id, css selector, -android uiautomator
[debug] &amp#27;[35m[BaseDriver]&amp#27;[39m Waiting up to 10000 ms for condition
[debug] &amp#27;[35m[WD Proxy]&amp#27;[39m Matched '/element' to command name 'findElement'
[debug] &amp#27;[35m[WD Proxy]&amp#27;[39m Proxying [POST /element] to [POST http://127.0.0.1:8201/wd/hub/session/572c2cb7-3dfa-4c1e-8c9b-324450c6fe63/element] with body: {"strategy":"xpath","selector":"(//android.widget.RelativeLayout)[2]","context":"","multiple":false}
[debug] &amp#27;[35m[WD Proxy]&amp#27;[39m Got response with status 200: {"sessionId":"572c2cb7-3dfa-4c1e-8c9b-324450c6fe63","value":{"ELEMENT":"37cc0e2f-3938-4f34-9544-7b7f85e2e14a","element-6066-11e4-a52e-4f735466cecf":"37cc0e2f-3938-4f34-9544-7b7f85e2e14a"}}
[debug] &amp#27;[35m[W3C (3409e5b4)]&amp#27;[39m Responding to client with driver.findElement() result: {"element-6066-11e4-a52e-4f735466cecf":"37cc0e2f-3938-4f34-9544-7b7f85e2e14a","ELEMENT":"37cc0e2f-3938-4f34-9544-7b7f85e2e14a"}
&amp#27;[35m[HTTP]&amp#27;[39m &amp#27;[37m<-- POST /wd/hub/session/3409e5b4-71b5-46f2-a31e-76c7dc3c69ee/element &amp#27;[39m&amp#27;[32m200&amp#27;[39m &amp#27;[90m37 ms - 137&amp#27;[39m
&amp#27;[35m[HTTP]&amp#27;[39m &amp#27;[90m&amp#27;[39m
&amp#27;[35m[HTTP]&amp#27;[39m &amp#27;[37m-->&amp#27;[39m &amp#27;[37mPOST&amp#27;[39m &amp#27;[37m/wd/hub/session/3409e5b4-71b5-46f2-a31e-76c7dc3c69ee/element/37cc0e2f-3938-4f34-9544-7b7f85e2e14a/click&amp#27;[39m
&amp#27;[35m[HTTP]&amp#27;[39m &amp#27;[90m{"id":"37cc0e2f-3938-4f34-9544-7b7f85e2e14a"}&amp#27;[39m
[debug] &amp#27;[35m[W3C (3409e5b4)]&amp#27;[39m Calling AppiumDriver.click() with args: ["37cc0e2f-3938-4f34-9544-7b7f85e2e14a","3409e5b4-71b5-46f2-a31e-76c7dc3c69ee"]
[debug] &amp#27;[35m[WD Proxy]&amp#27;[39m Matched '/element/37cc0e2f-3938-4f34-9544-7b7f85e2e14a/click' to command name 'click'
[debug] &amp#27;[35m[WD Proxy]&amp#27;[39m Proxying [POST /element/37cc0e2f-3938-4f34-9544-7b7f85e2e14a/click] to [POST http://127.0.0.1:8201/wd/hub/session/572c2cb7-3dfa-4c1e-8c9b-324450c6fe63/element/37cc0e2f-3938-4f34-9544-7b7f85e2e14a/click] with body: {"element":"37cc0e2f-3938-4f34-9544-7b7f85e2e14a"}
[debug] &amp#27;[35m[WD Proxy]&amp#27;[39m Got response with status 200: {"sessionId":"572c2cb7-3dfa-4c1e-8c9b-324450c6fe63","value":null}
[debug] &amp#27;[35m[W3C (3409e5b4)]&amp#27;[39m Responding to client with driver.click() result: null
&amp#27;[35m[HTTP]&amp#27;[39m &amp#27;[37m<-- POST /wd/hub/session/3409e5b4-71b5-46f2-a31e-76c7dc3c69ee/element/37cc0e2f-3938-4f34-9544-7b7f85e2e14a/click &amp#27;[39m&amp#27;[32m200&amp#27;[39m &amp#27;[90m2069 ms - 14&amp#27;[39m
&amp#27;[35m[HTTP]&amp#27;[39m &amp#27;[90m&amp#27;[39m
&amp#27;[35m[HTTP]&amp#27;[39m &amp#27;[37m-->&amp#27;[39m &amp#27;[37mGET&amp#27;[39m &amp#27;[37m/wd/hub/session/3409e5b4-71b5-46f2-a31e-76c7dc3c69ee/context&amp#27;[39m
&amp#27;[35m[HTTP]&amp#27;[39m &amp#27;[90m{}&amp#27;[39m
[debug] &amp#27;[35m[W3C (3409e5b4)]&amp#27;[39m Calling AppiumDriver.getCurrentContext() with args: ["3409e5b4-71b5-46f2-a31e-76c7dc3c69ee"]
[debug] &amp#27;[35m[W3C (3409e5b4)]&amp#27;[39m Responding to client with driver.getCurrentContext() result: "NATIVE_APP"
&amp#27;[35m[HTTP]&amp#27;[39m &amp#27;[37m<-- GET /wd/hub/session/3409e5b4-71b5-46f2-a31e-76c7dc3c69ee/context &amp#27;[39m&amp#27;[32m200&amp#27;[39m &amp#27;[90m2 ms - 22&amp#27;[39m
&amp#27;[35m[HTTP]&amp#27;[39m &amp#27;[90m&amp#27;[39m
&amp#27;[35m[HTTP]&amp#27;[39m &amp#27;[37m-->&amp#27;[39m &amp#27;[37mPOST&amp#27;[39m &amp#27;[37m/wd/hub/session/3409e5b4-71b5-46f2-a31e-76c7dc3c69ee/element&amp#27;[39m
&amp#27;[35m[HTTP]&amp#27;[39m &amp#27;[90m{"using":"class name","value":"android.widget.EditText"}&amp#27;[39m
[debug] &amp#27;[35m[W3C (3409e5b4)]&amp#27;[39m Calling AppiumDriver.findElement() with args: ["class name","android.widget.EditText","3409e5b4-71b5-46f2-a31e-76c7dc3c69ee"]
[debug] &amp#27;[35m[BaseDriver]&amp#27;[39m Valid locator strategies for this request: xpath, id, class name, accessibility id, css selector, -android uiautomator
[debug] &amp#27;[35m[BaseDriver]&amp#27;[39m Waiting up to 10000 ms for condition
[debug] &amp#27;[35m[WD Proxy]&amp#27;[39m Matched '/element' to command name 'findElement'
[debug] &amp#27;[35m[WD Proxy]&amp#27;[39m Proxying [POST /element] to [POST http://127.0.0.1:8201/wd/hub/session/572c2cb7-3dfa-4c1e-8c9b-324450c6fe63/element] with body: {"strategy":"class name","selector":"android.widget.EditText","context":"","multiple":false}
[debug] &amp#27;[35m[WD Proxy]&amp#27;[39m Got response with status 200: {"sessionId":"572c2cb7-3dfa-4c1e-8c9b-324450c6fe63","value":{"ELEMENT":"c5cc39a5-c8ed-4f32-9f5c-55daf878ed07","element-6066-11e4-a52e-4f735466cecf":"c5cc39a5-c8ed-4f32-9f5c-55daf878ed07"}}
[debug] &amp#27;[35m[W3C (3409e5b4)]&amp#27;[39m Responding to client with driver.findElement() result: {"element-6066-11e4-a52e-4f735466cecf":"c5cc39a5-c8ed-4f32-9f5c-55daf878ed07","ELEMENT":"c5cc39a5-c8ed-4f32-9f5c-55daf878ed07"}
&amp#27;[35m[HTTP]&amp#27;[39m &amp#27;[37m<-- POST /wd/hub/session/3409e5b4-71b5-46f2-a31e-76c7dc3c69ee/element &amp#27;[39m&amp#27;[32m200&amp#27;[39m &amp#27;[90m49 ms - 137&amp#27;[39m
&amp#27;[35m[HTTP]&amp#27;[39m &amp#27;[90m&amp#27;[39m
&amp#27;[35m[HTTP]&amp#27;[39m &amp#27;[37m-->&amp#27;[39m &amp#27;[37mPOST&amp#27;[39m &amp#27;[37m/wd/hub/session/3409e5b4-71b5-46f2-a31e-76c7dc3c69ee/element/c5cc39a5-c8ed-4f32-9f5c-55daf878ed07/value&amp#27;[39m
&amp#27;[35m[HTTP]&amp#27;[39m &amp#27;[90m{"id":"c5cc39a5-c8ed-4f32-9f5c-55daf878ed07","text":"hello","value":["h","e","l","l","o"]}&amp#27;[39m
[debug] &amp#27;[35m[W3C (3409e5b4)]&amp#27;[39m Calling AppiumDriver.setValue() with args: [["h","e","l","l","o"],"c5cc39a5-c8ed-4f32-9f5c-55daf878ed07","3409e5b4-71b5-46f2-a31e-76c7dc3c69ee"]
[debug] &amp#27;[35m[WD Proxy]&amp#27;[39m Matched '/element/c5cc39a5-c8ed-4f32-9f5c-55daf878ed07/value' to command name 'setValue'
[debug] &amp#27;[35m[Protocol Converter]&amp#27;[39m Added 'value' property ["h","e","l","l","o"] to 'setValue' request body
[debug] &amp#27;[35m[WD Proxy]&amp#27;[39m Proxying [POST /element/c5cc39a5-c8ed-4f32-9f5c-55daf878ed07/value] to [POST http://127.0.0.1:8201/wd/hub/session/572c2cb7-3dfa-4c1e-8c9b-324450c6fe63/element/c5cc39a5-c8ed-4f32-9f5c-55daf878ed07/value] with body: {"elementId":"c5cc39a5-c8ed-4f32-9f5c-55daf878ed07","text":"hello","replace":false,"value":["h","e","l","l","o"]}
[debug] &amp#27;[35m[WD Proxy]&amp#27;[39m Got response with status 200: {"sessionId":"572c2cb7-3dfa-4c1e-8c9b-324450c6fe63","value":null}
[debug] &amp#27;[35m[W3C (3409e5b4)]&amp#27;[39m Responding to client with driver.setValue() result: null
&amp#27;[35m[HTTP]&amp#27;[39m &amp#27;[37m<-- POST /wd/hub/session/3409e5b4-71b5-46f2-a31e-76c7dc3c69ee/element/c5cc39a5-c8ed-4f32-9f5c-55daf878ed07/value &amp#27;[39m&amp#27;[32m200&amp#27;[39m &amp#27;[90m111 ms - 14&amp#27;[39m
&amp#27;[35m[HTTP]&amp#27;[39m &amp#27;[90m&amp#27;[39m
&amp#27;[35m[HTTP]&amp#27;[39m &amp#27;[37m-->&amp#27;[39m &amp#27;[37mGET&amp#27;[39m &amp#27;[37m/wd/hub/session/3409e5b4-71b5-46f2-a31e-76c7dc3c69ee/context&amp#27;[39m
&amp#27;[35m[HTTP]&amp#27;[39m &amp#27;[90m{}&amp#27;[39m
[debug] &amp#27;[35m[W3C (3409e5b4)]&amp#27;[39m Calling AppiumDriver.getCurrentContext() with args: ["3409e5b4-71b5-46f2-a31e-76c7dc3c69ee"]
[debug] &amp#27;[35m[W3C (3409e5b4)]&amp#27;[39m Responding to client with driver.getCurrentContext() result: "NATIVE_APP"
&amp#27;[35m[HTTP]&amp#27;[39m &amp#27;[37m<-- GET /wd/hub/session/3409e5b4-71b5-46f2-a31e-76c7dc3c69ee/context &amp#27;[39m&amp#27;[32m200&amp#27;[39m &amp#27;[90m2 ms - 22&amp#27;[39m
&amp#27;[35m[HTTP]&amp#27;[39m &amp#27;[90m&amp#27;[39m
&amp#27;[35m[HTTP]&amp#27;[39m &amp#27;[37m-->&amp#27;[39m &amp#27;[37mPOST&amp#27;[39m &amp#27;[37m/wd/hub/session/3409e5b4-71b5-46f2-a31e-76c7dc3c69ee/elements&amp#27;[39m
&amp#27;[35m[HTTP]&amp#27;[39m &amp#27;[90m{"using":"class name","value":"android.widget.Button"}&amp#27;[39m
[debug] &amp#27;[35m[W3C (3409e5b4)]&amp#27;[39m Calling AppiumDriver.findElements() with args: ["class name","android.widget.Button","3409e5b4-71b5-46f2-a31e-76c7dc3c69ee"]
[debug] &amp#27;[35m[BaseDriver]&amp#27;[39m Valid locator strategies for this request: xpath, id, class name, accessibility id, css selector, -android uiautomator
[debug] &amp#27;[35m[BaseDriver]&amp#27;[39m Waiting up to 10000 ms for condition
[debug] &amp#27;[35m[WD Proxy]&amp#27;[39m Matched '/elements' to command name 'findElements'
[debug] &amp#27;[35m[WD Proxy]&amp#27;[39m Proxying [POST /elements] to [POST http://127.0.0.1:8201/wd/hub/session/572c2cb7-3dfa-4c1e-8c9b-324450c6fe63/elements] with body: {"strategy":"class name","selector":"android.widget.Button","context":"","multiple":true}
[debug] &amp#27;[35m[WD Proxy]&amp#27;[39m Got response with status 200: {"sessionId":"572c2cb7-3dfa-4c1e-8c9b-324450c6fe63","value":[{"ELEMENT":"27107d95-3dd1-44dc-a05c-5c37006d85b2","element-6066-11e4-a52e-4f735466cecf":"27107d95-3dd1-44dc-a05c-5c37006d85b2"},{"ELEMENT":"554c61cb-439d-42d5-a796-0cf4ff19bafb","element-6066-11e4-a52e-4f735466cecf":"554c61cb-439d-42d5-a796-0cf4ff19bafb"}]}
[debug] &amp#27;[35m[W3C (3409e5b4)]&amp#27;[39m Responding to client with driver.findElements() result: [{"element-6066-11e4-a52e-4f735466cecf":"27107d95-3dd1-44dc-a05c-5c37006d85b2","ELEMENT":"27107d95-3dd1-44dc-a05c-5c37006d85b2"},{"element-6066-11e4-a52e-4f735466cecf":"554c61cb-439d-42d5-a796-0cf4ff19bafb","ELEMENT":"554c61cb-439d-42d5-a796-0cf4ff19bafb"}]
&amp#27;[35m[HTTP]&amp#27;[39m &amp#27;[37m<-- POST /wd/hub/session/3409e5b4-71b5-46f2-a31e-76c7dc3c69ee/elements &amp#27;[39m&amp#27;[32m200&amp#27;[39m &amp#27;[90m1221 ms - 267&amp#27;[39m
&amp#27;[35m[HTTP]&amp#27;[39m &amp#27;[90m&amp#27;[39m
&amp#27;[35m[HTTP]&amp#27;[39m &amp#27;[37m-->&amp#27;[39m &amp#27;[37mPOST&amp#27;[39m &amp#27;[37m/wd/hub/session/3409e5b4-71b5-46f2-a31e-76c7dc3c69ee/element/554c61cb-439d-42d5-a796-0cf4ff19bafb/click&amp#27;[39m
&amp#27;[35m[HTTP]&amp#27;[39m &amp#27;[90m{"id":"554c61cb-439d-42d5-a796-0cf4ff19bafb"}&amp#27;[39m
[debug] &amp#27;[35m[W3C (3409e5b4)]&amp#27;[39m Calling AppiumDriver.click() with args: ["554c61cb-439d-42d5-a796-0cf4ff19bafb","3409e5b4-71b5-46f2-a31e-76c7dc3c69ee"]
[debug] &amp#27;[35m[WD Proxy]&amp#27;[39m Matched '/element/554c61cb-439d-42d5-a796-0cf4ff19bafb/click' to command name 'click'
[debug] &amp#27;[35m[WD Proxy]&amp#27;[39m Proxying [POST /element/554c61cb-439d-42d5-a796-0cf4ff19bafb/click] to [POST http://127.0.0.1:8201/wd/hub/session/572c2cb7-3dfa-4c1e-8c9b-324450c6fe63/element/554c61cb-439d-42d5-a796-0cf4ff19bafb/click] with body: {"element":"554c61cb-439d-42d5-a796-0cf4ff19bafb"}
[debug] &amp#27;[35m[WD Proxy]&amp#27;[39m Got response with status 200: {"sessionId":"572c2cb7-3dfa-4c1e-8c9b-324450c6fe63","value":null}
[debug] &amp#27;[35m[W3C (3409e5b4)]&amp#27;[39m Responding to client with driver.click() result: null
&amp#27;[35m[HTTP]&amp#27;[39m &amp#27;[37m<-- POST /wd/hub/session/3409e5b4-71b5-46f2-a31e-76c7dc3c69ee/element/554c61cb-439d-42d5-a796-0cf4ff19bafb/click &amp#27;[39m&amp#27;[32m200&amp#27;[39m &amp#27;[90m61 ms - 14&amp#27;[39m
&amp#27;[35m[HTTP]&amp#27;[39m &amp#27;[90m&amp#27;[39m
]]></system-out>
    <system-err><![CDATA[Jan 14, 2021 4:45:25 PM io.appium.java_client.remote.AppiumCommandExecutor$1 lambda$0
INFO: Detected dialect: W3C
]]></system-err>
  </testcase>
  <testcase name="validateWifi[@#!$%](2)" classname="practice.AppiumFramework.ApiDemoTest" time="33.951">
    <system-out><![CDATA[&amp#27;[35m[Appium]&amp#27;[39m Welcome to Appium v1.19.1
&amp#27;[35m[Appium]&amp#27;[39m Appium REST http interface listener started on 0.0.0.0:4723
&amp#27;[35m[HTTP]&amp#27;[39m &amp#27;[37m-->&amp#27;[39m &amp#27;[37mGET&amp#27;[39m &amp#27;[37m/wd/hub/status&amp#27;[39m
&amp#27;[35m[HTTP]&amp#27;[39m &amp#27;[90m{}&amp#27;[39m
[debug] &amp#27;[35m[GENERIC]&amp#27;[39m Calling AppiumDriver.getStatus() with args: []
[debug] &amp#27;[35m[GENERIC]&amp#27;[39m Responding to client with driver.getStatus() result: {"build":{"version":"1.19.1"}}
&amp#27;[35m[HTTP]&amp#27;[39m &amp#27;[37m<-- GET /wd/hub/status &amp#27;[39m&amp#27;[32m200&amp#27;[39m &amp#27;[90m6 ms - 68&amp#27;[39m
&amp#27;[35m[HTTP]&amp#27;[39m &amp#27;[90m&amp#27;[39m
[debug] &amp#27;[35m[HTTP]&amp#27;[39m Request idempotency key: e691e3b2-3680-4ef5-abb1-64a58654b6d1
&amp#27;[35m[HTTP]&amp#27;[39m &amp#27;[37m-->&amp#27;[39m &amp#27;[37mPOST&amp#27;[39m &amp#27;[37m/wd/hub/session&amp#27;[39m
&amp#27;[35m[HTTP]&amp#27;[39m &amp#27;[90m{"desiredCapabilities":{"app":"C:\\Users\\graeme_churchman\\eclipse-workspace\\AppiumFramework\\src\\ApiDemos-debug.apk","chromedriverExecutable":"C:/QA_Tools/chromedriver/lib/chromedriver/chromedriver.exe","noReset":"false","newCommandTimeout":14,"automationName":"Uiautomator2","autoGrantPermissions":true,"platformName":"Android","deviceName":"GraemeEmulator","fullReset":"true"},"capabilities":{"firstMatch":[{"appium:app":"C:\\Users\\graeme_churchman\\eclipse-workspace\\AppiumFramework\\src\\ApiDemos-debug.apk","appium:autoGrantPermissions":true,"appium:automationName":"Uiautomator2","appium:chromedriverExecutable":"C:/QA_Tools/chromedriver/lib/chromedriver/chromedriver.exe","appium:deviceName":"GraemeEmulator","appium:fullReset":"true","appium:newCommandTimeout":14,"appium:noReset":"false","platformName":"android"}]}}&amp#27;[39m
[debug] &amp#27;[35m[W3C]&amp#27;[39m Calling AppiumDriver.createSession() with args: [{"app":"C:\\Users\\graeme_churchman\\eclipse-workspace\\AppiumFramework\\src\\ApiDemos-debug.apk","chromedriverExecutable":"C:/QA_Tools/chromedriver/lib/chromedriver/chromedriver.exe","noReset":"false","newCommandTimeout":14,"automationName":"Uiautomator2","autoGrantPermissions":true,"platformName":"Android","deviceName":"GraemeEmulator","fullReset":"true"},null,{"firstMatch":[{"appium:app":"C:\\Users\\graeme_churchman\\eclipse-workspace\\AppiumFramework\\src\\ApiDemos-debug.apk","appium:autoGrantPermissions":true,"appium:automationName":"Uiautomator2","appium:chromedriverExecutable":"C:/QA_Tools/chromedriver/lib/chromedriver/chromedriver.exe","appium:deviceName":"GraemeEmulator","appium:fullReset":"true","appium:newCommandTimeout":14,"appium:noReset":"false","platformName":"android"}]}]
[debug] &amp#27;[35m[BaseDriver]&amp#27;[39m Event 'newSessionRequested' logged at 1610642742640 (16:45:42 GMT+0000 (Greenwich Mean Time))
&amp#27;[35m[Appium]&amp#27;[39m Appium v1.19.1 creating new AndroidUiautomator2Driver (v1.59.0) session
[debug] &amp#27;[35m[BaseDriver]&amp#27;[39m W3C capabilities and MJSONWP desired capabilities were provided
[debug] &amp#27;[35m[BaseDriver]&amp#27;[39m Creating session with W3C capabilities: {
[debug] &amp#27;[35m[BaseDriver]&amp#27;[39m   "alwaysMatch": {
[debug] &amp#27;[35m[BaseDriver]&amp#27;[39m     "platformName": "android",
[debug] &amp#27;[35m[BaseDriver]&amp#27;[39m     "appium:app": "C:\\Users\\graeme_churchman\\eclipse-workspace\\AppiumFramework\\src\\ApiDemos-debug.apk",
[debug] &amp#27;[35m[BaseDriver]&amp#27;[39m     "appium:autoGrantPermissions": true,
[debug] &amp#27;[35m[BaseDriver]&amp#27;[39m     "appium:automationName": "Uiautomator2",
[debug] &amp#27;[35m[BaseDriver]&amp#27;[39m     "appium:chromedriverExecutable": "C:/QA_Tools/chromedriver/lib/chromedriver/chromedriver.exe",
[debug] &amp#27;[35m[BaseDriver]&amp#27;[39m     "appium:deviceName": "GraemeEmulator",
[debug] &amp#27;[35m[BaseDriver]&amp#27;[39m     "appium:fullReset": "true",
[debug] &amp#27;[35m[BaseDriver]&amp#27;[39m     "appium:newCommandTimeout": 14,
[debug] &amp#27;[35m[BaseDriver]&amp#27;[39m     "appium:noReset": "false"
[debug] &amp#27;[35m[BaseDriver]&amp#27;[39m   },
[debug] &amp#27;[35m[BaseDriver]&amp#27;[39m   "firstMatch": [
[debug] &amp#27;[35m[BaseDriver]&amp#27;[39m     {}
[debug] &amp#27;[35m[BaseDriver]&amp#27;[39m   ]
[debug] &amp#27;[35m[BaseDriver]&amp#27;[39m }
&amp#27;[35m[BaseDriver]&amp#27;[39m Capability 'noReset' changed from string to boolean. This may cause unexpected behavior
&amp#27;[35m[BaseDriver]&amp#27;[39m Capability 'fullReset' changed from string to boolean. This may cause unexpected behavior
&amp#27;[35m[BaseDriver]&amp#27;[39m Session created with session id: ec84924b-1240-439d-8ccb-1798e6400504
&amp#27;[35m[BaseDriver]&amp#27;[39m Using local app 'C:\Users\graeme_churchman\eclipse-workspace\AppiumFramework\src\ApiDemos-debug.apk'
[debug] &amp#27;[35m[UiAutomator2]&amp#27;[39m Checking whether app is actually present
&amp#27;[35m[ADB]&amp#27;[39m Found 1 'build-tools' folders under 'C:\Users\graeme_churchman\AppData\Local\Android\Sdk' (newest first):
&amp#27;[35m[ADB]&amp#27;[39m     C:/Users/graeme_churchman/AppData/Local/Android/Sdk/build-tools/30.0.3
&amp#27;[35m[ADB]&amp#27;[39m Using 'adb.exe' from 'C:\Users\graeme_churchman\AppData\Local\Android\Sdk\platform-tools\adb.exe'
[debug] &amp#27;[35m[ADB]&amp#27;[39m Running 'C:\Users\graeme_churchman\AppData\Local\Android\Sdk\platform-tools\adb.exe -P 5037 start-server'
&amp#27;[35m[AndroidDriver]&amp#27;[39m Retrieving device list
[debug] &amp#27;[35m[ADB]&amp#27;[39m Trying to find a connected android device
[debug] &amp#27;[35m[ADB]&amp#27;[39m Getting connected devices
[debug] &amp#27;[35m[ADB]&amp#27;[39m Connected devices: [{"udid":"emulator-5554","state":"device"}]
&amp#27;[35m[AndroidDriver]&amp#27;[39m Using device: emulator-5554
&amp#27;[35m[ADB]&amp#27;[39m Using 'adb.exe' from 'C:\Users\graeme_churchman\AppData\Local\Android\Sdk\platform-tools\adb.exe'
[debug] &amp#27;[35m[ADB]&amp#27;[39m Running 'C:\Users\graeme_churchman\AppData\Local\Android\Sdk\platform-tools\adb.exe -P 5037 start-server'
[debug] &amp#27;[35m[ADB]&amp#27;[39m Setting device id to emulator-5554
[debug] &amp#27;[35m[ADB]&amp#27;[39m Running 'C:\Users\graeme_churchman\AppData\Local\Android\Sdk\platform-tools\adb.exe -P 5037 -s emulator-5554 shell getprop ro.build.version.sdk'
[debug] &amp#27;[35m[ADB]&amp#27;[39m Current device property 'ro.build.version.sdk': 30
&amp#27;[35m[ADB]&amp#27;[39m Getting device platform version
[debug] &amp#27;[35m[ADB]&amp#27;[39m Running 'C:\Users\graeme_churchman\AppData\Local\Android\Sdk\platform-tools\adb.exe -P 5037 -s emulator-5554 shell getprop ro.build.version.release'
[debug] &amp#27;[35m[ADB]&amp#27;[39m Current device property 'ro.build.version.release': 11
[debug] &amp#27;[35m[ADB]&amp#27;[39m Device API level: 30
&amp#27;[35m[UiAutomator2]&amp#27;[39m Relaxing hidden api policy
[debug] &amp#27;[35m[ADB]&amp#27;[39m Running 'C:\Users\graeme_churchman\AppData\Local\Android\Sdk\platform-tools\adb.exe -P 5037 -s emulator-5554 shell 'settings put global hidden_api_policy_pre_p_apps 1;settings put global hidden_api_policy_p_apps 1;settings put global hidden_api_policy 1''
[debug] &amp#27;[35m[AndroidDriver]&amp#27;[39m Parsing package and activity from app manifest
&amp#27;[35m[ADB]&amp#27;[39m Package name: 'io.appium.android.apis'
&amp#27;[35m[ADB]&amp#27;[39m Main activity name: 'ApiDemos'
[debug] &amp#27;[35m[AndroidDriver]&amp#27;[39m Parsed package and activity are: io.appium.android.apis/ApiDemos
[debug] &amp#27;[35m[ADB]&amp#27;[39m Running 'C:\Users\graeme_churchman\AppData\Local\Android\Sdk\platform-tools\adb.exe -P 5037 -s emulator-5554 wait-for-device'
[debug] &amp#27;[35m[ADB]&amp#27;[39m Running 'C:\Users\graeme_churchman\AppData\Local\Android\Sdk\platform-tools\adb.exe -P 5037 -s emulator-5554 shell echo ping'
[debug] &amp#27;[35m[AndroidDriver]&amp#27;[39m Pushing settings apk to device...
[debug] &amp#27;[35m[ADB]&amp#27;[39m Getting install status for io.appium.settings
[debug] &amp#27;[35m[ADB]&amp#27;[39m Running 'C:\Users\graeme_churchman\AppData\Local\Android\Sdk\platform-tools\adb.exe -P 5037 -s emulator-5554 shell dumpsys package io.appium.settings'
[debug] &amp#27;[35m[ADB]&amp#27;[39m 'io.appium.settings' is installed
[debug] &amp#27;[35m[ADB]&amp#27;[39m Getting package info for 'io.appium.settings'
[debug] &amp#27;[35m[ADB]&amp#27;[39m Running 'C:\Users\graeme_churchman\AppData\Local\Android\Sdk\platform-tools\adb.exe -P 5037 -s emulator-5554 shell dumpsys package io.appium.settings'
[debug] &amp#27;[35m[ADB]&amp#27;[39m The version name of the installed 'io.appium.settings' is greater or equal to the application version name ('3.2.1' >= '3.2.1')
[debug] &amp#27;[35m[ADB]&amp#27;[39m There is no need to install/upgrade 'C:\Users\graeme_churchman\AppData\Roaming\npm\node_modules\appium\node_modules\io.appium.settings\apks\settings_apk-debug.apk'
[debug] &amp#27;[35m[ADB]&amp#27;[39m Getting IDs of all 'io.appium.settings' processes
[debug] &amp#27;[35m[ADB]&amp#27;[39m Running 'C:\Users\graeme_churchman\AppData\Local\Android\Sdk\platform-tools\adb.exe -P 5037 -s emulator-5554 shell 'pgrep --help; echo $?''
[debug] &amp#27;[35m[ADB]&amp#27;[39m Running 'C:\Users\graeme_churchman\AppData\Local\Android\Sdk\platform-tools\adb.exe -P 5037 -s emulator-5554 shell pgrep -f \(\[\[:blank:\]\]\|\^\)io\.appium\.settings\(\[\[:blank:\]\]\|\$\)'
[debug] &amp#27;[35m[AndroidDriver]&amp#27;[39m io.appium.settings is already running. There is no need to reset its permissions.
[debug] &amp#27;[35m[Logcat]&amp#27;[39m Starting logs capture with command: C:\\Users\\graeme_churchman\\AppData\\Local\\Android\\Sdk\\platform-tools\\adb.exe -P 5037 -s emulator-5554 logcat -v threadtime
[debug] &amp#27;[35m[UiAutomator2]&amp#27;[39m Forwarding UiAutomator2 Server port 6790 to local port 8202
[debug] &amp#27;[35m[ADB]&amp#27;[39m Forwarding system: 8202 to device: 6790
[debug] &amp#27;[35m[ADB]&amp#27;[39m Running 'C:\Users\graeme_churchman\AppData\Local\Android\Sdk\platform-tools\adb.exe -P 5037 -s emulator-5554 forward tcp:8202 tcp:6790'
[debug] &amp#27;[35m[ADB]&amp#27;[39m Getting install status for io.appium.uiautomator2.server
[debug] &amp#27;[35m[ADB]&amp#27;[39m Running 'C:\Users\graeme_churchman\AppData\Local\Android\Sdk\platform-tools\adb.exe -P 5037 -s emulator-5554 shell dumpsys package io.appium.uiautomator2.server'
[debug] &amp#27;[35m[ADB]&amp#27;[39m 'io.appium.uiautomator2.server' is installed
[debug] &amp#27;[35m[ADB]&amp#27;[39m Getting package info for 'io.appium.uiautomator2.server'
[debug] &amp#27;[35m[ADB]&amp#27;[39m Running 'C:\Users\graeme_churchman\AppData\Local\Android\Sdk\platform-tools\adb.exe -P 5037 -s emulator-5554 shell dumpsys package io.appium.uiautomator2.server'
[debug] &amp#27;[35m[ADB]&amp#27;[39m The version name of the installed 'io.appium.uiautomator2.server' is greater or equal to the application version name ('4.15.0' >= '4.15.0')
[debug] &amp#27;[35m[UiAutomator2]&amp#27;[39m io.appium.uiautomator2.server installation state: sameVersionInstalled
[debug] &amp#27;[35m[ADB]&amp#27;[39m Checking app cert for C:\Users\graeme_churchman\AppData\Roaming\npm\node_modules\appium\node_modules\appium-uiautomator2-server\apks\appium-uiautomator2-server-v4.15.0.apk
&amp#27;[35m[ADB]&amp#27;[39m Using 'apksigner.jar' from 'C:\Users\graeme_churchman\AppData\Local\Android\Sdk\build-tools\30.0.3\lib\apksigner.jar'
[debug] &amp#27;[35m[ADB]&amp#27;[39m Starting apksigner: 'C:\\Program Files\\Java\\jdk1.8.0_191\\bin\\java.exe' -Xmx1024M -Xss1m -jar C:\\Users\\graeme_churchman\\AppData\\Local\\Android\\Sdk\\build-tools\\30.0.3\\lib\\apksigner.jar verify --print-certs C:\\Users\\graeme_churchman\\AppData\\Roaming\\npm\\node_modules\\appium\\node_modules\\appium-uiautomator2-server\\apks\\appium-uiautomator2-server-v4.15.0.apk
[debug] &amp#27;[35m[ADB]&amp#27;[39m apksigner stdout: Signer #1 certificate DN: EMAILADDRESS=android@android.com, CN=Android, OU=Android, O=Android, L=Mountain View, ST=California, C=US
[debug] &amp#27;[35m[ADB]&amp#27;[39m Signer #1 certificate SHA-256 digest: a40da80a59d170caa950cf15c18c454d47a39b26989d8b640ecd745ba71bf5dc
[debug] &amp#27;[35m[ADB]&amp#27;[39m Signer #1 certificate SHA-1 digest: 61ed377e85d386a8dfee6b864bd85b0bfaa5af81
[debug] &amp#27;[35m[ADB]&amp#27;[39m Signer #1 certificate MD5 digest: e89b158e4bcf988ebd09eb83f5378e87
[debug] &amp#27;[35m[ADB]&amp#27;[39m 
[debug] &amp#27;[35m[ADB]&amp#27;[39m sha256 hash did match for 'appium-uiautomator2-server-v4.15.0.apk'
&amp#27;[35m[ADB]&amp#27;[39m 'C:\Users\graeme_churchman\AppData\Roaming\npm\node_modules\appium\node_modules\appium-uiautomator2-server\apks\appium-uiautomator2-server-v4.15.0.apk' is signed with the default certificate
[debug] &amp#27;[35m[ADB]&amp#27;[39m Getting install status for io.appium.uiautomator2.server.test
[debug] &amp#27;[35m[ADB]&amp#27;[39m Running 'C:\Users\graeme_churchman\AppData\Local\Android\Sdk\platform-tools\adb.exe -P 5037 -s emulator-5554 shell dumpsys package io.appium.uiautomator2.server.test'
[debug] &amp#27;[35m[ADB]&amp#27;[39m 'io.appium.uiautomator2.server.test' is installed
[debug] &amp#27;[35m[ADB]&amp#27;[39m Checking app cert for C:\Users\graeme_churchman\AppData\Roaming\npm\node_modules\appium\node_modules\appium-uiautomator2-server\apks\appium-uiautomator2-server-debug-androidTest.apk
[debug] &amp#27;[35m[ADB]&amp#27;[39m Starting apksigner: 'C:\\Program Files\\Java\\jdk1.8.0_191\\bin\\java.exe' -Xmx1024M -Xss1m -jar C:\\Users\\graeme_churchman\\AppData\\Local\\Android\\Sdk\\build-tools\\30.0.3\\lib\\apksigner.jar verify --print-certs C:\\Users\\graeme_churchman\\AppData\\Roaming\\npm\\node_modules\\appium\\node_modules\\appium-uiautomator2-server\\apks\\appium-uiautomator2-server-debug-androidTest.apk
[debug] &amp#27;[35m[ADB]&amp#27;[39m apksigner stdout: Signer #1 certificate DN: EMAILADDRESS=android@android.com, CN=Android, OU=Android, O=Android, L=Mountain View, ST=California, C=US
[debug] &amp#27;[35m[ADB]&amp#27;[39m Signer #1 certificate SHA-256 digest: a40da80a59d170caa950cf15c18c454d47a39b26989d8b640ecd745ba71bf5dc
[debug] &amp#27;[35m[ADB]&amp#27;[39m Signer #1 certificate SHA-1 digest: 61ed377e85d386a8dfee6b864bd85b0bfaa5af81
[debug] &amp#27;[35m[ADB]&amp#27;[39m Signer #1 certificate MD5 digest: e89b158e4bcf988ebd09eb83f5378e87
[debug] &amp#27;[35m[ADB]&amp#27;[39m 
[debug] &amp#27;[35m[ADB]&amp#27;[39m sha256 hash did match for 'appium-uiautomator2-server-debug-androidTest.apk'
&amp#27;[35m[ADB]&amp#27;[39m 'C:\Users\graeme_churchman\AppData\Roaming\npm\node_modules\appium\node_modules\appium-uiautomator2-server\apks\appium-uiautomator2-server-debug-androidTest.apk' is signed with the default certificate
&amp#27;[35m[UiAutomator2]&amp#27;[39m Server packages are not going to be (re)installed
[debug] &amp#27;[35m[UiAutomator2]&amp#27;[39m Waiting up to 30000ms for services to be available
[debug] &amp#27;[35m[ADB]&amp#27;[39m Running 'C:\Users\graeme_churchman\AppData\Local\Android\Sdk\platform-tools\adb.exe -P 5037 -s emulator-5554 shell pm list instrumentation'
[debug] &amp#27;[35m[UiAutomator2]&amp#27;[39m Instrumentation target 'io.appium.uiautomator2.server.test/androidx.test.runner.AndroidJUnitRunner' is available
[debug] &amp#27;[35m[ADB]&amp#27;[39m Checking app cert for C:\Users\graeme_churchman\eclipse-workspace\AppiumFramework\src\ApiDemos-debug.apk
[debug] &amp#27;[35m[ADB]&amp#27;[39m Starting apksigner: 'C:\\Program Files\\Java\\jdk1.8.0_191\\bin\\java.exe' -Xmx1024M -Xss1m -jar C:\\Users\\graeme_churchman\\AppData\\Local\\Android\\Sdk\\build-tools\\30.0.3\\lib\\apksigner.jar verify --print-certs C:\\Users\\graeme_churchman\\eclipse-workspace\\AppiumFramework\\src\\ApiDemos-debug.apk
[debug] &amp#27;[35m[ADB]&amp#27;[39m apksigner stdout: Signer #1 certificate DN: EMAILADDRESS=android@android.com, CN=Android, OU=Android, O=Android, L=Mountain View, ST=California, C=US
[debug] &amp#27;[35m[ADB]&amp#27;[39m Signer #1 certificate SHA-256 digest: a40da80a59d170caa950cf15c18c454d47a39b26989d8b640ecd745ba71bf5dc
[debug] &amp#27;[35m[ADB]&amp#27;[39m Signer #1 certificate SHA-1 digest: 61ed377e85d386a8dfee6b864bd85b0bfaa5af81
[debug] &amp#27;[35m[ADB]&amp#27;[39m Signer #1 certificate MD5 digest: e89b158e4bcf988ebd09eb83f5378e87
[debug] &amp#27;[35m[ADB]&amp#27;[39m 
[debug] &amp#27;[35m[ADB]&amp#27;[39m sha256 hash did match for 'ApiDemos-debug.apk'
&amp#27;[35m[ADB]&amp#27;[39m 'C:\Users\graeme_churchman\eclipse-workspace\AppiumFramework\src\ApiDemos-debug.apk' is signed with the default certificate
[debug] &amp#27;[35m[ADB]&amp#27;[39m Uninstalling io.appium.android.apis
[debug] &amp#27;[35m[ADB]&amp#27;[39m Getting install status for io.appium.android.apis
[debug] &amp#27;[35m[ADB]&amp#27;[39m Running 'C:\Users\graeme_churchman\AppData\Local\Android\Sdk\platform-tools\adb.exe -P 5037 -s emulator-5554 shell dumpsys package io.appium.android.apis'
[debug] &amp#27;[35m[ADB]&amp#27;[39m 'io.appium.android.apis' is installed
[debug] &amp#27;[35m[ADB]&amp#27;[39m Running 'C:\Users\graeme_churchman\AppData\Local\Android\Sdk\platform-tools\adb.exe -P 5037 -s emulator-5554 shell am force-stop io.appium.android.apis'
[debug] &amp#27;[35m[ADB]&amp#27;[39m Running 'C:\Users\graeme_churchman\AppData\Local\Android\Sdk\platform-tools\adb.exe -P 5037 -s emulator-5554 uninstall io.appium.android.apis'
[debug] &amp#27;[35m[ADB]&amp#27;[39m 'adb uninstall io.appium.android.apis' command output: Success
&amp#27;[35m[ADB]&amp#27;[39m io.appium.android.apis was successfully uninstalled
[debug] &amp#27;[35m[ADB]&amp#27;[39m Getting install status for io.appium.android.apis
[debug] &amp#27;[35m[ADB]&amp#27;[39m Running 'C:\Users\graeme_churchman\AppData\Local\Android\Sdk\platform-tools\adb.exe -P 5037 -s emulator-5554 shell dumpsys package io.appium.android.apis'
[debug] &amp#27;[35m[ADB]&amp#27;[39m 'io.appium.android.apis' is not installed
[debug] &amp#27;[35m[AndroidDriver]&amp#27;[39m Running full reset on 'io.appium.android.apis' (reinstall)
[debug] &amp#27;[35m[ADB]&amp#27;[39m Running 'C:\Users\graeme_churchman\AppData\Local\Android\Sdk\platform-tools\adb.exe -P 5037 -s emulator-5554 help'
[debug] &amp#27;[35m[ADB]&amp#27;[39m Running 'C:\Users\graeme_churchman\AppData\Local\Android\Sdk\platform-tools\adb.exe -P 5037 -s emulator-5554 features'
&amp#27;[35m[ADB]&amp#27;[39m The application at 'C:\Users\graeme_churchman\eclipse-workspace\AppiumFramework\src\ApiDemos-debug.apk' will not be cached, because the device under test has confirmed the support of streamed installs
[debug] &amp#27;[35m[ADB]&amp#27;[39m Running 'C:\Users\graeme_churchman\AppData\Local\Android\Sdk\platform-tools\adb.exe -P 5037 -s emulator-5554 install -r -g C:\Users\graeme_churchman\eclipse-workspace\AppiumFramework\src\ApiDemos-debug.apk'
&amp#27;[35m[ADB]&amp#27;[39m The installation of 'ApiDemos-debug.apk' took 1163ms
[debug] &amp#27;[35m[ADB]&amp#27;[39m Install command stdout: Performing Streamed Install
[debug] &amp#27;[35m[ADB]&amp#27;[39m Success
[debug] &amp#27;[35m[UiAutomator2]&amp#27;[39m Performing shallow cleanup of automation leftovers
[debug] &amp#27;[35m[UiAutomator2]&amp#27;[39m The following obsolete sessions are still running: [null]
[debug] &amp#27;[35m[UiAutomator2]&amp#27;[39m Cleaning up the obsolete sessions
[debug] &amp#27;[35m[ADB]&amp#27;[39m Running 'C:\Users\graeme_churchman\AppData\Local\Android\Sdk\platform-tools\adb.exe -P 5037 -s emulator-5554 shell am force-stop io.appium.uiautomator2.server.test'
&amp#27;[35m[UiAutomator2]&amp#27;[39m Starting UIAutomator2 server 4.15.0
&amp#27;[35m[UiAutomator2]&amp#27;[39m Using UIAutomator2 server from 'C:\Users\graeme_churchman\AppData\Roaming\npm\node_modules\appium\node_modules\appium-uiautomator2-server\apks\appium-uiautomator2-server-v4.15.0.apk' and test from 'C:\Users\graeme_churchman\AppData\Roaming\npm\node_modules\appium\node_modules\appium-uiautomator2-server\apks\appium-uiautomator2-server-debug-androidTest.apk'
&amp#27;[35m[UiAutomator2]&amp#27;[39m Waiting up to 30000ms for UiAutomator2 to be online...
[debug] &amp#27;[35m[ADB]&amp#27;[39m Creating ADB subprocess with args: ["-P",5037,"-s","emulator-5554","shell","am","instrument","-w","io.appium.uiautomator2.server.test/androidx.test.runner.AndroidJUnitRunner"]
[debug] &amp#27;[35m[WD Proxy]&amp#27;[39m Matched '/status' to command name 'getStatus'
[debug] &amp#27;[35m[WD Proxy]&amp#27;[39m Proxying [GET /status] to [GET http://127.0.0.1:8202/wd/hub/status] with no body
&amp#27;[35m[WD Proxy]&amp#27;[39m socket hang up
[debug] &amp#27;[35m[Instrumentation]&amp#27;[39m io.appium.uiautomator2.server.test.AppiumUiAutomator2Server:
[debug] &amp#27;[35m[WD Proxy]&amp#27;[39m Matched '/status' to command name 'getStatus'
[debug] &amp#27;[35m[WD Proxy]&amp#27;[39m Proxying [GET /status] to [GET http://127.0.0.1:8202/wd/hub/status] with no body
&amp#27;[35m[WD Proxy]&amp#27;[39m socket hang up
[debug] &amp#27;[35m[WD Proxy]&amp#27;[39m Matched '/status' to command name 'getStatus'
[debug] &amp#27;[35m[WD Proxy]&amp#27;[39m Proxying [GET /status] to [GET http://127.0.0.1:8202/wd/hub/status] with no body
[debug] &amp#27;[35m[WD Proxy]&amp#27;[39m Got response with status 200: {"sessionId":"None","value":{"message":"UiAutomator2 Server is ready to accept commands","ready":true}}
[debug] &amp#27;[35m[UiAutomator2]&amp#27;[39m The initialization of the instrumentation process took 3187ms
[debug] &amp#27;[35m[WD Proxy]&amp#27;[39m Matched '/session' to command name 'createSession'
[debug] &amp#27;[35m[WD Proxy]&amp#27;[39m Proxying [POST /session] to [POST http://127.0.0.1:8202/wd/hub/session] with body: {"capabilities":{"firstMatch":[{"platform":"LINUX","webStorageEnabled":false,"takesScreenshot":true,"javascriptEnabled":true,"databaseEnabled":false,"networkConnectionEnabled":true,"locationContextEnabled":false,"warnings":{},"desired":{"platformName":"android","app":"C:\\Users\\graeme_churchman\\eclipse-workspace\\AppiumFramework\\src\\ApiDemos-debug.apk","autoGrantPermissions":true,"automationName":"Uiautomator2","chromedriverExecutable":"C:/QA_Tools/chromedriver/lib/chromedriver/chromedriver.exe","deviceName":"GraemeEmulator","fullReset":true,"newCommandTimeout":14,"noReset":false},"platformName":"android","app":"C:\\Users\\graeme_churchman\\eclipse-workspace\\AppiumFramework\\src\\ApiDemos-debug.apk","autoGrantPermissions":true,"automationName":"Uiautomator2","chromedriverExecutable":"C:/QA_Tools/chromedriver/lib/chromedriver/chromedriver.exe","deviceName":"emulator-5554","fullReset":true,"newCommandTimeout":14,"noReset":false,"deviceUDID":"emulator-5554","appPackage":"io.appium.android.apis"}],"always...
[debug] &amp#27;[35m[WD Proxy]&amp#27;[39m Got response with status 200: {"sessionId":"70ea2c8d-063b-454e-989a-c8f88eb22c74","value":{"capabilities":{"firstMatch":[{"platform":"LINUX","webStorageEnabled":false,"takesScreenshot":true,"javascriptEnabled":true,"databaseEnabled":false,"networkConnectionEnabled":true,"locationContextEnabled":false,"warnings":{},"desired":{"platformName":"android","app":"C:\\Users\\graeme_churchman\\eclipse-workspace\\AppiumFramework\\src\\ApiDemos-debug.apk","autoGrantPermissions":true,"automationName":"Uiautomator2","chromedriverExecutable":"C:/QA_Tools/chromedriver/lib/chromedriver/chromedriver.exe","deviceName":"GraemeEmulator","fullReset":true,"newCommandTimeout":14,"noReset":false},"platformName":"android","app":"C:\\Users\\graeme_churchman\\eclipse-workspace\\AppiumFramework\\src\\ApiDemos-debug.apk","autoGrantPermissions":true,"automationName":"Uiautomator2","chromedriverExecutable":"C:/QA_Tools/chromedriver/lib/chromedriver/chromedriver.exe","deviceName":"emulator-5554","fullReset":true,"newCommandTimeout":14,"noReset":false,"deviceUDID":"em...
&amp#27;[35m[WD Proxy]&amp#27;[39m Determined the downstream protocol as 'W3C'
[debug] &amp#27;[35m[WD Proxy]&amp#27;[39m Proxying [GET /appium/device/info] to [GET http://127.0.0.1:8202/wd/hub/session/70ea2c8d-063b-454e-989a-c8f88eb22c74/appium/device/info] with no body
[debug] &amp#27;[35m[WD Proxy]&amp#27;[39m Got response with status 200: {"sessionId":"70ea2c8d-063b-454e-989a-c8f88eb22c74","value":{"androidId":"eaeca40a8a36f7b0","apiVersion":"30","bluetooth":{"state":"ON"},"brand":"google","carrierName":"Android","displayDensity":420,"locale":"en_US","manufacturer":"Google","model":"sdk_gphone_x86","networks":[{"capabilities":{"SSID":null,"linkDownBandwidthKbps":30000,"linkUpstreamBandwidthKbps":15000,"networkCapabilities":"NET_CAPABILITY_MMS,NET_CAPABILITY_SUPL,NET_CAPABILITY_DUN,NET_CAPABILITY_FOTA,NET_CAPABILITY_IMS,NET_CAPABILITY_CBS,NET_CAPABILITY_INTERNET,NET_CAPABILITY_NOT_RESTRICTED,NET_CAPABILITY_TRUSTED,NET_CAPABILITY_NOT_VPN,NET_CAPABILITY_NOT_ROAMING,NET_CAPABILITY_FOREGROUND,NET_CAPABILITY_NOT_CONGESTED,NET_CAPABILITY_NOT_SUSPENDED","signalStrength":-2147483648,"transportTypes":"TRANSPORT_CELLULAR"},"detailedState":"CONNECTED","extraInfo":"epc.tmobile.com","isAvailable":true,"isConnected":true,"isFailover":false,"isRoaming":false,"state":"CONNECTED","subtype":13,"subtypeName":"LTE","type":0,"typeName":"MOBILE"}],"platformVersio...
[debug] &amp#27;[35m[ADB]&amp#27;[39m Running 'C:\Users\graeme_churchman\AppData\Local\Android\Sdk\platform-tools\adb.exe -P 5037 -s emulator-5554 shell dumpsys window'
&amp#27;[35m[AndroidDriver]&amp#27;[39m Screen already unlocked, doing nothing
&amp#27;[35m[UiAutomator2]&amp#27;[39m Starting 'io.appium.android.apis/ApiDemos and waiting for 'io.appium.android.apis/ApiDemos'
[debug] &amp#27;[35m[ADB]&amp#27;[39m Running 'C:\Users\graeme_churchman\AppData\Local\Android\Sdk\platform-tools\adb.exe -P 5037 -s emulator-5554 shell am start -W -n io.appium.android.apis/ApiDemos -S -a android.intent.action.MAIN -c android.intent.category.LAUNCHER -f 0x10200000'
[debug] &amp#27;[35m[ADB]&amp#27;[39m We tried to start an activity that doesn't exist, retrying with '.ApiDemos' activity name
[debug] &amp#27;[35m[ADB]&amp#27;[39m Running 'C:\Users\graeme_churchman\AppData\Local\Android\Sdk\platform-tools\adb.exe -P 5037 -s emulator-5554 shell am start -W -n io.appium.android.apis/.ApiDemos -S -a android.intent.action.MAIN -c android.intent.category.LAUNCHER -f 0x10200000'
[debug] &amp#27;[35m[ADB]&amp#27;[39m Waiting up to 20000ms for activity matching pkg: 'io.appium.android.apis' and activity: 'ApiDemos' to be focused
[debug] &amp#27;[35m[ADB]&amp#27;[39m Possible activities, to be checked: 'ApiDemos', 'io.appium.android.apis.ApiDemos'
[debug] &amp#27;[35m[ADB]&amp#27;[39m Getting focused package and activity
[debug] &amp#27;[35m[ADB]&amp#27;[39m Running 'C:\Users\graeme_churchman\AppData\Local\Android\Sdk\platform-tools\adb.exe -P 5037 -s emulator-5554 shell dumpsys window displays'
[debug] &amp#27;[35m[ADB]&amp#27;[39m Found package: 'io.appium.android.apis' and fully qualified activity name : 'io.appium.android.apis.ApiDemos'
[debug] &amp#27;[35m[WD Proxy]&amp#27;[39m Proxying [GET /appium/device/pixel_ratio] to [GET http://127.0.0.1:8202/wd/hub/session/70ea2c8d-063b-454e-989a-c8f88eb22c74/appium/device/pixel_ratio] with no body
[debug] &amp#27;[35m[WD Proxy]&amp#27;[39m Got response with status 200: {"sessionId":"70ea2c8d-063b-454e-989a-c8f88eb22c74","value":2.625}
[debug] &amp#27;[35m[WD Proxy]&amp#27;[39m Matched '/appium/device/system_bars' to command name 'getSystemBars'
[debug] &amp#27;[35m[WD Proxy]&amp#27;[39m Proxying [GET /appium/device/system_bars] to [GET http://127.0.0.1:8202/wd/hub/session/70ea2c8d-063b-454e-989a-c8f88eb22c74/appium/device/system_bars] with no body
[debug] &amp#27;[35m[WD Proxy]&amp#27;[39m Got response with status 200: {"sessionId":"70ea2c8d-063b-454e-989a-c8f88eb22c74","value":{"statusBar":63}}
[debug] &amp#27;[35m[WD Proxy]&amp#27;[39m Matched '/window/current/size' to command name 'getWindowSize'
[debug] &amp#27;[35m[WD Proxy]&amp#27;[39m Proxying [GET /window/current/size] to [GET http://127.0.0.1:8202/wd/hub/session/70ea2c8d-063b-454e-989a-c8f88eb22c74/window/current/size] with no body
[debug] &amp#27;[35m[WD Proxy]&amp#27;[39m Got response with status 200: {"sessionId":"70ea2c8d-063b-454e-989a-c8f88eb22c74","value":{"height":1794,"width":1080}}
&amp#27;[35m[Appium]&amp#27;[39m New AndroidUiautomator2Driver session created successfully, session ec84924b-1240-439d-8ccb-1798e6400504 added to master session list
[debug] &amp#27;[35m[BaseDriver]&amp#27;[39m Event 'newSessionStarted' logged at 1610642759169 (16:45:59 GMT+0000 (Greenwich Mean Time))
[debug] &amp#27;[35m[W3C (ec84924b)]&amp#27;[39m Cached the protocol value 'W3C' for the new session ec84924b-1240-439d-8ccb-1798e6400504
[debug] &amp#27;[35m[W3C (ec84924b)]&amp#27;[39m Responding to client with driver.createSession() result: {"capabilities":{"platform":"LINUX","webStorageEnabled":false,"takesScreenshot":true,"javascriptEnabled":true,"databaseEnabled":false,"networkConnectionEnabled":true,"locationContextEnabled":false,"warnings":{},"desired":{"platformName":"android","app":"C:\\Users\\graeme_churchman\\eclipse-workspace\\AppiumFramework\\src\\ApiDemos-debug.apk","autoGrantPermissions":true,"automationName":"Uiautomator2","chromedriverExecutable":"C:/QA_Tools/chromedriver/lib/chromedriver/chromedriver.exe","deviceName":"GraemeEmulator","fullReset":true,"newCommandTimeout":14,"noReset":false},"platformName":"android","app":"C:\\Users\\graeme_churchman\\eclipse-workspace\\AppiumFramework\\src\\ApiDemos-debug.apk","autoGrantPermissions":true,"automationName":"Uiautomator2","chromedriverExecutable":"C:/QA_Tools/chromedriver/lib/chromedriver/chromedriver.exe","deviceName":"emulator-5554","fullReset":true,"newCommandTimeout":14,"noReset":false,"deviceUDID":"emulator-5554","appPackage":"io.appium.android.apis","deviceApiLevel":30,"pla...
&amp#27;[35m[HTTP]&amp#27;[39m &amp#27;[37m<-- POST /wd/hub/session &amp#27;[39m&amp#27;[32m200&amp#27;[39m &amp#27;[90m16538 ms - 1320&amp#27;[39m
&amp#27;[35m[HTTP]&amp#27;[39m &amp#27;[90m&amp#27;[39m
&amp#27;[35m[HTTP]&amp#27;[39m &amp#27;[37m-->&amp#27;[39m &amp#27;[37mPOST&amp#27;[39m &amp#27;[37m/wd/hub/session/ec84924b-1240-439d-8ccb-1798e6400504/timeouts&amp#27;[39m
&amp#27;[35m[HTTP]&amp#27;[39m &amp#27;[90m{"implicit":60000}&amp#27;[39m
[debug] &amp#27;[35m[W3C (ec84924b)]&amp#27;[39m Calling AppiumDriver.timeouts() with args: [null,null,null,null,60000,"ec84924b-1240-439d-8ccb-1798e6400504"]
[debug] &amp#27;[35m[BaseDriver]&amp#27;[39m W3C timeout argument: {"implicit":60000}}
[debug] &amp#27;[35m[BaseDriver]&amp#27;[39m Set implicit wait to 60000ms
[debug] &amp#27;[35m[W3C (ec84924b)]&amp#27;[39m Responding to client with driver.timeouts() result: null
&amp#27;[35m[HTTP]&amp#27;[39m &amp#27;[37m<-- POST /wd/hub/session/ec84924b-1240-439d-8ccb-1798e6400504/timeouts &amp#27;[39m&amp#27;[32m200&amp#27;[39m &amp#27;[90m7 ms - 14&amp#27;[39m
&amp#27;[35m[HTTP]&amp#27;[39m &amp#27;[90m&amp#27;[39m
&amp#27;[35m[HTTP]&amp#27;[39m &amp#27;[37m-->&amp#27;[39m &amp#27;[37mPOST&amp#27;[39m &amp#27;[37m/wd/hub/session/ec84924b-1240-439d-8ccb-1798e6400504/element&amp#27;[39m
&amp#27;[35m[HTTP]&amp#27;[39m &amp#27;[90m{"using":"xpath","value":"//android.widget.Button[@text='OK']"}&amp#27;[39m
[debug] &amp#27;[35m[W3C (ec84924b)]&amp#27;[39m Calling AppiumDriver.findElement() with args: ["xpath","//android.widget.Button[@text='OK']","ec84924b-1240-439d-8ccb-1798e6400504"]
[debug] &amp#27;[35m[BaseDriver]&amp#27;[39m Valid locator strategies for this request: xpath, id, class name, accessibility id, css selector, -android uiautomator
[debug] &amp#27;[35m[BaseDriver]&amp#27;[39m Waiting up to 60000 ms for condition
[debug] &amp#27;[35m[WD Proxy]&amp#27;[39m Matched '/element' to command name 'findElement'
[debug] &amp#27;[35m[WD Proxy]&amp#27;[39m Proxying [POST /element] to [POST http://127.0.0.1:8202/wd/hub/session/70ea2c8d-063b-454e-989a-c8f88eb22c74/element] with body: {"strategy":"xpath","selector":"//android.widget.Button[@text='OK']","context":"","multiple":false}
[debug] &amp#27;[35m[WD Proxy]&amp#27;[39m Got response with status 200: {"sessionId":"70ea2c8d-063b-454e-989a-c8f88eb22c74","value":{"ELEMENT":"ce54896d-c707-4011-ae24-c54d2747b117","element-6066-11e4-a52e-4f735466cecf":"ce54896d-c707-4011-ae24-c54d2747b117"}}
[debug] &amp#27;[35m[W3C (ec84924b)]&amp#27;[39m Responding to client with driver.findElement() result: {"element-6066-11e4-a52e-4f735466cecf":"ce54896d-c707-4011-ae24-c54d2747b117","ELEMENT":"ce54896d-c707-4011-ae24-c54d2747b117"}
&amp#27;[35m[HTTP]&amp#27;[39m &amp#27;[37m<-- POST /wd/hub/session/ec84924b-1240-439d-8ccb-1798e6400504/element &amp#27;[39m&amp#27;[32m200&amp#27;[39m &amp#27;[90m527 ms - 137&amp#27;[39m
&amp#27;[35m[HTTP]&amp#27;[39m &amp#27;[90m&amp#27;[39m
&amp#27;[35m[HTTP]&amp#27;[39m &amp#27;[37m-->&amp#27;[39m &amp#27;[37mPOST&amp#27;[39m &amp#27;[37m/wd/hub/session/ec84924b-1240-439d-8ccb-1798e6400504/element/ce54896d-c707-4011-ae24-c54d2747b117/click&amp#27;[39m
&amp#27;[35m[HTTP]&amp#27;[39m &amp#27;[90m{"id":"ce54896d-c707-4011-ae24-c54d2747b117"}&amp#27;[39m
[debug] &amp#27;[35m[W3C (ec84924b)]&amp#27;[39m Calling AppiumDriver.click() with args: ["ce54896d-c707-4011-ae24-c54d2747b117","ec84924b-1240-439d-8ccb-1798e6400504"]
[debug] &amp#27;[35m[WD Proxy]&amp#27;[39m Matched '/element/ce54896d-c707-4011-ae24-c54d2747b117/click' to command name 'click'
[debug] &amp#27;[35m[WD Proxy]&amp#27;[39m Proxying [POST /element/ce54896d-c707-4011-ae24-c54d2747b117/click] to [POST http://127.0.0.1:8202/wd/hub/session/70ea2c8d-063b-454e-989a-c8f88eb22c74/element/ce54896d-c707-4011-ae24-c54d2747b117/click] with body: {"element":"ce54896d-c707-4011-ae24-c54d2747b117"}
[debug] &amp#27;[35m[WD Proxy]&amp#27;[39m Got response with status 200: {"sessionId":"70ea2c8d-063b-454e-989a-c8f88eb22c74","value":null}
[debug] &amp#27;[35m[W3C (ec84924b)]&amp#27;[39m Responding to client with driver.click() result: null
&amp#27;[35m[HTTP]&amp#27;[39m &amp#27;[37m<-- POST /wd/hub/session/ec84924b-1240-439d-8ccb-1798e6400504/element/ce54896d-c707-4011-ae24-c54d2747b117/click &amp#27;[39m&amp#27;[32m200&amp#27;[39m &amp#27;[90m48 ms - 14&amp#27;[39m
&amp#27;[35m[HTTP]&amp#27;[39m &amp#27;[90m&amp#27;[39m
&amp#27;[35m[HTTP]&amp#27;[39m &amp#27;[37m-->&amp#27;[39m &amp#27;[37mPOST&amp#27;[39m &amp#27;[37m/wd/hub/session/ec84924b-1240-439d-8ccb-1798e6400504/timeouts&amp#27;[39m
&amp#27;[35m[HTTP]&amp#27;[39m &amp#27;[90m{"implicit":10000}&amp#27;[39m
[debug] &amp#27;[35m[W3C (ec84924b)]&amp#27;[39m Calling AppiumDriver.timeouts() with args: [null,null,null,null,10000,"ec84924b-1240-439d-8ccb-1798e6400504"]
[debug] &amp#27;[35m[BaseDriver]&amp#27;[39m W3C timeout argument: {"implicit":10000}}
[debug] &amp#27;[35m[BaseDriver]&amp#27;[39m Set implicit wait to 10000ms
[debug] &amp#27;[35m[W3C (ec84924b)]&amp#27;[39m Responding to client with driver.timeouts() result: null
&amp#27;[35m[HTTP]&amp#27;[39m &amp#27;[37m<-- POST /wd/hub/session/ec84924b-1240-439d-8ccb-1798e6400504/timeouts &amp#27;[39m&amp#27;[32m200&amp#27;[39m &amp#27;[90m4 ms - 14&amp#27;[39m
&amp#27;[35m[HTTP]&amp#27;[39m &amp#27;[90m&amp#27;[39m
&amp#27;[35m[HTTP]&amp#27;[39m &amp#27;[37m-->&amp#27;[39m &amp#27;[37mGET&amp#27;[39m &amp#27;[37m/wd/hub/session/ec84924b-1240-439d-8ccb-1798e6400504/context&amp#27;[39m
&amp#27;[35m[HTTP]&amp#27;[39m &amp#27;[90m{}&amp#27;[39m
[debug] &amp#27;[35m[W3C (ec84924b)]&amp#27;[39m Calling AppiumDriver.getCurrentContext() with args: ["ec84924b-1240-439d-8ccb-1798e6400504"]
[debug] &amp#27;[35m[W3C (ec84924b)]&amp#27;[39m Responding to client with driver.getCurrentContext() result: "NATIVE_APP"
&amp#27;[35m[HTTP]&amp#27;[39m &amp#27;[37m<-- GET /wd/hub/session/ec84924b-1240-439d-8ccb-1798e6400504/context &amp#27;[39m&amp#27;[32m200&amp#27;[39m &amp#27;[90m9 ms - 22&amp#27;[39m
&amp#27;[35m[HTTP]&amp#27;[39m &amp#27;[90m&amp#27;[39m
&amp#27;[35m[HTTP]&amp#27;[39m &amp#27;[37m-->&amp#27;[39m &amp#27;[37mPOST&amp#27;[39m &amp#27;[37m/wd/hub/session/ec84924b-1240-439d-8ccb-1798e6400504/element&amp#27;[39m
&amp#27;[35m[HTTP]&amp#27;[39m &amp#27;[90m{"using":"xpath","value":"//android.widget.TextView[@text='Preference']"}&amp#27;[39m
[debug] &amp#27;[35m[W3C (ec84924b)]&amp#27;[39m Calling AppiumDriver.findElement() with args: ["xpath","//android.widget.TextView[@text='Preference']","ec84924b-1240-439d-8ccb-1798e6400504"]
[debug] &amp#27;[35m[BaseDriver]&amp#27;[39m Valid locator strategies for this request: xpath, id, class name, accessibility id, css selector, -android uiautomator
[debug] &amp#27;[35m[BaseDriver]&amp#27;[39m Waiting up to 10000 ms for condition
[debug] &amp#27;[35m[WD Proxy]&amp#27;[39m Matched '/element' to command name 'findElement'
[debug] &amp#27;[35m[WD Proxy]&amp#27;[39m Proxying [POST /element] to [POST http://127.0.0.1:8202/wd/hub/session/70ea2c8d-063b-454e-989a-c8f88eb22c74/element] with body: {"strategy":"xpath","selector":"//android.widget.TextView[@text='Preference']","context":"","multiple":false}
[debug] &amp#27;[35m[WD Proxy]&amp#27;[39m Got response with status 200: {"sessionId":"70ea2c8d-063b-454e-989a-c8f88eb22c74","value":{"ELEMENT":"cc3af69e-cb9c-40e1-b82e-e28e954d41a8","element-6066-11e4-a52e-4f735466cecf":"cc3af69e-cb9c-40e1-b82e-e28e954d41a8"}}
[debug] &amp#27;[35m[W3C (ec84924b)]&amp#27;[39m Responding to client with driver.findElement() result: {"element-6066-11e4-a52e-4f735466cecf":"cc3af69e-cb9c-40e1-b82e-e28e954d41a8","ELEMENT":"cc3af69e-cb9c-40e1-b82e-e28e954d41a8"}
&amp#27;[35m[HTTP]&amp#27;[39m &amp#27;[37m<-- POST /wd/hub/session/ec84924b-1240-439d-8ccb-1798e6400504/element &amp#27;[39m&amp#27;[32m200&amp#27;[39m &amp#27;[90m593 ms - 137&amp#27;[39m
&amp#27;[35m[HTTP]&amp#27;[39m &amp#27;[90m&amp#27;[39m
&amp#27;[35m[HTTP]&amp#27;[39m &amp#27;[37m-->&amp#27;[39m &amp#27;[37mPOST&amp#27;[39m &amp#27;[37m/wd/hub/session/ec84924b-1240-439d-8ccb-1798e6400504/element/cc3af69e-cb9c-40e1-b82e-e28e954d41a8/click&amp#27;[39m
&amp#27;[35m[HTTP]&amp#27;[39m &amp#27;[90m{"id":"cc3af69e-cb9c-40e1-b82e-e28e954d41a8"}&amp#27;[39m
[debug] &amp#27;[35m[W3C (ec84924b)]&amp#27;[39m Calling AppiumDriver.click() with args: ["cc3af69e-cb9c-40e1-b82e-e28e954d41a8","ec84924b-1240-439d-8ccb-1798e6400504"]
[debug] &amp#27;[35m[WD Proxy]&amp#27;[39m Matched '/element/cc3af69e-cb9c-40e1-b82e-e28e954d41a8/click' to command name 'click'
[debug] &amp#27;[35m[WD Proxy]&amp#27;[39m Proxying [POST /element/cc3af69e-cb9c-40e1-b82e-e28e954d41a8/click] to [POST http://127.0.0.1:8202/wd/hub/session/70ea2c8d-063b-454e-989a-c8f88eb22c74/element/cc3af69e-cb9c-40e1-b82e-e28e954d41a8/click] with body: {"element":"cc3af69e-cb9c-40e1-b82e-e28e954d41a8"}
[debug] &amp#27;[35m[WD Proxy]&amp#27;[39m Got response with status 200: {"sessionId":"70ea2c8d-063b-454e-989a-c8f88eb22c74","value":null}
[debug] &amp#27;[35m[W3C (ec84924b)]&amp#27;[39m Responding to client with driver.click() result: null
&amp#27;[35m[HTTP]&amp#27;[39m &amp#27;[37m<-- POST /wd/hub/session/ec84924b-1240-439d-8ccb-1798e6400504/element/cc3af69e-cb9c-40e1-b82e-e28e954d41a8/click &amp#27;[39m&amp#27;[32m200&amp#27;[39m &amp#27;[90m1342 ms - 14&amp#27;[39m
&amp#27;[35m[HTTP]&amp#27;[39m &amp#27;[90m&amp#27;[39m
&amp#27;[35m[HTTP]&amp#27;[39m &amp#27;[37m-->&amp#27;[39m &amp#27;[37mGET&amp#27;[39m &amp#27;[37m/wd/hub/session/ec84924b-1240-439d-8ccb-1798e6400504/context&amp#27;[39m
&amp#27;[35m[HTTP]&amp#27;[39m &amp#27;[90m{}&amp#27;[39m
[debug] &amp#27;[35m[W3C (ec84924b)]&amp#27;[39m Calling AppiumDriver.getCurrentContext() with args: ["ec84924b-1240-439d-8ccb-1798e6400504"]
[debug] &amp#27;[35m[W3C (ec84924b)]&amp#27;[39m Responding to client with driver.getCurrentContext() result: "NATIVE_APP"
&amp#27;[35m[HTTP]&amp#27;[39m &amp#27;[37m<-- GET /wd/hub/session/ec84924b-1240-439d-8ccb-1798e6400504/context &amp#27;[39m&amp#27;[32m200&amp#27;[39m &amp#27;[90m7 ms - 22&amp#27;[39m
&amp#27;[35m[HTTP]&amp#27;[39m &amp#27;[90m&amp#27;[39m
&amp#27;[35m[HTTP]&amp#27;[39m &amp#27;[37m-->&amp#27;[39m &amp#27;[37mPOST&amp#27;[39m &amp#27;[37m/wd/hub/session/ec84924b-1240-439d-8ccb-1798e6400504/element&amp#27;[39m
&amp#27;[35m[HTTP]&amp#27;[39m &amp#27;[90m{"using":"xpath","value":"//android.widget.TextView[@text='3. Preference dependencies']"}&amp#27;[39m
[debug] &amp#27;[35m[W3C (ec84924b)]&amp#27;[39m Calling AppiumDriver.findElement() with args: ["xpath","//android.widget.TextView[@text='3. Preference dependencies']","ec84924b-1240-439d-8ccb-1798e6400504"]
[debug] &amp#27;[35m[BaseDriver]&amp#27;[39m Valid locator strategies for this request: xpath, id, class name, accessibility id, css selector, -android uiautomator
[debug] &amp#27;[35m[BaseDriver]&amp#27;[39m Waiting up to 10000 ms for condition
[debug] &amp#27;[35m[WD Proxy]&amp#27;[39m Matched '/element' to command name 'findElement'
[debug] &amp#27;[35m[WD Proxy]&amp#27;[39m Proxying [POST /element] to [POST http://127.0.0.1:8202/wd/hub/session/70ea2c8d-063b-454e-989a-c8f88eb22c74/element] with body: {"strategy":"xpath","selector":"//android.widget.TextView[@text='3. Preference dependencies']","context":"","multiple":false}
[debug] &amp#27;[35m[WD Proxy]&amp#27;[39m Got response with status 200: {"sessionId":"70ea2c8d-063b-454e-989a-c8f88eb22c74","value":{"ELEMENT":"1f75f620-6dd0-4ff6-ac08-9c2cde2d9937","element-6066-11e4-a52e-4f735466cecf":"1f75f620-6dd0-4ff6-ac08-9c2cde2d9937"}}
[debug] &amp#27;[35m[W3C (ec84924b)]&amp#27;[39m Responding to client with driver.findElement() result: {"element-6066-11e4-a52e-4f735466cecf":"1f75f620-6dd0-4ff6-ac08-9c2cde2d9937","ELEMENT":"1f75f620-6dd0-4ff6-ac08-9c2cde2d9937"}
&amp#27;[35m[HTTP]&amp#27;[39m &amp#27;[37m<-- POST /wd/hub/session/ec84924b-1240-439d-8ccb-1798e6400504/element &amp#27;[39m&amp#27;[32m200&amp#27;[39m &amp#27;[90m68 ms - 137&amp#27;[39m
&amp#27;[35m[HTTP]&amp#27;[39m &amp#27;[90m&amp#27;[39m
&amp#27;[35m[HTTP]&amp#27;[39m &amp#27;[37m-->&amp#27;[39m &amp#27;[37mPOST&amp#27;[39m &amp#27;[37m/wd/hub/session/ec84924b-1240-439d-8ccb-1798e6400504/element/1f75f620-6dd0-4ff6-ac08-9c2cde2d9937/click&amp#27;[39m
&amp#27;[35m[HTTP]&amp#27;[39m &amp#27;[90m{"id":"1f75f620-6dd0-4ff6-ac08-9c2cde2d9937"}&amp#27;[39m
[debug] &amp#27;[35m[W3C (ec84924b)]&amp#27;[39m Calling AppiumDriver.click() with args: ["1f75f620-6dd0-4ff6-ac08-9c2cde2d9937","ec84924b-1240-439d-8ccb-1798e6400504"]
[debug] &amp#27;[35m[WD Proxy]&amp#27;[39m Matched '/element/1f75f620-6dd0-4ff6-ac08-9c2cde2d9937/click' to command name 'click'
[debug] &amp#27;[35m[WD Proxy]&amp#27;[39m Proxying [POST /element/1f75f620-6dd0-4ff6-ac08-9c2cde2d9937/click] to [POST http://127.0.0.1:8202/wd/hub/session/70ea2c8d-063b-454e-989a-c8f88eb22c74/element/1f75f620-6dd0-4ff6-ac08-9c2cde2d9937/click] with body: {"element":"1f75f620-6dd0-4ff6-ac08-9c2cde2d9937"}
[debug] &amp#27;[35m[WD Proxy]&amp#27;[39m Got response with status 200: {"sessionId":"70ea2c8d-063b-454e-989a-c8f88eb22c74","value":null}
[debug] &amp#27;[35m[W3C (ec84924b)]&amp#27;[39m Responding to client with driver.click() result: null
&amp#27;[35m[HTTP]&amp#27;[39m &amp#27;[37m<-- POST /wd/hub/session/ec84924b-1240-439d-8ccb-1798e6400504/element/1f75f620-6dd0-4ff6-ac08-9c2cde2d9937/click &amp#27;[39m&amp#27;[32m200&amp#27;[39m &amp#27;[90m1372 ms - 14&amp#27;[39m
&amp#27;[35m[HTTP]&amp#27;[39m &amp#27;[90m&amp#27;[39m
&amp#27;[35m[HTTP]&amp#27;[39m &amp#27;[37m-->&amp#27;[39m &amp#27;[37mGET&amp#27;[39m &amp#27;[37m/wd/hub/session/ec84924b-1240-439d-8ccb-1798e6400504/context&amp#27;[39m
&amp#27;[35m[HTTP]&amp#27;[39m &amp#27;[90m{}&amp#27;[39m
[debug] &amp#27;[35m[W3C (ec84924b)]&amp#27;[39m Calling AppiumDriver.getCurrentContext() with args: ["ec84924b-1240-439d-8ccb-1798e6400504"]
[debug] &amp#27;[35m[W3C (ec84924b)]&amp#27;[39m Responding to client with driver.getCurrentContext() result: "NATIVE_APP"
&amp#27;[35m[HTTP]&amp#27;[39m &amp#27;[37m<-- GET /wd/hub/session/ec84924b-1240-439d-8ccb-1798e6400504/context &amp#27;[39m&amp#27;[32m200&amp#27;[39m &amp#27;[90m3 ms - 22&amp#27;[39m
&amp#27;[35m[HTTP]&amp#27;[39m &amp#27;[90m&amp#27;[39m
&amp#27;[35m[HTTP]&amp#27;[39m &amp#27;[37m-->&amp#27;[39m &amp#27;[37mPOST&amp#27;[39m &amp#27;[37m/wd/hub/session/ec84924b-1240-439d-8ccb-1798e6400504/element&amp#27;[39m
&amp#27;[35m[HTTP]&amp#27;[39m &amp#27;[90m{"using":"id","value":"android:id/checkbox"}&amp#27;[39m
[debug] &amp#27;[35m[W3C (ec84924b)]&amp#27;[39m Calling AppiumDriver.findElement() with args: ["id","android:id/checkbox","ec84924b-1240-439d-8ccb-1798e6400504"]
[debug] &amp#27;[35m[BaseDriver]&amp#27;[39m Valid locator strategies for this request: xpath, id, class name, accessibility id, css selector, -android uiautomator
[debug] &amp#27;[35m[BaseDriver]&amp#27;[39m Waiting up to 10000 ms for condition
[debug] &amp#27;[35m[WD Proxy]&amp#27;[39m Matched '/element' to command name 'findElement'
[debug] &amp#27;[35m[WD Proxy]&amp#27;[39m Proxying [POST /element] to [POST http://127.0.0.1:8202/wd/hub/session/70ea2c8d-063b-454e-989a-c8f88eb22c74/element] with body: {"strategy":"id","selector":"android:id/checkbox","context":"","multiple":false}
[debug] &amp#27;[35m[WD Proxy]&amp#27;[39m Got response with status 200: {"sessionId":"70ea2c8d-063b-454e-989a-c8f88eb22c74","value":{"ELEMENT":"7a16ea8f-c94e-45e1-957a-00e4afa44467","element-6066-11e4-a52e-4f735466cecf":"7a16ea8f-c94e-45e1-957a-00e4afa44467"}}
[debug] &amp#27;[35m[W3C (ec84924b)]&amp#27;[39m Responding to client with driver.findElement() result: {"element-6066-11e4-a52e-4f735466cecf":"7a16ea8f-c94e-45e1-957a-00e4afa44467","ELEMENT":"7a16ea8f-c94e-45e1-957a-00e4afa44467"}
&amp#27;[35m[HTTP]&amp#27;[39m &amp#27;[37m<-- POST /wd/hub/session/ec84924b-1240-439d-8ccb-1798e6400504/element &amp#27;[39m&amp#27;[32m200&amp#27;[39m &amp#27;[90m35 ms - 137&amp#27;[39m
&amp#27;[35m[HTTP]&amp#27;[39m &amp#27;[90m&amp#27;[39m
&amp#27;[35m[HTTP]&amp#27;[39m &amp#27;[37m-->&amp#27;[39m &amp#27;[37mPOST&amp#27;[39m &amp#27;[37m/wd/hub/session/ec84924b-1240-439d-8ccb-1798e6400504/element/7a16ea8f-c94e-45e1-957a-00e4afa44467/click&amp#27;[39m
&amp#27;[35m[HTTP]&amp#27;[39m &amp#27;[90m{"id":"7a16ea8f-c94e-45e1-957a-00e4afa44467"}&amp#27;[39m
[debug] &amp#27;[35m[W3C (ec84924b)]&amp#27;[39m Calling AppiumDriver.click() with args: ["7a16ea8f-c94e-45e1-957a-00e4afa44467","ec84924b-1240-439d-8ccb-1798e6400504"]
[debug] &amp#27;[35m[WD Proxy]&amp#27;[39m Matched '/element/7a16ea8f-c94e-45e1-957a-00e4afa44467/click' to command name 'click'
[debug] &amp#27;[35m[WD Proxy]&amp#27;[39m Proxying [POST /element/7a16ea8f-c94e-45e1-957a-00e4afa44467/click] to [POST http://127.0.0.1:8202/wd/hub/session/70ea2c8d-063b-454e-989a-c8f88eb22c74/element/7a16ea8f-c94e-45e1-957a-00e4afa44467/click] with body: {"element":"7a16ea8f-c94e-45e1-957a-00e4afa44467"}
[debug] &amp#27;[35m[WD Proxy]&amp#27;[39m Got response with status 200: {"sessionId":"70ea2c8d-063b-454e-989a-c8f88eb22c74","value":null}
[debug] &amp#27;[35m[W3C (ec84924b)]&amp#27;[39m Responding to client with driver.click() result: null
&amp#27;[35m[HTTP]&amp#27;[39m &amp#27;[37m<-- POST /wd/hub/session/ec84924b-1240-439d-8ccb-1798e6400504/element/7a16ea8f-c94e-45e1-957a-00e4afa44467/click &amp#27;[39m&amp#27;[32m200&amp#27;[39m &amp#27;[90m649 ms - 14&amp#27;[39m
&amp#27;[35m[HTTP]&amp#27;[39m &amp#27;[90m&amp#27;[39m
&amp#27;[35m[HTTP]&amp#27;[39m &amp#27;[37m-->&amp#27;[39m &amp#27;[37mGET&amp#27;[39m &amp#27;[37m/wd/hub/session/ec84924b-1240-439d-8ccb-1798e6400504/context&amp#27;[39m
&amp#27;[35m[HTTP]&amp#27;[39m &amp#27;[90m{}&amp#27;[39m
[debug] &amp#27;[35m[W3C (ec84924b)]&amp#27;[39m Calling AppiumDriver.getCurrentContext() with args: ["ec84924b-1240-439d-8ccb-1798e6400504"]
[debug] &amp#27;[35m[W3C (ec84924b)]&amp#27;[39m Responding to client with driver.getCurrentContext() result: "NATIVE_APP"
&amp#27;[35m[HTTP]&amp#27;[39m &amp#27;[37m<-- GET /wd/hub/session/ec84924b-1240-439d-8ccb-1798e6400504/context &amp#27;[39m&amp#27;[32m200&amp#27;[39m &amp#27;[90m2 ms - 22&amp#27;[39m
&amp#27;[35m[HTTP]&amp#27;[39m &amp#27;[90m&amp#27;[39m
&amp#27;[35m[HTTP]&amp#27;[39m &amp#27;[37m-->&amp#27;[39m &amp#27;[37mPOST&amp#27;[39m &amp#27;[37m/wd/hub/session/ec84924b-1240-439d-8ccb-1798e6400504/element&amp#27;[39m
&amp#27;[35m[HTTP]&amp#27;[39m &amp#27;[90m{"using":"xpath","value":"(//android.widget.RelativeLayout)[2]"}&amp#27;[39m
[debug] &amp#27;[35m[W3C (ec84924b)]&amp#27;[39m Calling AppiumDriver.findElement() with args: ["xpath","(//android.widget.RelativeLayout)[2]","ec84924b-1240-439d-8ccb-1798e6400504"]
[debug] &amp#27;[35m[BaseDriver]&amp#27;[39m Valid locator strategies for this request: xpath, id, class name, accessibility id, css selector, -android uiautomator
[debug] &amp#27;[35m[BaseDriver]&amp#27;[39m Waiting up to 10000 ms for condition
[debug] &amp#27;[35m[WD Proxy]&amp#27;[39m Matched '/element' to command name 'findElement'
[debug] &amp#27;[35m[WD Proxy]&amp#27;[39m Proxying [POST /element] to [POST http://127.0.0.1:8202/wd/hub/session/70ea2c8d-063b-454e-989a-c8f88eb22c74/element] with body: {"strategy":"xpath","selector":"(//android.widget.RelativeLayout)[2]","context":"","multiple":false}
[debug] &amp#27;[35m[WD Proxy]&amp#27;[39m Got response with status 200: {"sessionId":"70ea2c8d-063b-454e-989a-c8f88eb22c74","value":{"ELEMENT":"bbe7836d-58bd-4035-a95b-f907c0253a62","element-6066-11e4-a52e-4f735466cecf":"bbe7836d-58bd-4035-a95b-f907c0253a62"}}
[debug] &amp#27;[35m[W3C (ec84924b)]&amp#27;[39m Responding to client with driver.findElement() result: {"element-6066-11e4-a52e-4f735466cecf":"bbe7836d-58bd-4035-a95b-f907c0253a62","ELEMENT":"bbe7836d-58bd-4035-a95b-f907c0253a62"}
&amp#27;[35m[HTTP]&amp#27;[39m &amp#27;[37m<-- POST /wd/hub/session/ec84924b-1240-439d-8ccb-1798e6400504/element &amp#27;[39m&amp#27;[32m200&amp#27;[39m &amp#27;[90m48 ms - 137&amp#27;[39m
&amp#27;[35m[HTTP]&amp#27;[39m &amp#27;[90m&amp#27;[39m
&amp#27;[35m[HTTP]&amp#27;[39m &amp#27;[37m-->&amp#27;[39m &amp#27;[37mPOST&amp#27;[39m &amp#27;[37m/wd/hub/session/ec84924b-1240-439d-8ccb-1798e6400504/element/bbe7836d-58bd-4035-a95b-f907c0253a62/click&amp#27;[39m
&amp#27;[35m[HTTP]&amp#27;[39m &amp#27;[90m{"id":"bbe7836d-58bd-4035-a95b-f907c0253a62"}&amp#27;[39m
[debug] &amp#27;[35m[W3C (ec84924b)]&amp#27;[39m Calling AppiumDriver.click() with args: ["bbe7836d-58bd-4035-a95b-f907c0253a62","ec84924b-1240-439d-8ccb-1798e6400504"]
[debug] &amp#27;[35m[WD Proxy]&amp#27;[39m Matched '/element/bbe7836d-58bd-4035-a95b-f907c0253a62/click' to command name 'click'
[debug] &amp#27;[35m[WD Proxy]&amp#27;[39m Proxying [POST /element/bbe7836d-58bd-4035-a95b-f907c0253a62/click] to [POST http://127.0.0.1:8202/wd/hub/session/70ea2c8d-063b-454e-989a-c8f88eb22c74/element/bbe7836d-58bd-4035-a95b-f907c0253a62/click] with body: {"element":"bbe7836d-58bd-4035-a95b-f907c0253a62"}
[debug] &amp#27;[35m[WD Proxy]&amp#27;[39m Got response with status 200: {"sessionId":"70ea2c8d-063b-454e-989a-c8f88eb22c74","value":null}
[debug] &amp#27;[35m[W3C (ec84924b)]&amp#27;[39m Responding to client with driver.click() result: null
&amp#27;[35m[HTTP]&amp#27;[39m &amp#27;[37m<-- POST /wd/hub/session/ec84924b-1240-439d-8ccb-1798e6400504/element/bbe7836d-58bd-4035-a95b-f907c0253a62/click &amp#27;[39m&amp#27;[32m200&amp#27;[39m &amp#27;[90m1244 ms - 14&amp#27;[39m
&amp#27;[35m[HTTP]&amp#27;[39m &amp#27;[90m&amp#27;[39m
&amp#27;[35m[HTTP]&amp#27;[39m &amp#27;[37m-->&amp#27;[39m &amp#27;[37mGET&amp#27;[39m &amp#27;[37m/wd/hub/session/ec84924b-1240-439d-8ccb-1798e6400504/context&amp#27;[39m
&amp#27;[35m[HTTP]&amp#27;[39m &amp#27;[90m{}&amp#27;[39m
[debug] &amp#27;[35m[W3C (ec84924b)]&amp#27;[39m Calling AppiumDriver.getCurrentContext() with args: ["ec84924b-1240-439d-8ccb-1798e6400504"]
[debug] &amp#27;[35m[W3C (ec84924b)]&amp#27;[39m Responding to client with driver.getCurrentContext() result: "NATIVE_APP"
&amp#27;[35m[HTTP]&amp#27;[39m &amp#27;[37m<-- GET /wd/hub/session/ec84924b-1240-439d-8ccb-1798e6400504/context &amp#27;[39m&amp#27;[32m200&amp#27;[39m &amp#27;[90m2 ms - 22&amp#27;[39m
&amp#27;[35m[HTTP]&amp#27;[39m &amp#27;[90m&amp#27;[39m
&amp#27;[35m[HTTP]&amp#27;[39m &amp#27;[37m-->&amp#27;[39m &amp#27;[37mPOST&amp#27;[39m &amp#27;[37m/wd/hub/session/ec84924b-1240-439d-8ccb-1798e6400504/element&amp#27;[39m
&amp#27;[35m[HTTP]&amp#27;[39m &amp#27;[90m{"using":"class name","value":"android.widget.EditText"}&amp#27;[39m
[debug] &amp#27;[35m[W3C (ec84924b)]&amp#27;[39m Calling AppiumDriver.findElement() with args: ["class name","android.widget.EditText","ec84924b-1240-439d-8ccb-1798e6400504"]
[debug] &amp#27;[35m[BaseDriver]&amp#27;[39m Valid locator strategies for this request: xpath, id, class name, accessibility id, css selector, -android uiautomator
[debug] &amp#27;[35m[BaseDriver]&amp#27;[39m Waiting up to 10000 ms for condition
[debug] &amp#27;[35m[WD Proxy]&amp#27;[39m Matched '/element' to command name 'findElement'
[debug] &amp#27;[35m[WD Proxy]&amp#27;[39m Proxying [POST /element] to [POST http://127.0.0.1:8202/wd/hub/session/70ea2c8d-063b-454e-989a-c8f88eb22c74/element] with body: {"strategy":"class name","selector":"android.widget.EditText","context":"","multiple":false}
[debug] &amp#27;[35m[WD Proxy]&amp#27;[39m Got response with status 200: {"sessionId":"70ea2c8d-063b-454e-989a-c8f88eb22c74","value":{"ELEMENT":"5b94565a-18c9-463f-a642-68f89f1e1e5c","element-6066-11e4-a52e-4f735466cecf":"5b94565a-18c9-463f-a642-68f89f1e1e5c"}}
[debug] &amp#27;[35m[W3C (ec84924b)]&amp#27;[39m Responding to client with driver.findElement() result: {"element-6066-11e4-a52e-4f735466cecf":"5b94565a-18c9-463f-a642-68f89f1e1e5c","ELEMENT":"5b94565a-18c9-463f-a642-68f89f1e1e5c"}
&amp#27;[35m[HTTP]&amp#27;[39m &amp#27;[37m<-- POST /wd/hub/session/ec84924b-1240-439d-8ccb-1798e6400504/element &amp#27;[39m&amp#27;[32m200&amp#27;[39m &amp#27;[90m188 ms - 137&amp#27;[39m
&amp#27;[35m[HTTP]&amp#27;[39m &amp#27;[90m&amp#27;[39m
&amp#27;[35m[HTTP]&amp#27;[39m &amp#27;[37m-->&amp#27;[39m &amp#27;[37mPOST&amp#27;[39m &amp#27;[37m/wd/hub/session/ec84924b-1240-439d-8ccb-1798e6400504/element/5b94565a-18c9-463f-a642-68f89f1e1e5c/value&amp#27;[39m
&amp#27;[35m[HTTP]&amp#27;[39m &amp#27;[90m{"id":"5b94565a-18c9-463f-a642-68f89f1e1e5c","text":"@#!$%","value":["@","#","!","$","%"]}&amp#27;[39m
[debug] &amp#27;[35m[W3C (ec84924b)]&amp#27;[39m Calling AppiumDriver.setValue() with args: [["@","#","!","$","%"],"5b94565a-18c9-463f-a642-68f89f1e1e5c","ec84924b-1240-439d-8ccb-1798e6400504"]
[debug] &amp#27;[35m[WD Proxy]&amp#27;[39m Matched '/element/5b94565a-18c9-463f-a642-68f89f1e1e5c/value' to command name 'setValue'
[debug] &amp#27;[35m[Protocol Converter]&amp#27;[39m Added 'value' property ["@","#","!","$","%"] to 'setValue' request body
[debug] &amp#27;[35m[WD Proxy]&amp#27;[39m Proxying [POST /element/5b94565a-18c9-463f-a642-68f89f1e1e5c/value] to [POST http://127.0.0.1:8202/wd/hub/session/70ea2c8d-063b-454e-989a-c8f88eb22c74/element/5b94565a-18c9-463f-a642-68f89f1e1e5c/value] with body: {"elementId":"5b94565a-18c9-463f-a642-68f89f1e1e5c","text":"@#!$%","replace":false,"value":["@","#","!","$","%"]}
[debug] &amp#27;[35m[WD Proxy]&amp#27;[39m Got response with status 200: {"sessionId":"70ea2c8d-063b-454e-989a-c8f88eb22c74","value":null}
[debug] &amp#27;[35m[W3C (ec84924b)]&amp#27;[39m Responding to client with driver.setValue() result: null
&amp#27;[35m[HTTP]&amp#27;[39m &amp#27;[37m<-- POST /wd/hub/session/ec84924b-1240-439d-8ccb-1798e6400504/element/5b94565a-18c9-463f-a642-68f89f1e1e5c/value &amp#27;[39m&amp#27;[32m200&amp#27;[39m &amp#27;[90m591 ms - 14&amp#27;[39m
&amp#27;[35m[HTTP]&amp#27;[39m &amp#27;[90m&amp#27;[39m
&amp#27;[35m[HTTP]&amp#27;[39m &amp#27;[37m-->&amp#27;[39m &amp#27;[37mGET&amp#27;[39m &amp#27;[37m/wd/hub/session/ec84924b-1240-439d-8ccb-1798e6400504/context&amp#27;[39m
&amp#27;[35m[HTTP]&amp#27;[39m &amp#27;[90m{}&amp#27;[39m
[debug] &amp#27;[35m[W3C (ec84924b)]&amp#27;[39m Calling AppiumDriver.getCurrentContext() with args: ["ec84924b-1240-439d-8ccb-1798e6400504"]
[debug] &amp#27;[35m[W3C (ec84924b)]&amp#27;[39m Responding to client with driver.getCurrentContext() result: "NATIVE_APP"
&amp#27;[35m[HTTP]&amp#27;[39m &amp#27;[37m<-- GET /wd/hub/session/ec84924b-1240-439d-8ccb-1798e6400504/context &amp#27;[39m&amp#27;[32m200&amp#27;[39m &amp#27;[90m2 ms - 22&amp#27;[39m
&amp#27;[35m[HTTP]&amp#27;[39m &amp#27;[90m&amp#27;[39m
&amp#27;[35m[HTTP]&amp#27;[39m &amp#27;[37m-->&amp#27;[39m &amp#27;[37mPOST&amp#27;[39m &amp#27;[37m/wd/hub/session/ec84924b-1240-439d-8ccb-1798e6400504/elements&amp#27;[39m
&amp#27;[35m[HTTP]&amp#27;[39m &amp#27;[90m{"using":"class name","value":"android.widget.Button"}&amp#27;[39m
[debug] &amp#27;[35m[W3C (ec84924b)]&amp#27;[39m Calling AppiumDriver.findElements() with args: ["class name","android.widget.Button","ec84924b-1240-439d-8ccb-1798e6400504"]
[debug] &amp#27;[35m[BaseDriver]&amp#27;[39m Valid locator strategies for this request: xpath, id, class name, accessibility id, css selector, -android uiautomator
[debug] &amp#27;[35m[BaseDriver]&amp#27;[39m Waiting up to 10000 ms for condition
[debug] &amp#27;[35m[WD Proxy]&amp#27;[39m Matched '/elements' to command name 'findElements'
[debug] &amp#27;[35m[WD Proxy]&amp#27;[39m Proxying [POST /elements] to [POST http://127.0.0.1:8202/wd/hub/session/70ea2c8d-063b-454e-989a-c8f88eb22c74/elements] with body: {"strategy":"class name","selector":"android.widget.Button","context":"","multiple":true}
[debug] &amp#27;[35m[WD Proxy]&amp#27;[39m Got response with status 200: {"sessionId":"70ea2c8d-063b-454e-989a-c8f88eb22c74","value":[{"ELEMENT":"e9f89874-bc23-4df2-a61b-d6a61fb76055","element-6066-11e4-a52e-4f735466cecf":"e9f89874-bc23-4df2-a61b-d6a61fb76055"},{"ELEMENT":"bb04735f-28da-4b9b-918a-02805b3a2657","element-6066-11e4-a52e-4f735466cecf":"bb04735f-28da-4b9b-918a-02805b3a2657"}]}
[debug] &amp#27;[35m[W3C (ec84924b)]&amp#27;[39m Responding to client with driver.findElements() result: [{"element-6066-11e4-a52e-4f735466cecf":"e9f89874-bc23-4df2-a61b-d6a61fb76055","ELEMENT":"e9f89874-bc23-4df2-a61b-d6a61fb76055"},{"element-6066-11e4-a52e-4f735466cecf":"bb04735f-28da-4b9b-918a-02805b3a2657","ELEMENT":"bb04735f-28da-4b9b-918a-02805b3a2657"}]
&amp#27;[35m[HTTP]&amp#27;[39m &amp#27;[37m<-- POST /wd/hub/session/ec84924b-1240-439d-8ccb-1798e6400504/elements &amp#27;[39m&amp#27;[32m200&amp#27;[39m &amp#27;[90m646 ms - 267&amp#27;[39m
&amp#27;[35m[HTTP]&amp#27;[39m &amp#27;[90m&amp#27;[39m
&amp#27;[35m[HTTP]&amp#27;[39m &amp#27;[37m-->&amp#27;[39m &amp#27;[37mPOST&amp#27;[39m &amp#27;[37m/wd/hub/session/ec84924b-1240-439d-8ccb-1798e6400504/element/bb04735f-28da-4b9b-918a-02805b3a2657/click&amp#27;[39m
&amp#27;[35m[HTTP]&amp#27;[39m &amp#27;[90m{"id":"bb04735f-28da-4b9b-918a-02805b3a2657"}&amp#27;[39m
[debug] &amp#27;[35m[W3C (ec84924b)]&amp#27;[39m Calling AppiumDriver.click() with args: ["bb04735f-28da-4b9b-918a-02805b3a2657","ec84924b-1240-439d-8ccb-1798e6400504"]
[debug] &amp#27;[35m[WD Proxy]&amp#27;[39m Matched '/element/bb04735f-28da-4b9b-918a-02805b3a2657/click' to command name 'click'
[debug] &amp#27;[35m[WD Proxy]&amp#27;[39m Proxying [POST /element/bb04735f-28da-4b9b-918a-02805b3a2657/click] to [POST http://127.0.0.1:8202/wd/hub/session/70ea2c8d-063b-454e-989a-c8f88eb22c74/element/bb04735f-28da-4b9b-918a-02805b3a2657/click] with body: {"element":"bb04735f-28da-4b9b-918a-02805b3a2657"}
[debug] &amp#27;[35m[WD Proxy]&amp#27;[39m Got response with status 200: {"sessionId":"70ea2c8d-063b-454e-989a-c8f88eb22c74","value":null}
[debug] &amp#27;[35m[W3C (ec84924b)]&amp#27;[39m Responding to client with driver.click() result: null
&amp#27;[35m[HTTP]&amp#27;[39m &amp#27;[37m<-- POST /wd/hub/session/ec84924b-1240-439d-8ccb-1798e6400504/element/bb04735f-28da-4b9b-918a-02805b3a2657/click &amp#27;[39m&amp#27;[32m200&amp#27;[39m &amp#27;[90m53 ms - 14&amp#27;[39m
&amp#27;[35m[HTTP]&amp#27;[39m &amp#27;[90m&amp#27;[39m
]]></system-out>
    <system-err><![CDATA[Jan 14, 2021 4:45:59 PM io.appium.java_client.remote.AppiumCommandExecutor$1 lambda$0
INFO: Detected dialect: W3C
]]></system-err>
  </testcase>
</testsuite>