<?xml version="1.0" encoding="UTF-8"?>
<!-- Generated by org.testng.reporters.JUnitReportReporter -->
<testsuite skipped="0" hostname="2QWX2H2-LPT" name="practice.AppiumFramework.Ecommerce_tc_4" tests="1" failures="0" timestamp="2021-01-14T14:46:57 GMT" time="56.538" errors="0">
  <testcase name="totalValidation" time="56.538" classname="practice.AppiumFramework.Ecommerce_tc_4"/>
  <system-out/>
</testsuite> <!-- practice.AppiumFramework.Ecommerce_tc_4 -->
