<?xml version="1.0" encoding="UTF-8"?>
<!-- Generated by org.testng.reporters.JUnitReportReporter -->
<testsuite skipped="0" hostname="2QWX2H2-LPT" name="practice.AppiumFramework.basics" tests="1" failures="0" timestamp="2021-01-13T15:35:10 GMT" time="44.501" errors="0">
  <testcase name="validateWifi" time="44.501" classname="practice.AppiumFramework.basics"/>
  <system-out/>
</testsuite> <!-- practice.AppiumFramework.basics -->
