<?xml version="1.0" encoding="UTF-8"?>
<!-- Generated by org.testng.reporters.JUnitReportReporter -->
<testsuite skipped="0" hostname="2QWX2H2-LPT" name="practice.AppiumFramework.ApiDemoTest" tests="2" failures="0" timestamp="2021-01-14T14:46:57 GMT" time="71.407" errors="0">
  <testcase name="validateWifi" time="31.959" classname="practice.AppiumFramework.ApiDemoTest"/>
  <system-out/>
  <testcase name="validateWifi" time="39.448" classname="practice.AppiumFramework.ApiDemoTest"/>
  <system-out/>
</testsuite> <!-- practice.AppiumFramework.ApiDemoTest -->
