<?xml version="1.0" encoding="UTF-8"?>
<!-- Generated by org.testng.reporters.JUnitReportReporter -->
<testsuite skipped="0" hostname="2QWX2H2-LPT" name="practice.AppiumFramework.Ecommerce_tc_4" tests="1" failures="0" timestamp="2021-01-14T16:46:08 GMT" time="49.263" errors="0">
  <testcase name="totalValidation" time="49.263" classname="practice.AppiumFramework.Ecommerce_tc_4"/>
  <system-out/>
</testsuite> <!-- practice.AppiumFramework.Ecommerce_tc_4 -->
