<?xml version="1.0" encoding="UTF-8"?>
<!-- Generated by org.testng.reporters.JUnitReportReporter -->
<testsuite skipped="0" hostname="2QWX2H2-LPT" name="practice.AppiumFramework.ApiDemoTest" tests="2" failures="0" timestamp="2021-01-14T16:46:08 GMT" time="68.067" errors="0">
  <testcase name="validateWifi" time="33.956" classname="practice.AppiumFramework.ApiDemoTest"/>
  <system-out/>
  <testcase name="validateWifi" time="34.111" classname="practice.AppiumFramework.ApiDemoTest"/>
  <system-out/>
</testsuite> <!-- practice.AppiumFramework.ApiDemoTest -->
